running install
running bdist_egg
running egg_info
writing asciitree.egg-info/PKG-INFO
writing dependency_links to asciitree.egg-info/dependency_links.txt
writing top-level names to asciitree.egg-info/top_level.txt
reading manifest file 'asciitree.egg-info/SOURCES.txt'
reading manifest template 'MANIFEST.in'
adding license file 'LICENSE'
writing manifest file 'asciitree.egg-info/SOURCES.txt'
installing library code to build/bdist.linux-x86_64/egg
running install_lib
running build_py
creating build
creating build/lib
creating build/lib/asciitree
copying asciitree/util.py -> build/lib/asciitree
copying asciitree/traversal.py -> build/lib/asciitree
copying asciitree/drawing.py -> build/lib/asciitree
copying asciitree/__init__.py -> build/lib/asciitree
creating build/bdist.linux-x86_64
creating build/bdist.linux-x86_64/egg
creating build/bdist.linux-x86_64/egg/asciitree
copying build/lib/asciitree/util.py -> build/bdist.linux-x86_64/egg/asciitree
copying build/lib/asciitree/traversal.py -> build/bdist.linux-x86_64/egg/asciitree
copying build/lib/asciitree/drawing.py -> build/bdist.linux-x86_64/egg/asciitree
copying build/lib/asciitree/__init__.py -> build/bdist.linux-x86_64/egg/asciitree
byte-compiling build/bdist.linux-x86_64/egg/asciitree/util.py to util.cpython-39.pyc
byte-compiling build/bdist.linux-x86_64/egg/asciitree/traversal.py to traversal.cpython-39.pyc
byte-compiling build/bdist.linux-x86_64/egg/asciitree/drawing.py to drawing.cpython-39.pyc
byte-compiling build/bdist.linux-x86_64/egg/asciitree/__init__.py to __init__.cpython-39.pyc
creating build/bdist.linux-x86_64/egg/EGG-INFO
copying asciitree.egg-info/PKG-INFO -> build/bdist.linux-x86_64/egg/EGG-INFO
copying asciitree.egg-info/SOURCES.txt -> build/bdist.linux-x86_64/egg/EGG-INFO
copying asciitree.egg-info/dependency_links.txt -> build/bdist.linux-x86_64/egg/EGG-INFO
copying asciitree.egg-info/top_level.txt -> build/bdist.linux-x86_64/egg/EGG-INFO
zip_safe flag not set; analyzing archive contents...
creating dist
creating 'dist/asciitree-0.3.3-py3.9.egg' and adding 'build/bdist.linux-x86_64/egg' to it
removing 'build/bdist.linux-x86_64/egg' (and everything under it)
Processing asciitree-0.3.3-py3.9.egg
Copying asciitree-0.3.3-py3.9.egg to /src/packages/.artifacts/lib/python
Adding asciitree 0.3.3 to easy-install.pth file

Installed /src/packages/.artifacts/lib/python/asciitree-0.3.3-py3.9.egg
Processing dependencies for asciitree==0.3.3
Finished processing dependencies for asciitree==0.3.3
running install
running install_lib
creating install
creating install/lib
creating install/lib/python3.9
creating install/lib/python3.9/site-packages
creating install/lib/python3.9/site-packages/asciitree
copying build/lib/asciitree/util.py -> install/lib/python3.9/site-packages/asciitree
copying build/lib/asciitree/traversal.py -> install/lib/python3.9/site-packages/asciitree
copying build/lib/asciitree/drawing.py -> install/lib/python3.9/site-packages/asciitree
copying build/lib/asciitree/__init__.py -> install/lib/python3.9/site-packages/asciitree
byte-compiling install/lib/python3.9/site-packages/asciitree/util.py to util.cpython-39.pyc
byte-compiling install/lib/python3.9/site-packages/asciitree/traversal.py to traversal.cpython-39.pyc
byte-compiling install/lib/python3.9/site-packages/asciitree/drawing.py to drawing.cpython-39.pyc
byte-compiling install/lib/python3.9/site-packages/asciitree/__init__.py to __init__.cpython-39.pyc
running install_egg_info
running egg_info
writing asciitree.egg-info/PKG-INFO
writing dependency_links to asciitree.egg-info/dependency_links.txt
writing top-level names to asciitree.egg-info/top_level.txt
reading manifest file 'asciitree.egg-info/SOURCES.txt'
reading manifest template 'MANIFEST.in'
adding license file 'LICENSE'
writing manifest file 'asciitree.egg-info/SOURCES.txt'
Copying asciitree.egg-info to install/lib/python3.9/site-packages/asciitree-0.3.3-py3.9.egg-info
running install_scripts
Remember to build the main file with  -s FORCE_FILESYSTEM=1  so that it includes support for loading this file package
converting to ArrayBuffer
compressing package of size 7979
compressed package into 8465
compressed in 12 ms
[2021-12-18 02:04:09] Building package asciitree...
[2021-12-18 02:05:40] done building package asciitree in 90.9 s.
