running install
running bdist_egg
running egg_info
writing cycler.egg-info/PKG-INFO
writing dependency_links to cycler.egg-info/dependency_links.txt
writing requirements to cycler.egg-info/requires.txt
writing top-level names to cycler.egg-info/top_level.txt
reading manifest file 'cycler.egg-info/SOURCES.txt'
reading manifest template 'MANIFEST.in'
adding license file 'LICENSE'
writing manifest file 'cycler.egg-info/SOURCES.txt'
installing library code to build/bdist.linux-x86_64/egg
running install_lib
running build_py
creating build
creating build/lib
copying cycler.py -> build/lib
creating build/bdist.linux-x86_64
creating build/bdist.linux-x86_64/egg
copying build/lib/cycler.py -> build/bdist.linux-x86_64/egg
byte-compiling build/bdist.linux-x86_64/egg/cycler.py to cycler.cpython-39.pyc
creating build/bdist.linux-x86_64/egg/EGG-INFO
copying cycler.egg-info/PKG-INFO -> build/bdist.linux-x86_64/egg/EGG-INFO
copying cycler.egg-info/SOURCES.txt -> build/bdist.linux-x86_64/egg/EGG-INFO
copying cycler.egg-info/dependency_links.txt -> build/bdist.linux-x86_64/egg/EGG-INFO
copying cycler.egg-info/requires.txt -> build/bdist.linux-x86_64/egg/EGG-INFO
copying cycler.egg-info/top_level.txt -> build/bdist.linux-x86_64/egg/EGG-INFO
zip_safe flag not set; analyzing archive contents...
creating dist
creating 'dist/cycler-0.10.0-py3.9.egg' and adding 'build/bdist.linux-x86_64/egg' to it
removing 'build/bdist.linux-x86_64/egg' (and everything under it)
Processing cycler-0.10.0-py3.9.egg
Copying cycler-0.10.0-py3.9.egg to /src/packages/.artifacts/lib/python
Adding cycler 0.10.0 to easy-install.pth file

Installed /src/packages/.artifacts/lib/python/cycler-0.10.0-py3.9.egg
Processing dependencies for cycler==0.10.0
Searching for six==1.16.0
Best match: six 1.16.0
Processing six-1.16.0-py3.9.egg
six 1.16.0 is already the active version in easy-install.pth

Using /src/packages/.artifacts/lib/python/six-1.16.0-py3.9.egg
Finished processing dependencies for cycler==0.10.0
running install
running install_lib
creating install
creating install/lib
creating install/lib/python3.9
creating install/lib/python3.9/site-packages
copying build/lib/cycler.py -> install/lib/python3.9/site-packages
byte-compiling install/lib/python3.9/site-packages/cycler.py to cycler.cpython-39.pyc
running install_egg_info
running egg_info
writing cycler.egg-info/PKG-INFO
writing dependency_links to cycler.egg-info/dependency_links.txt
writing requirements to cycler.egg-info/requires.txt
writing top-level names to cycler.egg-info/top_level.txt
reading manifest file 'cycler.egg-info/SOURCES.txt'
reading manifest template 'MANIFEST.in'
adding license file 'LICENSE'
writing manifest file 'cycler.egg-info/SOURCES.txt'
Copying cycler.egg-info to install/lib/python3.9/site-packages/cycler-0.10.0-py3.9.egg-info
running install_scripts
Remember to build the main file with  -s FORCE_FILESYSTEM=1  so that it includes support for loading this file package
converting to ArrayBuffer
compressing package of size 17085
compressed package into 14107
compressed in 69 ms
[2021-12-18 03:59:31] Building package cycler...
[2021-12-18 04:00:47] done building package cycler in 76.1 s.
