running install
running bdist_egg
running egg_info
writing dataclasses.egg-info/PKG-INFO
writing dependency_links to dataclasses.egg-info/dependency_links.txt
writing top-level names to dataclasses.egg-info/top_level.txt
reading manifest file 'dataclasses.egg-info/SOURCES.txt'
reading manifest template 'MANIFEST.in'
adding license file 'LICENSE.txt'
writing manifest file 'dataclasses.egg-info/SOURCES.txt'
installing library code to build/bdist.linux-x86_64/egg
running install_lib
running build_py
creating build
creating build/lib
copying dataclasses.py -> build/lib
creating build/bdist.linux-x86_64
creating build/bdist.linux-x86_64/egg
copying build/lib/dataclasses.py -> build/bdist.linux-x86_64/egg
byte-compiling build/bdist.linux-x86_64/egg/dataclasses.py to dataclasses.cpython-39.pyc
creating build/bdist.linux-x86_64/egg/EGG-INFO
copying dataclasses.egg-info/PKG-INFO -> build/bdist.linux-x86_64/egg/EGG-INFO
copying dataclasses.egg-info/SOURCES.txt -> build/bdist.linux-x86_64/egg/EGG-INFO
copying dataclasses.egg-info/dependency_links.txt -> build/bdist.linux-x86_64/egg/EGG-INFO
copying dataclasses.egg-info/top_level.txt -> build/bdist.linux-x86_64/egg/EGG-INFO
zip_safe flag not set; analyzing archive contents...
creating dist
creating 'dist/dataclasses-0.8-py3.9.egg' and adding 'build/bdist.linux-x86_64/egg' to it
removing 'build/bdist.linux-x86_64/egg' (and everything under it)
Processing dataclasses-0.8-py3.9.egg
Copying dataclasses-0.8-py3.9.egg to /src/packages/.artifacts/lib/python
Adding dataclasses 0.8 to easy-install.pth file

Installed /src/packages/.artifacts/lib/python/dataclasses-0.8-py3.9.egg
Processing dependencies for dataclasses==0.8
Finished processing dependencies for dataclasses==0.8
running install
running install_lib
creating install
creating install/lib
creating install/lib/python3.9
creating install/lib/python3.9/site-packages
copying build/lib/dataclasses.py -> install/lib/python3.9/site-packages
byte-compiling install/lib/python3.9/site-packages/dataclasses.py to dataclasses.cpython-39.pyc
running install_egg_info
running egg_info
writing dataclasses.egg-info/PKG-INFO
writing dependency_links to dataclasses.egg-info/dependency_links.txt
writing top-level names to dataclasses.egg-info/top_level.txt
reading manifest file 'dataclasses.egg-info/SOURCES.txt'
reading manifest template 'MANIFEST.in'
adding license file 'LICENSE.txt'
writing manifest file 'dataclasses.egg-info/SOURCES.txt'
Copying dataclasses.egg-info to install/lib/python3.9/site-packages/dataclasses-0.8-py3.9.egg-info
running install_scripts
Remember to build the main file with  -s FORCE_FILESYSTEM=1  so that it includes support for loading this file package
converting to ArrayBuffer
compressing package of size 49234
compressed package into 33603
compressed in 57 ms
[2021-12-19 02:50:14] Building package dataclasses...
[2021-12-19 02:51:11] done building package dataclasses in 57.5 s.
