/usr/local/lib/python3.9/site-packages/setuptools/dist.py:691: UserWarning: Usage of dash-separated 'upload-dir' will not be supported in future versions. Please use the underscore name 'upload_dir' instead
  warnings.warn(
running install
running bdist_egg
running egg_info
writing src/decorator.egg-info/PKG-INFO
writing dependency_links to src/decorator.egg-info/dependency_links.txt
writing top-level names to src/decorator.egg-info/top_level.txt
reading manifest file 'src/decorator.egg-info/SOURCES.txt'
reading manifest template 'MANIFEST.in'
warning: no files found matching 'documentation.pdf'
adding license file 'LICENSE.txt'
writing manifest file 'src/decorator.egg-info/SOURCES.txt'
installing library code to build/bdist.linux-x86_64/egg
running install_lib
running build_py
creating build
creating build/lib
copying src/decorator.py -> build/lib
creating build/bdist.linux-x86_64
creating build/bdist.linux-x86_64/egg
copying build/lib/decorator.py -> build/bdist.linux-x86_64/egg
byte-compiling build/bdist.linux-x86_64/egg/decorator.py to decorator.cpython-39.pyc
creating build/bdist.linux-x86_64/egg/EGG-INFO
copying src/decorator.egg-info/PKG-INFO -> build/bdist.linux-x86_64/egg/EGG-INFO
copying src/decorator.egg-info/SOURCES.txt -> build/bdist.linux-x86_64/egg/EGG-INFO
copying src/decorator.egg-info/dependency_links.txt -> build/bdist.linux-x86_64/egg/EGG-INFO
copying src/decorator.egg-info/not-zip-safe -> build/bdist.linux-x86_64/egg/EGG-INFO
copying src/decorator.egg-info/pbr.json -> build/bdist.linux-x86_64/egg/EGG-INFO
copying src/decorator.egg-info/top_level.txt -> build/bdist.linux-x86_64/egg/EGG-INFO
creating dist
creating 'dist/decorator-4.4.2-py3.9.egg' and adding 'build/bdist.linux-x86_64/egg' to it
removing 'build/bdist.linux-x86_64/egg' (and everything under it)
Processing decorator-4.4.2-py3.9.egg
removing '/src/packages/.artifacts/lib/python/decorator-4.4.2-py3.9.egg' (and everything under it)
creating /src/packages/.artifacts/lib/python/decorator-4.4.2-py3.9.egg
Extracting decorator-4.4.2-py3.9.egg to /src/packages/.artifacts/lib/python
Removing decorator 5.0.9 from easy-install.pth file
Adding decorator 4.4.2 to easy-install.pth file

Installed /src/packages/.artifacts/lib/python/decorator-4.4.2-py3.9.egg
Processing dependencies for decorator==4.4.2
Finished processing dependencies for decorator==4.4.2
/usr/local/lib/python3.9/site-packages/setuptools/dist.py:691: UserWarning: Usage of dash-separated 'upload-dir' will not be supported in future versions. Please use the underscore name 'upload_dir' instead
  warnings.warn(
running install
running install_lib
creating install
creating install/lib
creating install/lib/python3.9
creating install/lib/python3.9/site-packages
copying build/lib/decorator.py -> install/lib/python3.9/site-packages
byte-compiling install/lib/python3.9/site-packages/decorator.py to decorator.cpython-39.pyc
running install_egg_info
running egg_info
writing src/decorator.egg-info/PKG-INFO
writing dependency_links to src/decorator.egg-info/dependency_links.txt
writing top-level names to src/decorator.egg-info/top_level.txt
reading manifest file 'src/decorator.egg-info/SOURCES.txt'
reading manifest template 'MANIFEST.in'
warning: no files found matching 'documentation.pdf'
adding license file 'LICENSE.txt'
writing manifest file 'src/decorator.egg-info/SOURCES.txt'
Copying src/decorator.egg-info to install/lib/python3.9/site-packages/decorator-4.4.2-py3.9.egg-info
running install_scripts
Remember to build the main file with  -s FORCE_FILESYSTEM=1  so that it includes support for loading this file package
converting to ArrayBuffer
compressing package of size 21854
compressed package into 17284
compressed in 100 ms
[2021-12-19 03:14:04] Building package decorator...
[2021-12-19 03:15:16] done building package decorator in 72.5 s.
