/usr/local/lib/python3.9/distutils/dist.py:274: UserWarning: Unknown distribution option: 'use_scm_version'
  warnings.warn(msg)
running install
running bdist_egg
running egg_info
writing src/iniconfig.egg-info/PKG-INFO
writing dependency_links to src/iniconfig.egg-info/dependency_links.txt
writing top-level names to src/iniconfig.egg-info/top_level.txt
reading manifest file 'src/iniconfig.egg-info/SOURCES.txt'
reading manifest template 'MANIFEST.in'
adding license file 'LICENSE'
writing manifest file 'src/iniconfig.egg-info/SOURCES.txt'
installing library code to build/bdist.linux-x86_64/egg
running install_lib
running build_py
creating build
creating build/lib
creating build/lib/iniconfig
copying src/iniconfig/__init__.py -> build/lib/iniconfig
copying src/iniconfig/__init__.pyi -> build/lib/iniconfig
copying src/iniconfig/py.typed -> build/lib/iniconfig
creating build/bdist.linux-x86_64
creating build/bdist.linux-x86_64/egg
creating build/bdist.linux-x86_64/egg/iniconfig
copying build/lib/iniconfig/__init__.pyi -> build/bdist.linux-x86_64/egg/iniconfig
copying build/lib/iniconfig/__init__.py -> build/bdist.linux-x86_64/egg/iniconfig
copying build/lib/iniconfig/py.typed -> build/bdist.linux-x86_64/egg/iniconfig
byte-compiling build/bdist.linux-x86_64/egg/iniconfig/__init__.py to __init__.cpython-39.pyc
creating build/bdist.linux-x86_64/egg/EGG-INFO
copying src/iniconfig.egg-info/PKG-INFO -> build/bdist.linux-x86_64/egg/EGG-INFO
copying src/iniconfig.egg-info/SOURCES.txt -> build/bdist.linux-x86_64/egg/EGG-INFO
copying src/iniconfig.egg-info/dependency_links.txt -> build/bdist.linux-x86_64/egg/EGG-INFO
copying src/iniconfig.egg-info/not-zip-safe -> build/bdist.linux-x86_64/egg/EGG-INFO
copying src/iniconfig.egg-info/top_level.txt -> build/bdist.linux-x86_64/egg/EGG-INFO
creating dist
creating 'dist/iniconfig-0.0.0-py3.9.egg' and adding 'build/bdist.linux-x86_64/egg' to it
removing 'build/bdist.linux-x86_64/egg' (and everything under it)
Processing iniconfig-0.0.0-py3.9.egg
creating /src/packages/.artifacts/lib/python/iniconfig-0.0.0-py3.9.egg
Extracting iniconfig-0.0.0-py3.9.egg to /src/packages/.artifacts/lib/python
Adding iniconfig 0.0.0 to easy-install.pth file

Installed /src/packages/.artifacts/lib/python/iniconfig-0.0.0-py3.9.egg
Processing dependencies for iniconfig==0.0.0
Finished processing dependencies for iniconfig==0.0.0
/usr/local/lib/python3.9/distutils/dist.py:274: UserWarning: Unknown distribution option: 'use_scm_version'
  warnings.warn(msg)
running install
running install_lib
creating install
creating install/lib
creating install/lib/python3.9
creating install/lib/python3.9/site-packages
creating install/lib/python3.9/site-packages/iniconfig
copying build/lib/iniconfig/__init__.pyi -> install/lib/python3.9/site-packages/iniconfig
copying build/lib/iniconfig/__init__.py -> install/lib/python3.9/site-packages/iniconfig
copying build/lib/iniconfig/py.typed -> install/lib/python3.9/site-packages/iniconfig
byte-compiling install/lib/python3.9/site-packages/iniconfig/__init__.py to __init__.cpython-39.pyc
running install_egg_info
running egg_info
writing src/iniconfig.egg-info/PKG-INFO
writing dependency_links to src/iniconfig.egg-info/dependency_links.txt
writing top-level names to src/iniconfig.egg-info/top_level.txt
reading manifest file 'src/iniconfig.egg-info/SOURCES.txt'
reading manifest template 'MANIFEST.in'
adding license file 'LICENSE'
writing manifest file 'src/iniconfig.egg-info/SOURCES.txt'
Copying src/iniconfig.egg-info to install/lib/python3.9/site-packages/iniconfig-0.0.0-py3.9.egg-info
running install_scripts
Remember to build the main file with  -s FORCE_FILESYSTEM=1  so that it includes support for loading this file package
converting to ArrayBuffer
compressing package of size 9300
compressed package into 9298
compressed in 66 ms
[2021-12-18 03:57:24] Building package iniconfig...
[2021-12-18 03:58:20] done building package iniconfig in 56.3 s.
