running install
running bdist_egg
running egg_info
writing kiwisolver.egg-info/PKG-INFO
writing dependency_links to kiwisolver.egg-info/dependency_links.txt
writing top-level names to kiwisolver.egg-info/top_level.txt
reading manifest file 'kiwisolver.egg-info/SOURCES.txt'
reading manifest template 'MANIFEST.in'
warning: no files found matching '*.png' under directory 'docs/source'
warning: manifest_maker: MANIFEST.in, line 11: unknown action 'recursive'

warning: manifest_maker: MANIFEST.in, line 12: unknown action 'recursive'

no previously-included directories found matching '.git'
no previously-included directories found matching 'dist'
no previously-included directories found matching 'build'
no previously-included directories found matching 'docs/build'
adding license file 'LICENSE'
writing manifest file 'kiwisolver.egg-info/SOURCES.txt'
installing library code to build/bdist.linux-x86_64/egg
running install_lib
running build_ext
building 'kiwisolver' extension
creating build
creating build/temp.linux-x86_64-3.9
creating build/temp.linux-x86_64-3.9/py
cc -Wno-unused-result -Wsign-compare -DNDEBUG -g -fwrapv -O3 -Wall -fPIC -I/src/packages/kiwisolver/build/kiwisolver-1.3.1/.eggs/cppy-1.1.0-py3.9.egg/cppy/include -I. -I/usr/local/include/python3.9 -c py/constraint.cpp -o build/temp.linux-x86_64-3.9/py/constraint.o -std=c++11
cc -Wno-unused-result -Wsign-compare -DNDEBUG -g -fwrapv -O3 -Wall -fPIC -I/src/packages/kiwisolver/build/kiwisolver-1.3.1/.eggs/cppy-1.1.0-py3.9.egg/cppy/include -I. -I/usr/local/include/python3.9 -c py/expression.cpp -o build/temp.linux-x86_64-3.9/py/expression.o -std=c++11
cc -Wno-unused-result -Wsign-compare -DNDEBUG -g -fwrapv -O3 -Wall -fPIC -I/src/packages/kiwisolver/build/kiwisolver-1.3.1/.eggs/cppy-1.1.0-py3.9.egg/cppy/include -I. -I/usr/local/include/python3.9 -c py/kiwisolver.cpp -o build/temp.linux-x86_64-3.9/py/kiwisolver.o -std=c++11
cc -Wno-unused-result -Wsign-compare -DNDEBUG -g -fwrapv -O3 -Wall -fPIC -I/src/packages/kiwisolver/build/kiwisolver-1.3.1/.eggs/cppy-1.1.0-py3.9.egg/cppy/include -I. -I/usr/local/include/python3.9 -c py/solver.cpp -o build/temp.linux-x86_64-3.9/py/solver.o -std=c++11
cc -Wno-unused-result -Wsign-compare -DNDEBUG -g -fwrapv -O3 -Wall -fPIC -I/src/packages/kiwisolver/build/kiwisolver-1.3.1/.eggs/cppy-1.1.0-py3.9.egg/cppy/include -I. -I/usr/local/include/python3.9 -c py/strength.cpp -o build/temp.linux-x86_64-3.9/py/strength.o -std=c++11
cc -Wno-unused-result -Wsign-compare -DNDEBUG -g -fwrapv -O3 -Wall -fPIC -I/src/packages/kiwisolver/build/kiwisolver-1.3.1/.eggs/cppy-1.1.0-py3.9.egg/cppy/include -I. -I/usr/local/include/python3.9 -c py/term.cpp -o build/temp.linux-x86_64-3.9/py/term.o -std=c++11
cc -Wno-unused-result -Wsign-compare -DNDEBUG -g -fwrapv -O3 -Wall -fPIC -I/src/packages/kiwisolver/build/kiwisolver-1.3.1/.eggs/cppy-1.1.0-py3.9.egg/cppy/include -I. -I/usr/local/include/python3.9 -c py/variable.cpp -o build/temp.linux-x86_64-3.9/py/variable.o -std=c++11
creating build/lib.linux-x86_64-3.9
c++ -pthread -shared -Wl,--strip-all build/temp.linux-x86_64-3.9/py/constraint.o build/temp.linux-x86_64-3.9/py/expression.o build/temp.linux-x86_64-3.9/py/kiwisolver.o build/temp.linux-x86_64-3.9/py/solver.o build/temp.linux-x86_64-3.9/py/strength.o build/temp.linux-x86_64-3.9/py/term.o build/temp.linux-x86_64-3.9/py/variable.o -L/usr/local/lib -o build/lib.linux-x86_64-3.9/kiwisolver.cpython-39-x86_64-linux-gnu.so
creating build/bdist.linux-x86_64
creating build/bdist.linux-x86_64/egg
copying build/lib.linux-x86_64-3.9/kiwisolver.cpython-39-x86_64-linux-gnu.so -> build/bdist.linux-x86_64/egg
creating stub loader for kiwisolver.cpython-39-x86_64-linux-gnu.so
byte-compiling build/bdist.linux-x86_64/egg/kiwisolver.py to kiwisolver.cpython-39.pyc
creating build/bdist.linux-x86_64/egg/EGG-INFO
copying kiwisolver.egg-info/PKG-INFO -> build/bdist.linux-x86_64/egg/EGG-INFO
copying kiwisolver.egg-info/SOURCES.txt -> build/bdist.linux-x86_64/egg/EGG-INFO
copying kiwisolver.egg-info/dependency_links.txt -> build/bdist.linux-x86_64/egg/EGG-INFO
copying kiwisolver.egg-info/top_level.txt -> build/bdist.linux-x86_64/egg/EGG-INFO
writing build/bdist.linux-x86_64/egg/EGG-INFO/native_libs.txt
zip_safe flag not set; analyzing archive contents...
__pycache__.kiwisolver.cpython-39: module references __file__
creating dist
creating 'dist/kiwisolver-1.3.1-py3.9-linux-x86_64.egg' and adding 'build/bdist.linux-x86_64/egg' to it
removing 'build/bdist.linux-x86_64/egg' (and everything under it)
Processing kiwisolver-1.3.1-py3.9-linux-x86_64.egg
creating /src/packages/.artifacts/lib/python/kiwisolver-1.3.1-py3.9-linux-x86_64.egg
Extracting kiwisolver-1.3.1-py3.9-linux-x86_64.egg to /src/packages/.artifacts/lib/python
Adding kiwisolver 1.3.1 to easy-install.pth file

Installed /src/packages/.artifacts/lib/python/kiwisolver-1.3.1-py3.9-linux-x86_64.egg
Processing dependencies for kiwisolver==1.3.1
Finished processing dependencies for kiwisolver==1.3.1
running install
running install_lib
creating install
creating install/lib
creating install/lib/python3.9
creating install/lib/python3.9/site-packages
copying build/lib.linux-x86_64-3.9/kiwisolver.so -> install/lib/python3.9/site-packages
running install_egg_info
running egg_info
writing kiwisolver.egg-info/PKG-INFO
writing dependency_links to kiwisolver.egg-info/dependency_links.txt
writing top-level names to kiwisolver.egg-info/top_level.txt
reading manifest file 'kiwisolver.egg-info/SOURCES.txt'
reading manifest template 'MANIFEST.in'
warning: no files found matching '*.png' under directory 'docs/source'
warning: manifest_maker: MANIFEST.in, line 11: unknown action 'recursive'

warning: manifest_maker: MANIFEST.in, line 12: unknown action 'recursive'

no previously-included directories found matching '.git'
no previously-included directories found matching 'dist'
no previously-included directories found matching 'build'
no previously-included directories found matching 'docs/build'
adding license file 'LICENSE'
writing manifest file 'kiwisolver.egg-info/SOURCES.txt'
Copying kiwisolver.egg-info to install/lib/python3.9/site-packages/kiwisolver-1.3.1-py3.9.egg-info
running install_scripts
em++ -O2 -g -fPIC -Wno-unused-result -Wsign-compare -DNDEBUG -g -fwrapv -Wall -fPIC -I/src/packages/kiwisolver/build/kiwisolver-1.3.1/.eggs/cppy-1.1.0-py3.9.egg/cppy/include -I. -I/src/cpython/installs/python-3.9.5/include/python3.9 -c py/constraint.cpp -o build/temp.linux-x86_64-3.9/py/constraint.o -std=c++11
em++ -O2 -g -fPIC -Wno-unused-result -Wsign-compare -DNDEBUG -g -fwrapv -Wall -fPIC -I/src/packages/kiwisolver/build/kiwisolver-1.3.1/.eggs/cppy-1.1.0-py3.9.egg/cppy/include -I. -I/src/cpython/installs/python-3.9.5/include/python3.9 -c py/expression.cpp -o build/temp.linux-x86_64-3.9/py/expression.o -std=c++11
em++ -O2 -g -fPIC -Wno-unused-result -Wsign-compare -DNDEBUG -g -fwrapv -Wall -fPIC -I/src/packages/kiwisolver/build/kiwisolver-1.3.1/.eggs/cppy-1.1.0-py3.9.egg/cppy/include -I. -I/src/cpython/installs/python-3.9.5/include/python3.9 -c py/kiwisolver.cpp -o build/temp.linux-x86_64-3.9/py/kiwisolver.o -std=c++11
em++ -O2 -g -fPIC -Wno-unused-result -Wsign-compare -DNDEBUG -g -fwrapv -Wall -fPIC -I/src/packages/kiwisolver/build/kiwisolver-1.3.1/.eggs/cppy-1.1.0-py3.9.egg/cppy/include -I. -I/src/cpython/installs/python-3.9.5/include/python3.9 -c py/solver.cpp -o build/temp.linux-x86_64-3.9/py/solver.o -std=c++11
em++ -O2 -g -fPIC -Wno-unused-result -Wsign-compare -DNDEBUG -g -fwrapv -Wall -fPIC -I/src/packages/kiwisolver/build/kiwisolver-1.3.1/.eggs/cppy-1.1.0-py3.9.egg/cppy/include -I. -I/src/cpython/installs/python-3.9.5/include/python3.9 -c py/strength.cpp -o build/temp.linux-x86_64-3.9/py/strength.o -std=c++11
em++ -O2 -g -fPIC -Wno-unused-result -Wsign-compare -DNDEBUG -g -fwrapv -Wall -fPIC -I/src/packages/kiwisolver/build/kiwisolver-1.3.1/.eggs/cppy-1.1.0-py3.9.egg/cppy/include -I. -I/src/cpython/installs/python-3.9.5/include/python3.9 -c py/term.cpp -o build/temp.linux-x86_64-3.9/py/term.o -std=c++11
em++ -O2 -g -fPIC -Wno-unused-result -Wsign-compare -DNDEBUG -g -fwrapv -Wall -fPIC -I/src/packages/kiwisolver/build/kiwisolver-1.3.1/.eggs/cppy-1.1.0-py3.9.egg/cppy/include -I. -I/src/cpython/installs/python-3.9.5/include/python3.9 -c py/variable.cpp -o build/temp.linux-x86_64-3.9/py/variable.o -std=c++11
em++ -s BINARYEN_EXTRA_PASSES="--pass-arg=max-func-params@61" -O2 -s MODULARIZE=1 -s EMULATE_FUNCTION_POINTER_CASTS=1 -s LINKABLE=1 -s EXPORT_ALL=1 -s WASM=1 -std=c++14 -s LZ4=1 -L /installs/python-3.9.5/lib/ -s SIDE_MODULE=1 build/temp.linux-x86_64-3.9/py/constraint.o build/temp.linux-x86_64-3.9/py/expression.o build/temp.linux-x86_64-3.9/py/kiwisolver.o build/temp.linux-x86_64-3.9/py/solver.o build/temp.linux-x86_64-3.9/py/strength.o build/temp.linux-x86_64-3.9/py/term.o build/temp.linux-x86_64-3.9/py/variable.o -o build/lib.linux-x86_64-3.9/kiwisolver.cpython-39-x86_64-linux-gnu.so
Remember to build the main file with  -s FORCE_FILESYSTEM=1  so that it includes support for loading this file package
converting to ArrayBuffer
compressing package of size 112949
compressed package into 63329
compressed in 91 ms
[2021-12-18 04:03:50] Building package kiwisolver...
[2021-12-18 04:15:13] done building package kiwisolver in 683.0 s.
