configure: ./configure CFLAGS=-fPIC --disable-dependency-tracking --disable-shared
checking for a BSD-compatible install... /usr/bin/install -c
checking whether build environment is sane... yes
checking for a thread-safe mkdir -p... /bin/mkdir -p
checking for gawk... no
checking for mawk... mawk
checking whether make sets $(MAKE)... yes
checking whether make supports nested variables... yes
checking whether make sets $(MAKE)... (cached) yes
checking for gcc... /src/emsdk/emsdk/upstream/emscripten/emcc
checking whether the C compiler works... yes
checking for C compiler default output file name... a.out
checking for suffix of executables... 
checking whether we are cross compiling... no
checking for suffix of object files... o
checking whether we are using the GNU C compiler... yes
checking whether /src/emsdk/emsdk/upstream/emscripten/emcc accepts -g... yes
checking for /src/emsdk/emsdk/upstream/emscripten/emcc option to accept ISO C89... none needed
checking whether /src/emsdk/emsdk/upstream/emscripten/emcc understands -c and -o together... yes
checking whether make supports the include directive... yes (GNU style)
checking dependency style of /src/emsdk/emsdk/upstream/emscripten/emcc... none
checking how to run the C preprocessor... /src/emsdk/emsdk/upstream/emscripten/emcc -E
checking for strip... /usr/bin/strip
checking build system type... x86_64-pc-linux-gnu
checking host system type... x86_64-pc-linux-gnu
checking for grep that handles long lines and -e... /bin/grep
checking for egrep... /bin/grep -E
checking for ANSI C header files... yes
checking for sys/types.h... yes
checking for sys/stat.h... yes
checking for stdlib.h... yes
checking for string.h... yes
checking for memory.h... yes
checking for strings.h... yes
checking for inttypes.h... yes
checking for stdint.h... yes
checking for unistd.h... yes
checking minix/config.h usability... no
checking minix/config.h presence... no
checking for minix/config.h... no
checking whether it is safe to define __EXTENSIONS__... yes
checking whether _XOPEN_SOURCE should be defined... no
checking for Minix Amsterdam compiler... no
checking for ar... /src/emsdk/emsdk/upstream/emscripten/emar
checking for special C compiler options needed for large files... no
checking for _FILE_OFFSET_BITS value needed for large files... no
checking how to print strings... printf
checking for a sed that does not truncate output... /bin/sed
checking for fgrep... /bin/grep -F
checking for ld used by /src/emsdk/emsdk/upstream/emscripten/emcc... /src/emsdk/emsdk/upstream/emscripten/emcc
checking if the linker (/src/emsdk/emsdk/upstream/emscripten/emcc) is GNU ld... yes
checking for BSD- or MS-compatible name lister (nm)... /src/emsdk/emsdk/upstream/bin/llvm-nm
checking the name lister (/src/emsdk/emsdk/upstream/bin/llvm-nm) interface... BSD nm
checking whether ln -s works... yes
checking the maximum length of command line arguments... 1572864
checking how to convert x86_64-pc-linux-gnu file names to x86_64-pc-linux-gnu format... func_convert_file_noop
checking how to convert x86_64-pc-linux-gnu file names to toolchain format... func_convert_file_noop
checking for /src/emsdk/emsdk/upstream/emscripten/emcc option to reload object files... -r
checking for objdump... objdump
checking how to recognize dependent libraries... pass_all
checking for dlltool... no
checking how to associate runtime and link libraries... printf %s\n
checking for archiver @FILE support... @
checking for strip... /usr/bin/strip
checking for ranlib... /src/emsdk/emsdk/upstream/emscripten/emranlib
checking command to parse /src/emsdk/emsdk/upstream/bin/llvm-nm output from /src/emsdk/emsdk/upstream/emscripten/emcc object... ok
checking for sysroot... no
checking for a working dd... /bin/dd
checking how to truncate binary pipes... /bin/dd bs=4096 count=1
checking for mt... no
checking if : is a manifest tool... no
checking for dlfcn.h... yes
checking for objdir... .libs
checking if /src/emsdk/emsdk/upstream/emscripten/emcc supports -fno-rtti -fno-exceptions... yes
checking for /src/emsdk/emsdk/upstream/emscripten/emcc option to produce PIC... -fPIC -DPIC
checking if /src/emsdk/emsdk/upstream/emscripten/emcc PIC flag -fPIC -DPIC works... yes
checking if /src/emsdk/emsdk/upstream/emscripten/emcc static flag -static works... yes
checking if /src/emsdk/emsdk/upstream/emscripten/emcc supports -c -o file.o... yes
checking if /src/emsdk/emsdk/upstream/emscripten/emcc supports -c -o file.o... (cached) yes
checking whether the /src/emsdk/emsdk/upstream/emscripten/emcc linker (/src/emsdk/emsdk/upstream/emscripten/emcc) supports shared libraries... emcc (Emscripten gcc/clang-like replacement + linker emulating GNU ld) 2.0.26 (5af6a110ee58ca4a6885fbcad830c92207fefea2)
clang version 13.0.0 (https://github.com/llvm/llvm-project 31e75512174e1bdaa242ee5c7f30fe56e68c3748)
Target: wasm32-unknown-emscripten
Thread model: posix
InstalledDir: /src/emsdk/emsdk/upstream/bin
yes
checking dynamic linker characteristics... GNU/Linux ld.so
checking how to hardcode library paths into programs... immediate
checking whether stripping libraries is possible... yes
checking if libtool supports shared libraries... yes
checking whether to build shared libraries... no
checking whether to build static libraries... yes
checking for ld... /src/emsdk/emsdk/upstream/emscripten/emcc
checking if the linker (/src/emsdk/emsdk/upstream/emscripten/emcc) is GNU ld... yes
checking for shared library path variable... LD_LIBRARY_PATH
checking whether to activate relocatable installation... no
checking how to copy files... cp -p
checking how to make hard links... ln
checking whether ln -s works... yes
checking for windres... no
checking whether the -Werror option is usable... yes
checking for simple visibility declarations... yes
checking for shared library run path origin... done
checking 32-bit host C ABI... yes
checking for the common suffixes of directories in the library search path... lib,lib
checking for iconv... yes
checking for working iconv... yes
checking for iconv declaration... 
         extern size_t iconv (iconv_t cd, char * *inbuf, size_t *inbytesleft, char * *outbuf, size_t *outbytesleft);
checking whether NLS is requested... yes
checking for msgfmt... no
checking for gmsgfmt... :
checking for xgettext... no
checking for msgmerge... no
checking for CFPreferencesCopyAppValue... no
checking for CFLocaleCopyCurrent... no
checking for CFLocaleCopyPreferredLanguages... no
checking for GNU gettext in libc... yes
checking whether to use NLS... yes
checking where the gettext function comes from... libc
checking for mbstate_t... yes
checking for wchar_t... yes
checking for getc_unlocked... yes
checking for mbrtowc... yes
checking for wcrtomb... yes
checking for mbsinit... yes
checking for setlocale... yes
checking whether <wchar.h> is standalone... yes
checking for memmove... yes
checking for nl_langinfo and CODESET... yes
checking for unistd.h... (cached) yes
checking for stdlib.h... (cached) yes
checking for string.h... (cached) yes
checking for sys/param.h... yes
checking for limits.h... yes
checking for sys/stat.h... (cached) yes
checking for sys/time.h... yes
checking for wchar.h... yes
checking for stdint.h... (cached) yes
checking for sys/socket.h... yes
checking for symlink... yes
checking for canonicalize_file_name... no
checking for getcwd... yes
checking for readlink... yes
checking for realpath... yes
checking for readlinkat... yes
checking for getprogname... no
checking for getexecname... no
checking for lstat... yes
checking for _set_invalid_parameter_handler... no
checking for setenv... yes
checking for working fcntl.h... no
checking for wchar.h... (cached) yes
checking for EILSEQ... yes
checking byte ordering... little endian
checking for size_t... yes
checking for working alloca.h... yes
checking for alloca... yes
checking whether // is distinct from /... no
checking whether realpath works... yes
checking if environ is properly declared... yes
checking whether the preprocessor supports include_next... yes
checking whether system header files limit the line length... no
checking for complete errno.h... yes
checking whether strerror_r is declared... yes
checking for strerror_r... yes
checking whether strerror_r returns char *... no
checking for pid_t... yes
checking for mode_t... yes
checking whether limits.h has LLONG_MAX, WORD_BIT, ULLONG_WIDTH etc.... no
checking whether lstat correctly handles trailing slash... yes
checking whether malloc, realloc, calloc are POSIX compliant... yes
checking for stdlib.h... (cached) yes
checking for GNU libc compatible malloc... yes
checking for unsigned long long int... yes
checking for long long int... yes
checking for sigset_t... yes
checking for SIGPIPE... yes
checking whether setenv is declared... yes
checking for ssize_t... yes
checking for uid_t in sys/types.h... yes
checking whether C symbols are prefixed with underscore at the linker level... no
checking whether stat file-mode macros are broken... no
checking for nlink_t... yes
checking for stdbool.h that conforms to C99... yes
checking for _Bool... yes
checking for wint_t... yes
checking whether wint_t is too small... no
checking whether stdint.h conforms to C99... no
checking sys/inttypes.h usability... no
checking sys/inttypes.h presence... no
checking for sys/inttypes.h... no
checking sys/bitypes.h usability... no
checking sys/bitypes.h presence... no
checking for sys/bitypes.h... no
checking for bit size of ptrdiff_t... 32
checking for bit size of size_t... 32
checking for bit size of sig_atomic_t... 32
checking for bit size of wchar_t... 32
checking for bit size of wint_t... 32
checking whether sig_atomic_t is signed... yes
checking whether wchar_t is signed... yes
checking whether wint_t is signed... no
checking for ptrdiff_t integer literal suffix... l
checking for size_t integer literal suffix... ul
checking for sig_atomic_t integer literal suffix... 
checking for wchar_t integer literal suffix... 
checking for wint_t integer literal suffix... u
checking whether strerror(0) succeeds... yes
checking for C/C++ restrict keyword... __restrict
checking for struct timespec in <time.h>... yes
checking whether clearerr_unlocked is declared... yes
checking whether feof_unlocked is declared... yes
checking whether ferror_unlocked is declared... yes
checking whether fflush_unlocked is declared... yes
checking whether fgets_unlocked is declared... yes
checking whether fputc_unlocked is declared... yes
checking whether fputs_unlocked is declared... yes
checking whether fread_unlocked is declared... yes
checking whether fwrite_unlocked is declared... yes
checking whether getc_unlocked is declared... yes
checking whether getchar_unlocked is declared... yes
checking whether putc_unlocked is declared... yes
checking whether putchar_unlocked is declared... yes
checking whether // is distinct from /... (cached) no
checking for error_at_line... no
checking whether program_invocation_name is declared... yes
checking whether program_invocation_short_name is declared... yes
checking whether __argv is declared... no
checking for mbstate_t... (cached) yes
checking whether program_invocation_name is declared... (cached) yes
checking whether program_invocation_short_name is declared... (cached) yes
checking for raise... yes
checking for sigprocmask... yes
checking whether readlink signature is correct... yes
checking whether readlink handles trailing slash correctly... yes
checking search.h usability... yes
checking search.h presence... yes
checking for search.h... yes
checking for tsearch... yes
checking for volatile sig_atomic_t... yes
checking for sighandler_t... yes
checking for sigprocmask... (cached) yes
checking for ssize_t... (cached) yes
checking whether stat handles trailing slashes on files... yes
checking for struct stat.st_atim.tv_nsec... yes
checking whether struct stat.st_atim is of type struct timespec... yes
checking for struct stat.st_birthtimespec.tv_nsec... no
checking for struct stat.st_birthtimensec... no
checking for struct stat.st_birthtim.tv_nsec... no
checking for good max_align_t... yes
checking whether NULL can be used in arbitrary expressions... yes
checking which flavor of printf attribute matches inttypes macros... system
checking for working strerror function... yes
checking for nlink_t... (cached) yes
checking that generated files are newer than configure... done
configure: creating ./config.status
config.status: creating Makefile
config.status: creating lib/Makefile
config.status: creating srclib/Makefile
config.status: creating src/Makefile
config.status: creating po/Makefile.in
config.status: creating man/Makefile
config.status: creating tests/Makefile
config.status: creating include/iconv.h
config.status: creating include/iconv.h.inst
config.status: creating config.h
config.status: creating lib/config.h
config.status: executing depfiles commands
config.status: executing libtool commands
config.status: executing po-directories commands
config.status: creating po/POTFILES
config.status: creating po/Makefile
=== configuring in libcharset (/src/packages/libiconv/build/libiconv-1.16/libcharset)
configure: running /bin/bash ./configure --disable-option-checking '--prefix=/usr/local'  'CFLAGS=-fPIC' '--disable-dependency-tracking' '--disable-shared' 'CC=/src/emsdk/emsdk/upstream/emscripten/emcc' --cache-file=/dev/null --srcdir=.
checking whether make sets $(MAKE)... yes
checking for gcc... /src/emsdk/emsdk/upstream/emscripten/emcc
checking whether the C compiler works... yes
checking for C compiler default output file name... a.out
checking for suffix of executables... 
checking whether we are cross compiling... no
checking for suffix of object files... o
checking whether we are using the GNU C compiler... yes
checking whether /src/emsdk/emsdk/upstream/emscripten/emcc accepts -g... yes
checking for /src/emsdk/emsdk/upstream/emscripten/emcc option to accept ISO C89... none needed
checking how to run the C preprocessor... /src/emsdk/emsdk/upstream/emscripten/emcc -E
checking for a BSD-compatible install... /usr/bin/install -c
checking build system type... x86_64-pc-linux-gnu
checking host system type... x86_64-pc-linux-gnu
checking for grep that handles long lines and -e... /bin/grep
checking for egrep... /bin/grep -E
checking for ANSI C header files... yes
checking for sys/types.h... yes
checking for sys/stat.h... yes
checking for stdlib.h... yes
checking for string.h... yes
checking for memory.h... yes
checking for strings.h... yes
checking for inttypes.h... yes
checking for stdint.h... yes
checking for unistd.h... yes
checking minix/config.h usability... no
checking minix/config.h presence... no
checking for minix/config.h... no
checking whether it is safe to define __EXTENSIONS__... yes
checking how to print strings... printf
checking for a sed that does not truncate output... /bin/sed
checking for fgrep... /bin/grep -F
checking for ld used by /src/emsdk/emsdk/upstream/emscripten/emcc... /src/emsdk/emsdk/upstream/emscripten/emcc
checking if the linker (/src/emsdk/emsdk/upstream/emscripten/emcc) is GNU ld... yes
checking for BSD- or MS-compatible name lister (nm)... /src/emsdk/emsdk/upstream/bin/llvm-nm
checking the name lister (/src/emsdk/emsdk/upstream/bin/llvm-nm) interface... BSD nm
checking whether ln -s works... yes
checking the maximum length of command line arguments... 1572864
checking how to convert x86_64-pc-linux-gnu file names to x86_64-pc-linux-gnu format... func_convert_file_noop
checking how to convert x86_64-pc-linux-gnu file names to toolchain format... func_convert_file_noop
checking for /src/emsdk/emsdk/upstream/emscripten/emcc option to reload object files... -r
checking for objdump... objdump
checking how to recognize dependent libraries... pass_all
checking for dlltool... no
checking how to associate runtime and link libraries... printf %s\n
checking for archiver @FILE support... @
checking for strip... strip
checking for ranlib... /src/emsdk/emsdk/upstream/emscripten/emranlib
checking for gawk... no
checking for mawk... mawk
checking command to parse /src/emsdk/emsdk/upstream/bin/llvm-nm output from /src/emsdk/emsdk/upstream/emscripten/emcc object... ok
checking for sysroot... no
checking for a working dd... /bin/dd
checking how to truncate binary pipes... /bin/dd bs=4096 count=1
checking for mt... no
checking if : is a manifest tool... no
checking for dlfcn.h... yes
checking for objdir... .libs
checking if /src/emsdk/emsdk/upstream/emscripten/emcc supports -fno-rtti -fno-exceptions... yes
checking for /src/emsdk/emsdk/upstream/emscripten/emcc option to produce PIC... -fPIC -DPIC
checking if /src/emsdk/emsdk/upstream/emscripten/emcc PIC flag -fPIC -DPIC works... yes
checking if /src/emsdk/emsdk/upstream/emscripten/emcc static flag -static works... yes
checking if /src/emsdk/emsdk/upstream/emscripten/emcc supports -c -o file.o... yes
checking if /src/emsdk/emsdk/upstream/emscripten/emcc supports -c -o file.o... (cached) yes
checking whether the /src/emsdk/emsdk/upstream/emscripten/emcc linker (/src/emsdk/emsdk/upstream/emscripten/emcc) supports shared libraries... emcc (Emscripten gcc/clang-like replacement + linker emulating GNU ld) 2.0.26 (5af6a110ee58ca4a6885fbcad830c92207fefea2)
clang version 13.0.0 (https://github.com/llvm/llvm-project 31e75512174e1bdaa242ee5c7f30fe56e68c3748)
Target: wasm32-unknown-emscripten
Thread model: posix
InstalledDir: /src/emsdk/emsdk/upstream/bin
yes
checking dynamic linker characteristics... GNU/Linux ld.so
checking how to hardcode library paths into programs... immediate
checking whether stripping libraries is possible... yes
checking if libtool supports shared libraries... yes
checking whether to build shared libraries... no
checking whether to build static libraries... yes
checking for ld... /src/emsdk/emsdk/upstream/emscripten/emcc
checking if the linker (/src/emsdk/emsdk/upstream/emscripten/emcc) is GNU ld... yes
checking for shared library path variable... LD_LIBRARY_PATH
checking whether to activate relocatable installation... no
checking whether the -Werror option is usable... yes
checking for simple visibility declarations... yes
checking for nl_langinfo and CODESET... yes
checking for unistd.h... (cached) yes
checking for symlink... yes
checking for working fcntl.h... no
checking whether we are using the GNU C Library >= 2.1 or uClibc... no
checking for setlocale... yes
configure: creating ./config.status
config.status: creating Makefile
config.status: creating lib/Makefile
config.status: creating include/localcharset.h
config.status: creating include/localcharset.h.inst
config.status: creating config.h
config.status: executing libtool commands
make: make -j 4
make[1]: Entering directory '/src/packages/libiconv/build/libiconv-1.16'
builddir="`pwd`"; cd libcharset && make all && make install-lib libdir="$builddir/lib" includedir="$builddir/lib"
make[2]: Entering directory '/src/packages/libiconv/build/libiconv-1.16/libcharset'
if [ ! -d include ] ; then mkdir include ; fi
cp ./include/libcharset.h.in include/libcharset.h
cd lib && make all
make[3]: Entering directory '/src/packages/libiconv/build/libiconv-1.16/libcharset/lib'
/bin/bash ../libtool --mode=compile /src/emsdk/emsdk/upstream/emscripten/emcc -I. -I. -I.. -I./.. -I../include -fPIC -fvisibility=hidden  -DBUILDING_LIBCHARSET -DHAVE_CONFIG_H -c ./localcharset.c
/bin/bash ../libtool --mode=compile /src/emsdk/emsdk/upstream/emscripten/emcc -I. -I. -I.. -I./.. -I../include -fPIC -fvisibility=hidden  -DBUILDING_LIBCHARSET -DHAVE_CONFIG_H -c ./relocatable-stub.c
libtool: compile:  /src/emsdk/emsdk/upstream/emscripten/emcc -I. -I. -I.. -I./.. -I../include -fPIC -fvisibility=hidden -DBUILDING_LIBCHARSET -DHAVE_CONFIG_H -c ./relocatable-stub.c -o relocatable-stub.o
libtool: compile:  /src/emsdk/emsdk/upstream/emscripten/emcc -I. -I. -I.. -I./.. -I../include -fPIC -fvisibility=hidden -DBUILDING_LIBCHARSET -DHAVE_CONFIG_H -c ./localcharset.c -o localcharset.o
/bin/bash ../libtool --mode=link /src/emsdk/emsdk/upstream/emscripten/emcc  -fPIC -fvisibility=hidden -o libcharset.la -rpath /usr/local/lib -version-info 1:0:0 -no-undefined localcharset.lo relocatable-stub.lo
libtool: link: /src/emsdk/emsdk/upstream/emscripten/emar cru .libs/libcharset.a  localcharset.o relocatable-stub.o
libtool: link: /src/emsdk/emsdk/upstream/emscripten/emranlib .libs/libcharset.a
libtool: link: ( cd ".libs" && rm -f "libcharset.la" && ln -s "../libcharset.la" "libcharset.la" )
make[3]: Leaving directory '/src/packages/libiconv/build/libiconv-1.16/libcharset/lib'
make[2]: Leaving directory '/src/packages/libiconv/build/libiconv-1.16/libcharset'
make[2]: Entering directory '/src/packages/libiconv/build/libiconv-1.16/libcharset'
cd lib && make all
make[3]: Entering directory '/src/packages/libiconv/build/libiconv-1.16/libcharset/lib'
make[3]: Nothing to be done for 'all'.
make[3]: Leaving directory '/src/packages/libiconv/build/libiconv-1.16/libcharset/lib'
cd lib && make install-lib libdir='/src/packages/libiconv/build/libiconv-1.16/lib' includedir='/src/packages/libiconv/build/libiconv-1.16/lib'
make[3]: Entering directory '/src/packages/libiconv/build/libiconv-1.16/libcharset/lib'
/bin/bash ../build-aux/mkinstalldirs /src/packages/libiconv/build/libiconv-1.16/lib
/bin/bash ../libtool --mode=install /usr/bin/install -c libcharset.la /src/packages/libiconv/build/libiconv-1.16/lib/libcharset.la
libtool: install: /usr/bin/install -c .libs/libcharset.lai /src/packages/libiconv/build/libiconv-1.16/lib/libcharset.la
libtool: install: /usr/bin/install -c .libs/libcharset.a /src/packages/libiconv/build/libiconv-1.16/lib/libcharset.a
libtool: install: chmod 644 /src/packages/libiconv/build/libiconv-1.16/lib/libcharset.a
libtool: install: /src/emsdk/emsdk/upstream/emscripten/emranlib /src/packages/libiconv/build/libiconv-1.16/lib/libcharset.a
libtool: warning: remember to run 'libtool --finish /usr/local/lib'
make[3]: Leaving directory '/src/packages/libiconv/build/libiconv-1.16/libcharset/lib'
/bin/bash ./build-aux/mkinstalldirs /src/packages/libiconv/build/libiconv-1.16/lib
/usr/bin/install -c -m 644 include/libcharset.h /src/packages/libiconv/build/libiconv-1.16/lib/libcharset.h
/usr/bin/install -c -m 644 include/localcharset.h.inst /src/packages/libiconv/build/libiconv-1.16/lib/localcharset.h
make[2]: Leaving directory '/src/packages/libiconv/build/libiconv-1.16/libcharset'
cd lib && make all
make[2]: Entering directory '/src/packages/libiconv/build/libiconv-1.16/lib'
/bin/bash ../libtool --mode=compile /src/emsdk/emsdk/upstream/emscripten/emcc -I. -I. -I../include -I./../include -I.. -I./..  -fPIC -fvisibility=hidden -DLIBDIR=\"/usr/local/lib\" -DBUILDING_LIBICONV -DBUILDING_DLL -DENABLE_RELOCATABLE=1 -DIN_LIBRARY -DINSTALLDIR=\"/usr/local/lib\" -DNO_XMALLOC -Dset_relocation_prefix=libiconv_set_relocation_prefix -Drelocate=libiconv_relocate -Drelocate2=libiconv_relocate2 -DHAVE_CONFIG_H -c ./iconv.c
/bin/bash ../libtool --mode=compile /src/emsdk/emsdk/upstream/emscripten/emcc -I. -I. -I../include -I./../include -I.. -I./..  -fPIC -fvisibility=hidden -DLIBDIR=\"/usr/local/lib\" -DBUILDING_LIBICONV -DBUILDING_DLL -DENABLE_RELOCATABLE=1 -DIN_LIBRARY -DINSTALLDIR=\"/usr/local/lib\" -DNO_XMALLOC -Dset_relocation_prefix=libiconv_set_relocation_prefix -Drelocate=libiconv_relocate -Drelocate2=libiconv_relocate2 -DHAVE_CONFIG_H -c ./../libcharset/lib/localcharset.c
/bin/bash ../libtool --mode=compile /src/emsdk/emsdk/upstream/emscripten/emcc -I. -I. -I../include -I./../include -I.. -I./..  -fPIC -fvisibility=hidden -DLIBDIR=\"/usr/local/lib\" -DBUILDING_LIBICONV -DBUILDING_DLL -DENABLE_RELOCATABLE=1 -DIN_LIBRARY -DINSTALLDIR=\"/usr/local/lib\" -DNO_XMALLOC -Dset_relocation_prefix=libiconv_set_relocation_prefix -Drelocate=libiconv_relocate -Drelocate2=libiconv_relocate2 -DHAVE_CONFIG_H -c ./relocatable.c
libtool: compile:  /src/emsdk/emsdk/upstream/emscripten/emcc -I. -I. -I../include -I./../include -I.. -I./.. -fPIC -fvisibility=hidden -DLIBDIR=\"/usr/local/lib\" -DBUILDING_LIBICONV -DBUILDING_DLL -DENABLE_RELOCATABLE=1 -DIN_LIBRARY -DINSTALLDIR=\"/usr/local/lib\" -DNO_XMALLOC -Dset_relocation_prefix=libiconv_set_relocation_prefix -Drelocate=libiconv_relocate -Drelocate2=libiconv_relocate2 -DHAVE_CONFIG_H -c ./../libcharset/lib/localcharset.c -o localcharset.o
libtool: compile:  /src/emsdk/emsdk/upstream/emscripten/emcc -I. -I. -I../include -I./../include -I.. -I./.. -fPIC -fvisibility=hidden -DLIBDIR=\"/usr/local/lib\" -DBUILDING_LIBICONV -DBUILDING_DLL -DENABLE_RELOCATABLE=1 -DIN_LIBRARY -DINSTALLDIR=\"/usr/local/lib\" -DNO_XMALLOC -Dset_relocation_prefix=libiconv_set_relocation_prefix -Drelocate=libiconv_relocate -Drelocate2=libiconv_relocate2 -DHAVE_CONFIG_H -c ./iconv.c -o iconv.o
libtool: compile:  /src/emsdk/emsdk/upstream/emscripten/emcc -I. -I. -I../include -I./../include -I.. -I./.. -fPIC -fvisibility=hidden -DLIBDIR=\"/usr/local/lib\" -DBUILDING_LIBICONV -DBUILDING_DLL -DENABLE_RELOCATABLE=1 -DIN_LIBRARY -DINSTALLDIR=\"/usr/local/lib\" -DNO_XMALLOC -Dset_relocation_prefix=libiconv_set_relocation_prefix -Drelocate=libiconv_relocate -Drelocate2=libiconv_relocate2 -DHAVE_CONFIG_H -c ./relocatable.c -o relocatable.o
In file included from ./iconv.c:71:
In file included from ./converters.h:245:
In file included from ./cp950.h:129:
./cp950ext.h:38:11: warning: equality comparison with extraneous parentheses [-Wparentheses-equality]
  if ((c1 == 0xf9)) {
       ~~~^~~~~~~
./cp950ext.h:38:11: note: remove extraneous parentheses around the comparison to silence this warning
  if ((c1 == 0xf9)) {
      ~   ^      ~
./cp950ext.h:38:11: note: use '=' to turn this equality comparison into an assignment
  if ((c1 == 0xf9)) {
          ^~
          =
In file included from ./iconv.c:71:
In file included from ./converters.h:247:
In file included from ./big5hkscs2001.h:47:
./hkscs2001.h:62:11: warning: equality comparison with extraneous parentheses [-Wparentheses-equality]
  if ((c1 == 0x8c)) {
       ~~~^~~~~~~
./hkscs2001.h:62:11: note: remove extraneous parentheses around the comparison to silence this warning
  if ((c1 == 0x8c)) {
      ~   ^      ~
./hkscs2001.h:62:11: note: use '=' to turn this equality comparison into an assignment
  if ((c1 == 0x8c)) {
          ^~
          =
In file included from ./iconv.c:71:
In file included from ./converters.h:249:
In file included from ./big5hkscs2008.h:47:
./hkscs2008.h:58:11: warning: equality comparison with extraneous parentheses [-Wparentheses-equality]
  if ((c1 == 0x87)) {
       ~~~^~~~~~~
./hkscs2008.h:58:11: note: remove extraneous parentheses around the comparison to silence this warning
  if ((c1 == 0x87)) {
      ~   ^      ~
./hkscs2008.h:58:11: note: use '=' to turn this equality comparison into an assignment
  if ((c1 == 0x87)) {
          ^~
          =
3 warnings generated.
/bin/bash ../libtool --mode=link /src/emsdk/emsdk/upstream/emscripten/emcc  -fPIC -fvisibility=hidden -o libiconv.la -rpath /usr/local/lib -version-info 8:1:6 -no-undefined iconv.lo localcharset.lo relocatable.lo  
libtool: link: /src/emsdk/emsdk/upstream/emscripten/emar cru .libs/libiconv.a  iconv.o localcharset.o relocatable.o
libtool: link: /src/emsdk/emsdk/upstream/emscripten/emranlib .libs/libiconv.a
libtool: link: ( cd ".libs" && rm -f "libiconv.la" && ln -s "../libiconv.la" "libiconv.la" )
make[2]: Leaving directory '/src/packages/libiconv/build/libiconv-1.16/lib'
cd srclib && make all
make[2]: Entering directory '/src/packages/libiconv/build/libiconv-1.16/srclib'
rm -f alloca.h-t alloca.h && \
{ echo '/* DO NOT EDIT! GENERATED AUTOMATICALLY! */'; \
  sed -e 's|@''HAVE_ALLOCA_H''@||g' < ./alloca.in.h; \
} > alloca.h-t && \
mv -f alloca.h-t alloca.h
rm -f fcntl.h-t fcntl.h && \
{ echo '/* DO NOT EDIT! GENERATED AUTOMATICALLY! */'; \
  sed -e 's|@''GUARD_PREFIX''@|GL|g' \
      -e 's|@''INCLUDE_NEXT''@|include_next|g' \
      -e 's|@''PRAGMA_SYSTEM_HEADER''@|#pragma GCC system_header|g' \
      -e 's|@''PRAGMA_COLUMNS''@||g' \
      -e 's|@''NEXT_FCNTL_H''@|<fcntl.h>|g' \
      -e 's/@''GNULIB_FCNTL''@/0/g' \
      -e 's/@''GNULIB_NONBLOCKING''@/0/g' \
      -e 's/@''GNULIB_OPEN''@/0/g' \
      -e 's/@''GNULIB_OPENAT''@/0/g' \
      -e 's|@''HAVE_FCNTL''@|1|g' \
      -e 's|@''HAVE_OPENAT''@|1|g' \
      -e 's|@''REPLACE_FCNTL''@|0|g' \
      -e 's|@''REPLACE_OPEN''@|0|g' \
      -e 's|@''REPLACE_OPENAT''@|0|g' \
      -e '/definitions of _GL_FUNCDECL_RPL/r ./c++defs.h' \
      -e '/definition of _GL_ARG_NONNULL/r ./arg-nonnull.h' \
      -e '/definition of _GL_WARN_ON_USE/r ./warn-on-use.h' \
      < ./fcntl.in.h; \
} > fcntl.h-t && \
mv fcntl.h-t fcntl.h
rm -f limits.h-t limits.h && \
{ echo '/* DO NOT EDIT! GENERATED AUTOMATICALLY! */' && \
  sed -e 's|@''GUARD_PREFIX''@|GL|g' \
      -e 's|@''INCLUDE_NEXT''@|include_next|g' \
      -e 's|@''PRAGMA_SYSTEM_HEADER''@|#pragma GCC system_header|g' \
      -e 's|@''PRAGMA_COLUMNS''@||g' \
      -e 's|@''NEXT_LIMITS_H''@|<limits.h>|g' \
      < ./limits.in.h; \
} > limits.h-t && \
mv limits.h-t limits.h
rm -f signal.h-t signal.h && \
{ echo '/* DO NOT EDIT! GENERATED AUTOMATICALLY! */' && \
  sed -e 's|@''GUARD_PREFIX''@|GL|g' \
      -e 's|@''INCLUDE_NEXT''@|include_next|g' \
      -e 's|@''PRAGMA_SYSTEM_HEADER''@|#pragma GCC system_header|g' \
      -e 's|@''PRAGMA_COLUMNS''@||g' \
      -e 's|@''NEXT_SIGNAL_H''@|<signal.h>|g' \
      -e 's/@''GNULIB_PTHREAD_SIGMASK''@/0/g' \
      -e 's/@''GNULIB_RAISE''@/1/g' \
      -e 's/@''GNULIB_SIGNAL_H_SIGPIPE''@/1/g' \
      -e 's/@''GNULIB_SIGPROCMASK''@/1/g' \
      -e 's/@''GNULIB_SIGACTION''@/0/g' \
      -e 's|@''HAVE_POSIX_SIGNALBLOCKING''@|1|g' \
      -e 's|@''HAVE_PTHREAD_SIGMASK''@|1|g' \
      -e 's|@''HAVE_RAISE''@|1|g' \
      -e 's|@''HAVE_SIGSET_T''@|1|g' \
      -e 's|@''HAVE_SIGINFO_T''@|1|g' \
      -e 's|@''HAVE_SIGACTION''@|1|g' \
      -e 's|@''HAVE_STRUCT_SIGACTION_SA_SIGACTION''@|1|g' \
      -e 's|@''HAVE_TYPE_VOLATILE_SIG_ATOMIC_T''@|1|g' \
      -e 's|@''HAVE_SIGHANDLER_T''@|1|g' \
      -e 's|@''REPLACE_PTHREAD_SIGMASK''@|0|g' \
      -e 's|@''REPLACE_RAISE''@|0|g' \
      -e '/definitions of _GL_FUNCDECL_RPL/r ./c++defs.h' \
      -e '/definition of _GL_ARG_NONNULL/r ./arg-nonnull.h' \
      -e '/definition of _GL_WARN_ON_USE/r ./warn-on-use.h' \
      < ./signal.in.h; \
} > signal.h-t && \
mv signal.h-t signal.h
rm -f stdint.h-t stdint.h && \
{ echo '/* DO NOT EDIT! GENERATED AUTOMATICALLY! */'; \
  sed -e 's|@''GUARD_PREFIX''@|GL|g' \
      -e 's/@''HAVE_STDINT_H''@/1/g' \
      -e 's|@''INCLUDE_NEXT''@|include_next|g' \
      -e 's|@''PRAGMA_SYSTEM_HEADER''@|#pragma GCC system_header|g' \
      -e 's|@''PRAGMA_COLUMNS''@||g' \
      -e 's|@''NEXT_STDINT_H''@|<stdint.h>|g' \
      -e 's/@''HAVE_C99_STDINT_H''@/0/g' \
      -e 's/@''HAVE_SYS_TYPES_H''@/1/g' \
      -e 's/@''HAVE_INTTYPES_H''@/1/g' \
      -e 's/@''HAVE_SYS_INTTYPES_H''@/0/g' \
      -e 's/@''HAVE_SYS_BITYPES_H''@/0/g' \
      -e 's/@''HAVE_WCHAR_H''@/1/g' \
      -e 's/@''HAVE_LONG_LONG_INT''@/1/g' \
      -e 's/@''HAVE_UNSIGNED_LONG_LONG_INT''@/1/g' \
      -e 's/@''APPLE_UNIVERSAL_BUILD''@/0/g' \
      -e 's/@''BITSIZEOF_PTRDIFF_T''@/32/g' \
      -e 's/@''PTRDIFF_T_SUFFIX''@/l/g' \
      -e 's/@''BITSIZEOF_SIG_ATOMIC_T''@/32/g' \
      -e 's/@''HAVE_SIGNED_SIG_ATOMIC_T''@/1/g' \
      -e 's/@''SIG_ATOMIC_T_SUFFIX''@//g' \
      -e 's/@''BITSIZEOF_SIZE_T''@/32/g' \
      -e 's/@''SIZE_T_SUFFIX''@/ul/g' \
      -e 's/@''BITSIZEOF_WCHAR_T''@/32/g' \
      -e 's/@''HAVE_SIGNED_WCHAR_T''@/1/g' \
      -e 's/@''WCHAR_T_SUFFIX''@//g' \
      -e 's/@''BITSIZEOF_WINT_T''@/32/g' \
      -e 's/@''HAVE_SIGNED_WINT_T''@/0/g' \
      -e 's/@''WINT_T_SUFFIX''@/u/g' \
      -e 's/@''GNULIB_OVERRIDES_WINT_T''@/0/g' \
      < ./stdint.in.h; \
} > stdint.h-t && \
mv stdint.h-t stdint.h
rm -f stdio.h-t stdio.h && \
{ echo '/* DO NOT EDIT! GENERATED AUTOMATICALLY! */' && \
  sed -e 's|@''GUARD_PREFIX''@|GL|g' \
      -e 's|@''INCLUDE_NEXT''@|include_next|g' \
      -e 's|@''PRAGMA_SYSTEM_HEADER''@|#pragma GCC system_header|g' \
      -e 's|@''PRAGMA_COLUMNS''@||g' \
      -e 's|@''NEXT_STDIO_H''@|<stdio.h>|g' \
      -e 's/@''GNULIB_DPRINTF''@/0/g' \
      -e 's/@''GNULIB_FCLOSE''@/0/g' \
      -e 's/@''GNULIB_FDOPEN''@/0/g' \
      -e 's/@''GNULIB_FFLUSH''@/0/g' \
      -e 's/@''GNULIB_FGETC''@/1/g' \
      -e 's/@''GNULIB_FGETS''@/1/g' \
      -e 's/@''GNULIB_FOPEN''@/0/g' \
      -e 's/@''GNULIB_FPRINTF''@/1/g' \
      -e 's/@''GNULIB_FPRINTF_POSIX''@/0/g' \
      -e 's/@''GNULIB_FPURGE''@/0/g' \
      -e 's/@''GNULIB_FPUTC''@/1/g' \
      -e 's/@''GNULIB_FPUTS''@/1/g' \
      -e 's/@''GNULIB_FREAD''@/1/g' \
      -e 's/@''GNULIB_FREOPEN''@/0/g' \
      -e 's/@''GNULIB_FSCANF''@/1/g' \
      -e 's/@''GNULIB_FSEEK''@/0/g' \
      -e 's/@''GNULIB_FSEEKO''@/0/g' \
      -e 's/@''GNULIB_FTELL''@/0/g' \
      -e 's/@''GNULIB_FTELLO''@/0/g' \
      -e 's/@''GNULIB_FWRITE''@/1/g' \
      -e 's/@''GNULIB_GETC''@/1/g' \
      -e 's/@''GNULIB_GETCHAR''@/1/g' \
      -e 's/@''GNULIB_GETDELIM''@/0/g' \
      -e 's/@''GNULIB_GETLINE''@/0/g' \
      -e 's/@''GNULIB_OBSTACK_PRINTF''@/0/g' \
      -e 's/@''GNULIB_OBSTACK_PRINTF_POSIX''@/0/g' \
      -e 's/@''GNULIB_PCLOSE''@/0/g' \
      -e 's/@''GNULIB_PERROR''@/0/g' \
      -e 's/@''GNULIB_POPEN''@/0/g' \
      -e 's/@''GNULIB_PRINTF''@/1/g' \
      -e 's/@''GNULIB_PRINTF_POSIX''@/0/g' \
      -e 's/@''GNULIB_PUTC''@/1/g' \
      -e 's/@''GNULIB_PUTCHAR''@/1/g' \
      -e 's/@''GNULIB_PUTS''@/1/g' \
      -e 's/@''GNULIB_REMOVE''@/0/g' \
      -e 's/@''GNULIB_RENAME''@/0/g' \
      -e 's/@''GNULIB_RENAMEAT''@/0/g' \
      -e 's/@''GNULIB_SCANF''@/1/g' \
      -e 's/@''GNULIB_SNPRINTF''@/0/g' \
      -e 's/@''GNULIB_SPRINTF_POSIX''@/0/g' \
      -e 's/@''GNULIB_STDIO_H_NONBLOCKING''@/0/g' \
      -e 's/@''GNULIB_STDIO_H_SIGPIPE''@/1/g' \
      -e 's/@''GNULIB_TMPFILE''@/0/g' \
      -e 's/@''GNULIB_VASPRINTF''@/0/g' \
      -e 's/@''GNULIB_VDPRINTF''@/0/g' \
      -e 's/@''GNULIB_VFPRINTF''@/1/g' \
      -e 's/@''GNULIB_VFPRINTF_POSIX''@/0/g' \
      -e 's/@''GNULIB_VFSCANF''@/0/g' \
      -e 's/@''GNULIB_VSCANF''@/0/g' \
      -e 's/@''GNULIB_VPRINTF''@/1/g' \
      -e 's/@''GNULIB_VPRINTF_POSIX''@/0/g' \
      -e 's/@''GNULIB_VSNPRINTF''@/0/g' \
      -e 's/@''GNULIB_VSPRINTF_POSIX''@/0/g' \
      < ./stdio.in.h | \
  sed -e 's|@''HAVE_DECL_FPURGE''@|1|g' \
      -e 's|@''HAVE_DECL_FSEEKO''@|1|g' \
      -e 's|@''HAVE_DECL_FTELLO''@|1|g' \
      -e 's|@''HAVE_DECL_GETDELIM''@|1|g' \
      -e 's|@''HAVE_DECL_GETLINE''@|1|g' \
      -e 's|@''HAVE_DECL_OBSTACK_PRINTF''@|1|g' \
      -e 's|@''HAVE_DECL_SNPRINTF''@|1|g' \
      -e 's|@''HAVE_DECL_VSNPRINTF''@|1|g' \
      -e 's|@''HAVE_DPRINTF''@|1|g' \
      -e 's|@''HAVE_FSEEKO''@|1|g' \
      -e 's|@''HAVE_FTELLO''@|1|g' \
      -e 's|@''HAVE_PCLOSE''@|1|g' \
      -e 's|@''HAVE_POPEN''@|1|g' \
      -e 's|@''HAVE_RENAMEAT''@|1|g' \
      -e 's|@''HAVE_VASPRINTF''@|1|g' \
      -e 's|@''HAVE_VDPRINTF''@|1|g' \
      -e 's|@''REPLACE_DPRINTF''@|0|g' \
      -e 's|@''REPLACE_FCLOSE''@|0|g' \
      -e 's|@''REPLACE_FDOPEN''@|0|g' \
      -e 's|@''REPLACE_FFLUSH''@|0|g' \
      -e 's|@''REPLACE_FOPEN''@|0|g' \
      -e 's|@''REPLACE_FPRINTF''@|0|g' \
      -e 's|@''REPLACE_FPURGE''@|0|g' \
      -e 's|@''REPLACE_FREOPEN''@|0|g' \
      -e 's|@''REPLACE_FSEEK''@|0|g' \
      -e 's|@''REPLACE_FSEEKO''@|0|g' \
      -e 's|@''REPLACE_FTELL''@|0|g' \
      -e 's|@''REPLACE_FTELLO''@|0|g' \
      -e 's|@''REPLACE_GETDELIM''@|0|g' \
      -e 's|@''REPLACE_GETLINE''@|0|g' \
      -e 's|@''REPLACE_OBSTACK_PRINTF''@|0|g' \
      -e 's|@''REPLACE_PERROR''@|0|g' \
      -e 's|@''REPLACE_POPEN''@|0|g' \
      -e 's|@''REPLACE_PRINTF''@|0|g' \
      -e 's|@''REPLACE_REMOVE''@|0|g' \
      -e 's|@''REPLACE_RENAME''@|0|g' \
      -e 's|@''REPLACE_RENAMEAT''@|0|g' \
      -e 's|@''REPLACE_SNPRINTF''@|0|g' \
      -e 's|@''REPLACE_SPRINTF''@|0|g' \
      -e 's|@''REPLACE_STDIO_READ_FUNCS''@|0|g' \
      -e 's|@''REPLACE_STDIO_WRITE_FUNCS''@|0|g' \
      -e 's|@''REPLACE_TMPFILE''@|0|g' \
      -e 's|@''REPLACE_VASPRINTF''@|0|g' \
      -e 's|@''REPLACE_VDPRINTF''@|0|g' \
      -e 's|@''REPLACE_VFPRINTF''@|0|g' \
      -e 's|@''REPLACE_VPRINTF''@|0|g' \
      -e 's|@''REPLACE_VSNPRINTF''@|0|g' \
      -e 's|@''REPLACE_VSPRINTF''@|0|g' \
      -e 's|@''ASM_SYMBOL_PREFIX''@|""|g' \
      -e '/definitions of _GL_FUNCDECL_RPL/r ./c++defs.h' \
      -e '/definition of _GL_ARG_NONNULL/r ./arg-nonnull.h' \
      -e '/definition of _GL_WARN_ON_USE/r ./warn-on-use.h'; \
} > stdio.h-t && \
mv stdio.h-t stdio.h
rm -f stdlib.h-t stdlib.h && \
{ echo '/* DO NOT EDIT! GENERATED AUTOMATICALLY! */' && \
  sed -e 's|@''GUARD_PREFIX''@|GL|g' \
      -e 's|@''INCLUDE_NEXT''@|include_next|g' \
      -e 's|@''PRAGMA_SYSTEM_HEADER''@|#pragma GCC system_header|g' \
      -e 's|@''PRAGMA_COLUMNS''@||g' \
      -e 's|@''NEXT_STDLIB_H''@|<stdlib.h>|g' \
      -e 's/@''GNULIB__EXIT''@/0/g' \
      -e 's/@''GNULIB_ATOLL''@/0/g' \
      -e 's/@''GNULIB_CALLOC_POSIX''@/0/g' \
      -e 's/@''GNULIB_CANONICALIZE_FILE_NAME''@/1/g' \
      -e 's/@''GNULIB_GETLOADAVG''@/0/g' \
      -e 's/@''GNULIB_GETSUBOPT''@/0/g' \
      -e 's/@''GNULIB_GRANTPT''@/0/g' \
      -e 's/@''GNULIB_MALLOC_POSIX''@/1/g' \
      -e 's/@''GNULIB_MBTOWC''@/0/g' \
      -e 's/@''GNULIB_MKDTEMP''@/0/g' \
      -e 's/@''GNULIB_MKOSTEMP''@/0/g' \
      -e 's/@''GNULIB_MKOSTEMPS''@/0/g' \
      -e 's/@''GNULIB_MKSTEMP''@/0/g' \
      -e 's/@''GNULIB_MKSTEMPS''@/0/g' \
      -e 's/@''GNULIB_POSIX_OPENPT''@/0/g' \
      -e 's/@''GNULIB_PTSNAME''@/0/g' \
      -e 's/@''GNULIB_PTSNAME_R''@/0/g' \
      -e 's/@''GNULIB_PUTENV''@/0/g' \
      -e 's/@''GNULIB_QSORT_R''@/0/g' \
      -e 's/@''GNULIB_RANDOM''@/0/g' \
      -e 's/@''GNULIB_RANDOM_R''@/0/g' \
      -e 's/@''GNULIB_REALLOC_POSIX''@/0/g' \
      -e 's/@''GNULIB_REALLOCARRAY''@/0/g' \
      -e 's/@''GNULIB_REALPATH''@/1/g' \
      -e 's/@''GNULIB_RPMATCH''@/0/g' \
      -e 's/@''GNULIB_SECURE_GETENV''@/0/g' \
      -e 's/@''GNULIB_SETENV''@/0/g' \
      -e 's/@''GNULIB_STRTOD''@/0/g' \
      -e 's/@''GNULIB_STRTOLD''@/0/g' \
      -e 's/@''GNULIB_STRTOLL''@/0/g' \
      -e 's/@''GNULIB_STRTOULL''@/0/g' \
      -e 's/@''GNULIB_SYSTEM_POSIX''@/0/g' \
      -e 's/@''GNULIB_UNLOCKPT''@/0/g' \
      -e 's/@''GNULIB_UNSETENV''@/0/g' \
      -e 's/@''GNULIB_WCTOMB''@/0/g' \
      < ./stdlib.in.h | \
  sed -e 's|@''HAVE__EXIT''@|1|g' \
      -e 's|@''HAVE_ATOLL''@|1|g' \
      -e 's|@''HAVE_CANONICALIZE_FILE_NAME''@|0|g' \
      -e 's|@''HAVE_DECL_GETLOADAVG''@|1|g' \
      -e 's|@''HAVE_GETSUBOPT''@|1|g' \
      -e 's|@''HAVE_GRANTPT''@|1|g' \
      -e 's|@''HAVE_INITSTATE''@|1|g' \
      -e 's|@''HAVE_DECL_INITSTATE''@|1|g' \
      -e 's|@''HAVE_MBTOWC''@|1|g' \
      -e 's|@''HAVE_MKDTEMP''@|1|g' \
      -e 's|@''HAVE_MKOSTEMP''@|1|g' \
      -e 's|@''HAVE_MKOSTEMPS''@|1|g' \
      -e 's|@''HAVE_MKSTEMP''@|1|g' \
      -e 's|@''HAVE_MKSTEMPS''@|1|g' \
      -e 's|@''HAVE_POSIX_OPENPT''@|1|g' \
      -e 's|@''HAVE_PTSNAME''@|1|g' \
      -e 's|@''HAVE_PTSNAME_R''@|1|g' \
      -e 's|@''HAVE_QSORT_R''@|1|g' \
      -e 's|@''HAVE_RANDOM''@|1|g' \
      -e 's|@''HAVE_RANDOM_H''@|1|g' \
      -e 's|@''HAVE_RANDOM_R''@|1|g' \
      -e 's|@''HAVE_REALLOCARRAY''@|1|g' \
      -e 's|@''HAVE_REALPATH''@|1|g' \
      -e 's|@''HAVE_RPMATCH''@|1|g' \
      -e 's|@''HAVE_SECURE_GETENV''@|1|g' \
      -e 's|@''HAVE_DECL_SETENV''@|1|g' \
      -e 's|@''HAVE_SETSTATE''@|1|g' \
      -e 's|@''HAVE_DECL_SETSTATE''@|1|g' \
      -e 's|@''HAVE_STRTOD''@|1|g' \
      -e 's|@''HAVE_STRTOLD''@|1|g' \
      -e 's|@''HAVE_STRTOLL''@|1|g' \
      -e 's|@''HAVE_STRTOULL''@|1|g' \
      -e 's|@''HAVE_STRUCT_RANDOM_DATA''@|1|g' \
      -e 's|@''HAVE_SYS_LOADAVG_H''@|0|g' \
      -e 's|@''HAVE_UNLOCKPT''@|1|g' \
      -e 's|@''HAVE_DECL_UNSETENV''@|1|g' \
      -e 's|@''REPLACE_CALLOC''@|0|g' \
      -e 's|@''REPLACE_CANONICALIZE_FILE_NAME''@|0|g' \
      -e 's|@''REPLACE_INITSTATE''@|0|g' \
      -e 's|@''REPLACE_MALLOC''@|0|g' \
      -e 's|@''REPLACE_MBTOWC''@|0|g' \
      -e 's|@''REPLACE_MKSTEMP''@|0|g' \
      -e 's|@''REPLACE_PTSNAME''@|0|g' \
      -e 's|@''REPLACE_PTSNAME_R''@|0|g' \
      -e 's|@''REPLACE_PUTENV''@|0|g' \
      -e 's|@''REPLACE_QSORT_R''@|0|g' \
      -e 's|@''REPLACE_RANDOM''@|0|g' \
      -e 's|@''REPLACE_RANDOM_R''@|0|g' \
      -e 's|@''REPLACE_REALLOC''@|0|g' \
      -e 's|@''REPLACE_REALPATH''@|0|g' \
      -e 's|@''REPLACE_SETENV''@|0|g' \
      -e 's|@''REPLACE_SETSTATE''@|0|g' \
      -e 's|@''REPLACE_STRTOD''@|0|g' \
      -e 's|@''REPLACE_STRTOLD''@|0|g' \
      -e 's|@''REPLACE_UNSETENV''@|0|g' \
      -e 's|@''REPLACE_WCTOMB''@|0|g' \
      -e '/definitions of _GL_FUNCDECL_RPL/r ./c++defs.h' \
      -e '/definition of _Noreturn/r ./_Noreturn.h' \
      -e '/definition of _GL_ARG_NONNULL/r ./arg-nonnull.h' \
      -e '/definition of _GL_WARN_ON_USE/r ./warn-on-use.h'; \
} > stdlib.h-t && \
mv stdlib.h-t stdlib.h
rm -f string.h-t string.h && \
{ echo '/* DO NOT EDIT! GENERATED AUTOMATICALLY! */' && \
  sed -e 's|@''GUARD_PREFIX''@|GL|g' \
      -e 's|@''INCLUDE_NEXT''@|include_next|g' \
      -e 's|@''PRAGMA_SYSTEM_HEADER''@|#pragma GCC system_header|g' \
      -e 's|@''PRAGMA_COLUMNS''@||g' \
      -e 's|@''NEXT_STRING_H''@|<string.h>|g' \
      -e 's/@''GNULIB_EXPLICIT_BZERO''@/0/g' \
      -e 's/@''GNULIB_FFSL''@/0/g' \
      -e 's/@''GNULIB_FFSLL''@/0/g' \
      -e 's/@''GNULIB_MBSLEN''@/0/g' \
      -e 's/@''GNULIB_MBSNLEN''@/0/g' \
      -e 's/@''GNULIB_MBSCHR''@/0/g' \
      -e 's/@''GNULIB_MBSRCHR''@/0/g' \
      -e 's/@''GNULIB_MBSSTR''@/0/g' \
      -e 's/@''GNULIB_MBSCASECMP''@/0/g' \
      -e 's/@''GNULIB_MBSNCASECMP''@/0/g' \
      -e 's/@''GNULIB_MBSPCASECMP''@/0/g' \
      -e 's/@''GNULIB_MBSCASESTR''@/0/g' \
      -e 's/@''GNULIB_MBSCSPN''@/0/g' \
      -e 's/@''GNULIB_MBSPBRK''@/0/g' \
      -e 's/@''GNULIB_MBSSPN''@/0/g' \
      -e 's/@''GNULIB_MBSSEP''@/0/g' \
      -e 's/@''GNULIB_MBSTOK_R''@/0/g' \
      -e 's/@''GNULIB_MEMCHR''@/0/g' \
      -e 's/@''GNULIB_MEMMEM''@/0/g' \
      -e 's/@''GNULIB_MEMPCPY''@/0/g' \
      -e 's/@''GNULIB_MEMRCHR''@/0/g' \
      -e 's/@''GNULIB_RAWMEMCHR''@/0/g' \
      -e 's/@''GNULIB_STPCPY''@/0/g' \
      -e 's/@''GNULIB_STPNCPY''@/0/g' \
      -e 's/@''GNULIB_STRCHRNUL''@/0/g' \
      -e 's/@''GNULIB_STRDUP''@/0/g' \
      -e 's/@''GNULIB_STRNCAT''@/0/g' \
      -e 's/@''GNULIB_STRNDUP''@/0/g' \
      -e 's/@''GNULIB_STRNLEN''@/0/g' \
      -e 's/@''GNULIB_STRPBRK''@/0/g' \
      -e 's/@''GNULIB_STRSEP''@/0/g' \
      -e 's/@''GNULIB_STRSTR''@/0/g' \
      -e 's/@''GNULIB_STRCASESTR''@/0/g' \
      -e 's/@''GNULIB_STRTOK_R''@/0/g' \
      -e 's/@''GNULIB_STRERROR''@/1/g' \
      -e 's/@''GNULIB_STRERROR_R''@/0/g' \
      -e 's/@''GNULIB_STRSIGNAL''@/0/g' \
      -e 's/@''GNULIB_STRVERSCMP''@/0/g' \
      < ./string.in.h | \
  sed -e 's|@''HAVE_EXPLICIT_BZERO''@|1|g' \
      -e 's|@''HAVE_FFSL''@|1|g' \
      -e 's|@''HAVE_FFSLL''@|1|g' \
      -e 's|@''HAVE_MBSLEN''@|0|g' \
      -e 's|@''HAVE_MEMCHR''@|1|g' \
      -e 's|@''HAVE_DECL_MEMMEM''@|1|g' \
      -e 's|@''HAVE_MEMPCPY''@|1|g' \
      -e 's|@''HAVE_DECL_MEMRCHR''@|1|g' \
      -e 's|@''HAVE_RAWMEMCHR''@|1|g' \
      -e 's|@''HAVE_STPCPY''@|1|g' \
      -e 's|@''HAVE_STPNCPY''@|1|g' \
      -e 's|@''HAVE_STRCHRNUL''@|1|g' \
      -e 's|@''HAVE_DECL_STRDUP''@|1|g' \
      -e 's|@''HAVE_DECL_STRNDUP''@|1|g' \
      -e 's|@''HAVE_DECL_STRNLEN''@|1|g' \
      -e 's|@''HAVE_STRPBRK''@|1|g' \
      -e 's|@''HAVE_STRSEP''@|1|g' \
      -e 's|@''HAVE_STRCASESTR''@|1|g' \
      -e 's|@''HAVE_DECL_STRTOK_R''@|1|g' \
      -e 's|@''HAVE_DECL_STRERROR_R''@|1|g' \
      -e 's|@''HAVE_DECL_STRSIGNAL''@|1|g' \
      -e 's|@''HAVE_STRVERSCMP''@|1|g' \
      -e 's|@''REPLACE_MEMCHR''@|0|g' \
      -e 's|@''REPLACE_MEMMEM''@|0|g' \
      -e 's|@''REPLACE_STPNCPY''@|0|g' \
      -e 's|@''REPLACE_STRCHRNUL''@|0|g' \
      -e 's|@''REPLACE_STRDUP''@|0|g' \
      -e 's|@''REPLACE_STRNCAT''@|0|g' \
      -e 's|@''REPLACE_STRNDUP''@|0|g' \
      -e 's|@''REPLACE_STRNLEN''@|0|g' \
      -e 's|@''REPLACE_STRSTR''@|0|g' \
      -e 's|@''REPLACE_STRCASESTR''@|0|g' \
      -e 's|@''REPLACE_STRTOK_R''@|0|g' \
      -e 's|@''REPLACE_STRERROR''@|0|g' \
      -e 's|@''REPLACE_STRERROR_R''@|0|g' \
      -e 's|@''REPLACE_STRSIGNAL''@|0|g' \
      -e 's|@''UNDEFINE_STRTOK_R''@|0|g' \
      -e '/definitions of _GL_FUNCDECL_RPL/r ./c++defs.h' \
      -e '/definition of _GL_ARG_NONNULL/r ./arg-nonnull.h' \
      -e '/definition of _GL_WARN_ON_USE/r ./warn-on-use.h'; \
      < ./string.in.h; \
} > string.h-t && \
mv string.h-t string.h
/bin/mkdir -p sys
/bin/mkdir -p sys
rm -f time.h-t time.h && \
{ echo '/* DO NOT EDIT! GENERATED AUTOMATICALLY! */' && \
  sed -e 's|@''GUARD_PREFIX''@|GL|g' \
      -e 's|@''INCLUDE_NEXT''@|include_next|g' \
      -e 's|@''PRAGMA_SYSTEM_HEADER''@|#pragma GCC system_header|g' \
      -e 's|@''PRAGMA_COLUMNS''@||g' \
      -e 's|@''NEXT_TIME_H''@|<time.h>|g' \
      -e 's/@''GNULIB_CTIME''@/0/g' \
      -e 's/@''GNULIB_LOCALTIME''@/0/g' \
      -e 's/@''GNULIB_MKTIME''@/0/g' \
      -e 's/@''GNULIB_NANOSLEEP''@/0/g' \
      -e 's/@''GNULIB_STRFTIME''@/0/g' \
      -e 's/@''GNULIB_STRPTIME''@/0/g' \
      -e 's/@''GNULIB_TIMEGM''@/0/g' \
      -e 's/@''GNULIB_TIME_R''@/0/g' \
      -e 's/@''GNULIB_TIME_RZ''@/0/g' \
      -e 's/@''GNULIB_TZSET''@/0/g' \
      -e 's|@''HAVE_DECL_LOCALTIME_R''@|1|g' \
      -e 's|@''HAVE_NANOSLEEP''@|1|g' \
      -e 's|@''HAVE_STRPTIME''@|1|g' \
      -e 's|@''HAVE_TIMEGM''@|1|g' \
      -e 's|@''HAVE_TIMEZONE_T''@|0|g' \
      -e 's|@''HAVE_TZSET''@|1|g' \
      -e 's|@''REPLACE_CTIME''@|GNULIB_PORTCHECK|g' \
      -e 's|@''REPLACE_GMTIME''@|0|g' \
      -e 's|@''REPLACE_LOCALTIME''@|0|g' \
      -e 's|@''REPLACE_LOCALTIME_R''@|GNULIB_PORTCHECK|g' \
      -e 's|@''REPLACE_MKTIME''@|GNULIB_PORTCHECK|g' \
      -e 's|@''REPLACE_NANOSLEEP''@|GNULIB_PORTCHECK|g' \
      -e 's|@''REPLACE_STRFTIME''@|GNULIB_PORTCHECK|g' \
      -e 's|@''REPLACE_TIMEGM''@|GNULIB_PORTCHECK|g' \
      -e 's|@''REPLACE_TZSET''@|GNULIB_PORTCHECK|g' \
      -e 's|@''PTHREAD_H_DEFINES_STRUCT_TIMESPEC''@|0|g' \
      -e 's|@''SYS_TIME_H_DEFINES_STRUCT_TIMESPEC''@|0|g' \
      -e 's|@''TIME_H_DEFINES_STRUCT_TIMESPEC''@|1|g' \
      -e 's|@''UNISTD_H_DEFINES_STRUCT_TIMESPEC''@|0|g' \
      -e '/definitions of _GL_FUNCDECL_RPL/r ./c++defs.h' \
      -e '/definition of _GL_ARG_NONNULL/r ./arg-nonnull.h' \
      -e '/definition of _GL_WARN_ON_USE/r ./warn-on-use.h' \
      < ./time.in.h; \
} > time.h-t && \
mv time.h-t time.h
rm -f unistd.h-t unistd.h && \
{ echo '/* DO NOT EDIT! GENERATED AUTOMATICALLY! */'; \
  sed -e 's|@''GUARD_PREFIX''@|GL|g' \
      -e 's|@''HAVE_UNISTD_H''@|1|g' \
      -e 's|@''INCLUDE_NEXT''@|include_next|g' \
      -e 's|@''PRAGMA_SYSTEM_HEADER''@|#pragma GCC system_header|g' \
      -e 's|@''PRAGMA_COLUMNS''@||g' \
      -e 's|@''NEXT_UNISTD_H''@|<unistd.h>|g' \
      -e 's|@''WINDOWS_64_BIT_OFF_T''@|0|g' \
      -e 's/@''GNULIB_CHDIR''@/0/g' \
      -e 's/@''GNULIB_CHOWN''@/0/g' \
      -e 's/@''GNULIB_CLOSE''@/0/g' \
      -e 's/@''GNULIB_DUP''@/0/g' \
      -e 's/@''GNULIB_DUP2''@/0/g' \
      -e 's/@''GNULIB_DUP3''@/0/g' \
      -e 's/@''GNULIB_ENVIRON''@/1/g' \
      -e 's/@''GNULIB_EUIDACCESS''@/0/g' \
      -e 's/@''GNULIB_FACCESSAT''@/0/g' \
      -e 's/@''GNULIB_FCHDIR''@/0/g' \
      -e 's/@''GNULIB_FCHOWNAT''@/0/g' \
      -e 's/@''GNULIB_FDATASYNC''@/0/g' \
      -e 's/@''GNULIB_FSYNC''@/0/g' \
      -e 's/@''GNULIB_FTRUNCATE''@/0/g' \
      -e 's/@''GNULIB_GETCWD''@/0/g' \
      -e 's/@''GNULIB_GETDOMAINNAME''@/0/g' \
      -e 's/@''GNULIB_GETDTABLESIZE''@/0/g' \
      -e 's/@''GNULIB_GETGROUPS''@/0/g' \
      -e 's/@''GNULIB_GETHOSTNAME''@/0/g' \
      -e 's/@''GNULIB_GETLOGIN''@/0/g' \
      -e 's/@''GNULIB_GETLOGIN_R''@/0/g' \
      -e 's/@''GNULIB_GETPAGESIZE''@/0/g' \
      -e 's/@''GNULIB_GETPASS''@/0/g' \
      -e 's/@''GNULIB_GETUSERSHELL''@/0/g' \
      -e 's/@''GNULIB_GROUP_MEMBER''@/0/g' \
      -e 's/@''GNULIB_ISATTY''@/0/g' \
      -e 's/@''GNULIB_LCHOWN''@/0/g' \
      -e 's/@''GNULIB_LINK''@/0/g' \
      -e 's/@''GNULIB_LINKAT''@/0/g' \
      -e 's/@''GNULIB_LSEEK''@/0/g' \
      -e 's/@''GNULIB_PIPE''@/0/g' \
      -e 's/@''GNULIB_PIPE2''@/0/g' \
      -e 's/@''GNULIB_PREAD''@/0/g' \
      -e 's/@''GNULIB_PWRITE''@/0/g' \
      -e 's/@''GNULIB_READ''@/1/g' \
      -e 's/@''GNULIB_READLINK''@/1/g' \
      -e 's/@''GNULIB_READLINKAT''@/0/g' \
      -e 's/@''GNULIB_RMDIR''@/0/g' \
      -e 's/@''GNULIB_SETHOSTNAME''@/0/g' \
      -e 's/@''GNULIB_SLEEP''@/0/g' \
      -e 's/@''GNULIB_SYMLINK''@/0/g' \
      -e 's/@''GNULIB_SYMLINKAT''@/0/g' \
      -e 's/@''GNULIB_TRUNCATE''@/0/g' \
      -e 's/@''GNULIB_TTYNAME_R''@/0/g' \
      -e 's/@''GNULIB_UNISTD_H_GETOPT''@/0/g' \
      -e 's/@''GNULIB_UNISTD_H_NONBLOCKING''@/0/g' \
      -e 's/@''GNULIB_UNISTD_H_SIGPIPE''@/1/g' \
      -e 's/@''GNULIB_UNLINK''@/0/g' \
      -e 's/@''GNULIB_UNLINKAT''@/0/g' \
      -e 's/@''GNULIB_USLEEP''@/0/g' \
      -e 's/@''GNULIB_WRITE''@/0/g' \
      < ./unistd.in.h | \
  sed -e 's|@''HAVE_CHOWN''@|1|g' \
      -e 's|@''HAVE_DUP2''@|1|g' \
      -e 's|@''HAVE_DUP3''@|1|g' \
      -e 's|@''HAVE_EUIDACCESS''@|1|g' \
      -e 's|@''HAVE_FACCESSAT''@|1|g' \
      -e 's|@''HAVE_FCHDIR''@|1|g' \
      -e 's|@''HAVE_FCHOWNAT''@|1|g' \
      -e 's|@''HAVE_FDATASYNC''@|1|g' \
      -e 's|@''HAVE_FSYNC''@|1|g' \
      -e 's|@''HAVE_FTRUNCATE''@|1|g' \
      -e 's|@''HAVE_GETDTABLESIZE''@|1|g' \
      -e 's|@''HAVE_GETGROUPS''@|1|g' \
      -e 's|@''HAVE_GETHOSTNAME''@|1|g' \
      -e 's|@''HAVE_GETPAGESIZE''@|1|g' \
      -e 's|@''HAVE_GETPASS''@|1|g' \
      -e 's|@''HAVE_GROUP_MEMBER''@|1|g' \
      -e 's|@''HAVE_LCHOWN''@|1|g' \
      -e 's|@''HAVE_LINK''@|1|g' \
      -e 's|@''HAVE_LINKAT''@|1|g' \
      -e 's|@''HAVE_PIPE''@|1|g' \
      -e 's|@''HAVE_PIPE2''@|1|g' \
      -e 's|@''HAVE_PREAD''@|1|g' \
      -e 's|@''HAVE_PWRITE''@|1|g' \
      -e 's|@''HAVE_READLINK''@|1|g' \
      -e 's|@''HAVE_READLINKAT''@|1|g' \
      -e 's|@''HAVE_SETHOSTNAME''@|1|g' \
      -e 's|@''HAVE_SLEEP''@|1|g' \
      -e 's|@''HAVE_SYMLINK''@|1|g' \
      -e 's|@''HAVE_SYMLINKAT''@|1|g' \
      -e 's|@''HAVE_UNLINKAT''@|1|g' \
      -e 's|@''HAVE_USLEEP''@|1|g' \
      -e 's|@''HAVE_DECL_ENVIRON''@|1|g' \
      -e 's|@''HAVE_DECL_FCHDIR''@|1|g' \
      -e 's|@''HAVE_DECL_FDATASYNC''@|1|g' \
      -e 's|@''HAVE_DECL_GETDOMAINNAME''@|1|g' \
      -e 's|@''HAVE_DECL_GETLOGIN''@|1|g' \
      -e 's|@''HAVE_DECL_GETLOGIN_R''@|1|g' \
      -e 's|@''HAVE_DECL_GETPAGESIZE''@|1|g' \
      -e 's|@''HAVE_DECL_GETUSERSHELL''@|1|g' \
      -e 's|@''HAVE_DECL_SETHOSTNAME''@|1|g' \
      -e 's|@''HAVE_DECL_TRUNCATE''@|1|g' \
      -e 's|@''HAVE_DECL_TTYNAME_R''@|1|g' \
      -e 's|@''HAVE_OS_H''@|0|g' \
      -e 's|@''HAVE_SYS_PARAM_H''@|0|g' \
  | \
  sed -e 's|@''REPLACE_CHOWN''@|0|g' \
      -e 's|@''REPLACE_CLOSE''@|0|g' \
      -e 's|@''REPLACE_DUP''@|0|g' \
      -e 's|@''REPLACE_DUP2''@|0|g' \
      -e 's|@''REPLACE_FACCESSAT''@|0|g' \
      -e 's|@''REPLACE_FCHOWNAT''@|0|g' \
      -e 's|@''REPLACE_FTRUNCATE''@|0|g' \
      -e 's|@''REPLACE_GETCWD''@|0|g' \
      -e 's|@''REPLACE_GETDOMAINNAME''@|0|g' \
      -e 's|@''REPLACE_GETDTABLESIZE''@|0|g' \
      -e 's|@''REPLACE_GETLOGIN_R''@|0|g' \
      -e 's|@''REPLACE_GETGROUPS''@|0|g' \
      -e 's|@''REPLACE_GETPAGESIZE''@|0|g' \
      -e 's|@''REPLACE_GETPASS''@|0|g' \
      -e 's|@''REPLACE_ISATTY''@|0|g' \
      -e 's|@''REPLACE_LCHOWN''@|0|g' \
      -e 's|@''REPLACE_LINK''@|0|g' \
      -e 's|@''REPLACE_LINKAT''@|0|g' \
      -e 's|@''REPLACE_LSEEK''@|0|g' \
      -e 's|@''REPLACE_PREAD''@|0|g' \
      -e 's|@''REPLACE_PWRITE''@|0|g' \
      -e 's|@''REPLACE_READ''@|0|g' \
      -e 's|@''REPLACE_READLINK''@|0|g' \
      -e 's|@''REPLACE_READLINKAT''@|0|g' \
      -e 's|@''REPLACE_RMDIR''@|0|g' \
      -e 's|@''REPLACE_SLEEP''@|0|g' \
      -e 's|@''REPLACE_SYMLINK''@|0|g' \
      -e 's|@''REPLACE_SYMLINKAT''@|0|g' \
      -e 's|@''REPLACE_TRUNCATE''@|0|g' \
      -e 's|@''REPLACE_TTYNAME_R''@|0|g' \
      -e 's|@''REPLACE_UNLINK''@|0|g' \
      -e 's|@''REPLACE_UNLINKAT''@|0|g' \
      -e 's|@''REPLACE_USLEEP''@|0|g' \
      -e 's|@''REPLACE_WRITE''@|0|g' \
      -e 's|@''UNISTD_H_HAVE_WINSOCK2_H''@|0|g' \
      -e 's|@''UNISTD_H_HAVE_WINSOCK2_H_AND_USE_SOCKETS''@|0|g' \
      -e '/definitions of _GL_FUNCDECL_RPL/r ./c++defs.h' \
      -e '/definition of _GL_ARG_NONNULL/r ./arg-nonnull.h' \
      -e '/definition of _GL_WARN_ON_USE/r ./warn-on-use.h'; \
} > unistd.h-t && \
mv unistd.h-t unistd.h
rm -f sys/stat.h-t sys/stat.h && \
{ echo '/* DO NOT EDIT! GENERATED AUTOMATICALLY! */'; \
  sed -e 's|@''GUARD_PREFIX''@|GL|g' \
      -e 's|@''INCLUDE_NEXT''@|include_next|g' \
      -e 's|@''PRAGMA_SYSTEM_HEADER''@|#pragma GCC system_header|g' \
      -e 's|@''PRAGMA_COLUMNS''@||g' \
      -e 's|@''NEXT_SYS_STAT_H''@|<sys/stat.h>|g' \
      -e 's|@''WINDOWS_64_BIT_ST_SIZE''@|0|g' \
      -e 's|@''WINDOWS_STAT_TIMESPEC''@|0|g' \
      -e 's/@''GNULIB_FCHMODAT''@/0/g' \
      -e 's/@''GNULIB_FSTAT''@/0/g' \
      -e 's/@''GNULIB_FSTATAT''@/0/g' \
      -e 's/@''GNULIB_FUTIMENS''@/0/g' \
      -e 's/@''GNULIB_LCHMOD''@/0/g' \
      -e 's/@''GNULIB_LSTAT''@/1/g' \
      -e 's/@''GNULIB_MKDIRAT''@/0/g' \
      -e 's/@''GNULIB_MKFIFO''@/0/g' \
      -e 's/@''GNULIB_MKFIFOAT''@/0/g' \
      -e 's/@''GNULIB_MKNOD''@/0/g' \
      -e 's/@''GNULIB_MKNODAT''@/0/g' \
      -e 's/@''GNULIB_STAT''@/1/g' \
      -e 's/@''GNULIB_UTIMENSAT''@/0/g' \
      -e 's/@''GNULIB_OVERRIDES_STRUCT_STAT''@/0/g' \
      -e 's|@''HAVE_FCHMODAT''@|1|g' \
      -e 's|@''HAVE_FSTATAT''@|1|g' \
      -e 's|@''HAVE_FUTIMENS''@|1|g' \
      -e 's|@''HAVE_LCHMOD''@|1|g' \
      -e 's|@''HAVE_LSTAT''@|1|g' \
      -e 's|@''HAVE_MKDIRAT''@|1|g' \
      -e 's|@''HAVE_MKFIFO''@|1|g' \
      -e 's|@''HAVE_MKFIFOAT''@|1|g' \
      -e 's|@''HAVE_MKNOD''@|1|g' \
      -e 's|@''HAVE_MKNODAT''@|1|g' \
      -e 's|@''HAVE_UTIMENSAT''@|1|g' \
      -e 's|@''REPLACE_FSTAT''@|0|g' \
      -e 's|@''REPLACE_FSTATAT''@|0|g' \
      -e 's|@''REPLACE_FUTIMENS''@|0|g' \
      -e 's|@''REPLACE_LSTAT''@|0|g' \
      -e 's|@''REPLACE_MKDIR''@|0|g' \
      -e 's|@''REPLACE_MKFIFO''@|0|g' \
      -e 's|@''REPLACE_MKNOD''@|0|g' \
      -e 's|@''REPLACE_STAT''@|0|g' \
      -e 's|@''REPLACE_UTIMENSAT''@|0|g' \
      -e '/definitions of _GL_FUNCDECL_RPL/r ./c++defs.h' \
      -e '/definition of _GL_ARG_NONNULL/r ./arg-nonnull.h' \
      -e '/definition of _GL_WARN_ON_USE/r ./warn-on-use.h' \
      < ./sys_stat.in.h; \
} > sys/stat.h-t && \
mv sys/stat.h-t sys/stat.h
rm -f sys/types.h-t sys/types.h && \
{ echo '/* DO NOT EDIT! GENERATED AUTOMATICALLY! */'; \
  sed -e 's|@''GUARD_PREFIX''@|GL|g' \
      -e 's|@''INCLUDE_NEXT''@|include_next|g' \
      -e 's|@''PRAGMA_SYSTEM_HEADER''@|#pragma GCC system_header|g' \
      -e 's|@''PRAGMA_COLUMNS''@||g' \
      -e 's|@''NEXT_SYS_TYPES_H''@|<sys/types.h>|g' \
      -e 's|@''WINDOWS_64_BIT_OFF_T''@|0|g' \
      -e 's|@''WINDOWS_STAT_INODES''@|0|g' \
      < ./sys_types.in.h; \
} > sys/types.h-t && \
mv sys/types.h-t sys/types.h
rm -f unitypes.h-t unitypes.h && \
{ echo '/* DO NOT EDIT! GENERATED AUTOMATICALLY! */'; \
  cat ./unitypes.in.h; \
} > unitypes.h-t && \
mv -f unitypes.h-t unitypes.h
rm -f uniwidth.h-t uniwidth.h && \
{ echo '/* DO NOT EDIT! GENERATED AUTOMATICALLY! */'; \
  cat ./uniwidth.in.h; \
} > uniwidth.h-t && \
mv -f uniwidth.h-t uniwidth.h
make  all-am
make[3]: Entering directory '/src/packages/libiconv/build/libiconv-1.16/srclib'
/src/emsdk/emsdk/upstream/emscripten/emcc -DHAVE_CONFIG_H -DEXEEXT=\"\" -I. -I.. -I../lib  -DDEPENDS_ON_LIBICONV=1 -DDEPENDS_ON_LIBINTL=1   -fPIC -c -o allocator.o allocator.c
/src/emsdk/emsdk/upstream/emscripten/emcc -DHAVE_CONFIG_H -DEXEEXT=\"\" -I. -I.. -I../lib  -DDEPENDS_ON_LIBICONV=1 -DDEPENDS_ON_LIBINTL=1   -fPIC -c -o areadlink.o areadlink.c
/src/emsdk/emsdk/upstream/emscripten/emcc -DHAVE_CONFIG_H -DEXEEXT=\"\" -I. -I.. -I../lib  -DDEPENDS_ON_LIBICONV=1 -DDEPENDS_ON_LIBINTL=1   -fPIC -c -o binary-io.o binary-io.c
/src/emsdk/emsdk/upstream/emscripten/emcc -DHAVE_CONFIG_H -DEXEEXT=\"\" -I. -I.. -I../lib  -DDEPENDS_ON_LIBICONV=1 -DDEPENDS_ON_LIBINTL=1   -fPIC -c -o careadlinkat.o careadlinkat.c
/src/emsdk/emsdk/upstream/emscripten/emcc -DHAVE_CONFIG_H -DEXEEXT=\"\" -I. -I.. -I../lib  -DDEPENDS_ON_LIBICONV=1 -DDEPENDS_ON_LIBINTL=1   -fPIC -c -o dirname-lgpl.o dirname-lgpl.c
/src/emsdk/emsdk/upstream/emscripten/emcc -DHAVE_CONFIG_H -DEXEEXT=\"\" -I. -I.. -I../lib  -DDEPENDS_ON_LIBICONV=1 -DDEPENDS_ON_LIBINTL=1   -fPIC -c -o basename-lgpl.o basename-lgpl.c
/src/emsdk/emsdk/upstream/emscripten/emcc -DHAVE_CONFIG_H -DEXEEXT=\"\" -I. -I.. -I../lib  -DDEPENDS_ON_LIBICONV=1 -DDEPENDS_ON_LIBINTL=1   -fPIC -c -o stripslash.o stripslash.c
/src/emsdk/emsdk/upstream/emscripten/emcc -DHAVE_CONFIG_H -DEXEEXT=\"\" -I. -I.. -I../lib  -DDEPENDS_ON_LIBICONV=1 -DDEPENDS_ON_LIBINTL=1   -fPIC -c -o getprogname.o getprogname.c
/src/emsdk/emsdk/upstream/emscripten/emcc -DHAVE_CONFIG_H -DEXEEXT=\"\" -I. -I.. -I../lib  -DDEPENDS_ON_LIBICONV=1 -DDEPENDS_ON_LIBINTL=1   -fPIC -c -o malloca.o malloca.c
/src/emsdk/emsdk/upstream/emscripten/emcc -DHAVE_CONFIG_H -DEXEEXT=\"\" -I. -I.. -I../lib  -DDEPENDS_ON_LIBICONV=1 -DDEPENDS_ON_LIBINTL=1   -fPIC -c -o progname.o progname.c
/src/emsdk/emsdk/upstream/emscripten/emcc -DHAVE_CONFIG_H -DEXEEXT=\"\" -I. -I.. -I../lib  -DDEPENDS_ON_LIBICONV=1 -DDEPENDS_ON_LIBINTL=1   -fPIC -c -o safe-read.o safe-read.c
/src/emsdk/emsdk/upstream/emscripten/emcc -DHAVE_CONFIG_H -DEXEEXT=\"\" -I. -I.. -I../lib  -DDEPENDS_ON_LIBICONV=1 -DDEPENDS_ON_LIBINTL=1   -fPIC -c -o stat-time.o stat-time.c
/src/emsdk/emsdk/upstream/emscripten/emcc -DHAVE_CONFIG_H -DEXEEXT=\"\" -I. -I.. -I../lib  -DDEPENDS_ON_LIBICONV=1 -DDEPENDS_ON_LIBINTL=1   -fPIC -c -o unistd.o unistd.c
/src/emsdk/emsdk/upstream/emscripten/emcc -DHAVE_CONFIG_H -DEXEEXT=\"\" -I. -I.. -I../lib  -DDEPENDS_ON_LIBICONV=1 -DDEPENDS_ON_LIBINTL=1   -fPIC -c -o xmalloc.o xmalloc.c
/src/emsdk/emsdk/upstream/emscripten/emcc -DHAVE_CONFIG_H -DEXEEXT=\"\" -I. -I.. -I../lib  -DDEPENDS_ON_LIBICONV=1 -DDEPENDS_ON_LIBINTL=1   -fPIC -c -o xstrdup.o xstrdup.c
/src/emsdk/emsdk/upstream/emscripten/emcc -DHAVE_CONFIG_H -DEXEEXT=\"\" -I. -I.. -I../lib  -DDEPENDS_ON_LIBICONV=1 -DDEPENDS_ON_LIBINTL=1   -fPIC -c -o xreadlink.o xreadlink.c
/src/emsdk/emsdk/upstream/emscripten/emcc -DHAVE_CONFIG_H -DEXEEXT=\"\" -I. -I.. -I../lib  -DDEPENDS_ON_LIBICONV=1 -DDEPENDS_ON_LIBINTL=1   -fPIC -c -o canonicalize-lgpl.o canonicalize-lgpl.c
/src/emsdk/emsdk/upstream/emscripten/emcc -DHAVE_CONFIG_H -DEXEEXT=\"\" -I. -I.. -I../lib  -DDEPENDS_ON_LIBICONV=1 -DDEPENDS_ON_LIBINTL=1   -fPIC -c -o error.o error.c
/src/emsdk/emsdk/upstream/emscripten/emcc -DHAVE_CONFIG_H -DEXEEXT=\"\" -I. -I.. -I../lib  -DDEPENDS_ON_LIBICONV=1 -DDEPENDS_ON_LIBINTL=1   -fPIC -c -o uniwidth/width.o uniwidth/width.c
rm -f libicrt.a
/src/emsdk/emsdk/upstream/emscripten/emar cr libicrt.a allocator.o areadlink.o binary-io.o careadlinkat.o dirname-lgpl.o basename-lgpl.o stripslash.o getprogname.o malloca.o progname.o safe-read.o stat-time.o unistd.o uniwidth/width.o xmalloc.o xstrdup.o xreadlink.o canonicalize-lgpl.o error.o
/src/emsdk/emsdk/upstream/emscripten/emranlib libicrt.a
make[3]: Leaving directory '/src/packages/libiconv/build/libiconv-1.16/srclib'
make[2]: Leaving directory '/src/packages/libiconv/build/libiconv-1.16/srclib'
cd src && make all
make[2]: Entering directory '/src/packages/libiconv/build/libiconv-1.16/src'
/src/emsdk/emsdk/upstream/emscripten/emcc -c -I. -I. -I.. -I../include -I./../include -I../srclib -I./../srclib -I../lib -fPIC  -DINSTALLDIR=\"/usr/local/bin\" -DLOCALEDIR=\"/usr/local/share/locale\" ./iconv_no_i18n.c
/src/emsdk/emsdk/upstream/emscripten/emcc -c -I. -I. -I.. -I../include -I./../include -I../srclib -I./../srclib -I../lib -fPIC  -DINSTALLDIR=\"/usr/local/bin\" -DLOCALEDIR=\"/usr/local/share/locale\" ./iconv.c
/bin/bash ../libtool --mode=link /src/emsdk/emsdk/upstream/emscripten/emcc  -fPIC iconv_no_i18n.o ../srclib/libicrt.a ../lib/libiconv.la  -o iconv_no_i18n
libtool: link: /src/emsdk/emsdk/upstream/emscripten/emcc -fPIC iconv_no_i18n.o -o iconv_no_i18n  ../srclib/libicrt.a ../lib/.libs/libiconv.a
test `ls -ld . | sed -e 's/^d\(.........\).*/\1/'` = rwxrwxrwx || chmod 777 .
make[2]: Leaving directory '/src/packages/libiconv/build/libiconv-1.16/src'
cd po && make all
make[2]: Entering directory '/src/packages/libiconv/build/libiconv-1.16/po'
make[2]: Nothing to be done for 'all'.
make[2]: Leaving directory '/src/packages/libiconv/build/libiconv-1.16/po'
cd man && make all
make[2]: Entering directory '/src/packages/libiconv/build/libiconv-1.16/man'
make[2]: Nothing to be done for 'all'.
make[2]: Leaving directory '/src/packages/libiconv/build/libiconv-1.16/man'
if test -d tests; then cd tests && make all; fi
make[2]: Entering directory '/src/packages/libiconv/build/libiconv-1.16/tests'
make[2]: Nothing to be done for 'all'.
make[2]: Leaving directory '/src/packages/libiconv/build/libiconv-1.16/tests'
make[1]: Leaving directory '/src/packages/libiconv/build/libiconv-1.16'
[2021-08-12 03:14:47] Building package libiconv...
[2021-08-12 03:41:09] done building package libiconv in 1582.3 s.
