configure: ./configure CFLAGS=-fPIC --disable-dependency-tracking --disable-shared --without-python --with-iconv=/src/packages/libiconv/build/libiconv-1.16/lib/.libs --with-zlib=/src/packages/zlib/build/zlib-1.2.11/
checking whether to enable maintainer-specific portions of Makefiles... yes
checking build system type... x86_64-pc-linux-gnu
checking host system type... x86_64-pc-linux-gnu
checking for a BSD-compatible install... /usr/bin/install -c
checking whether build environment is sane... yes
checking for a thread-safe mkdir -p... /bin/mkdir -p
checking for gawk... no
checking for mawk... mawk
checking whether make sets $(MAKE)... yes
checking whether make supports nested variables... yes
checking whether make supports nested variables... (cached) yes
checking for gcc... /src/emsdk/emsdk/upstream/emscripten/emcc
checking whether the C compiler works... yes
checking for C compiler default output file name... a.out
checking for suffix of executables... 
checking whether we are cross compiling... no
checking for suffix of object files... o
checking whether we are using the GNU C compiler... yes
checking whether /src/emsdk/emsdk/upstream/emscripten/emcc accepts -g... yes
checking for /src/emsdk/emsdk/upstream/emscripten/emcc option to accept ISO C89... none needed
checking whether /src/emsdk/emsdk/upstream/emscripten/emcc understands -c and -o together... yes
checking whether make supports the include directive... yes (GNU style)
checking dependency style of /src/emsdk/emsdk/upstream/emscripten/emcc... none
checking whether ln -s works... yes
checking how to run the C preprocessor... /src/emsdk/emsdk/upstream/emscripten/emcc -E
checking for mv... /bin/mv
checking for tar... /bin/tar
checking for perl... /usr/bin/perl
checking for wget... /usr/bin/wget
checking for xmllint... /usr/bin/xmllint
checking for xsltproc... /usr/bin/xsltproc
checking for pkg-config... /usr/bin/pkg-config
checking pkg-config is at least version 0.9.0... yes
checking how to print strings... printf
checking for a sed that does not truncate output... /bin/sed
checking for grep that handles long lines and -e... /bin/grep
checking for egrep... /bin/grep -E
checking for fgrep... /bin/grep -F
checking for ld used by /src/emsdk/emsdk/upstream/emscripten/emcc... /src/emsdk/emsdk/upstream/emscripten/emcc
checking if the linker (/src/emsdk/emsdk/upstream/emscripten/emcc) is GNU ld... yes
checking for BSD- or MS-compatible name lister (nm)... /src/emsdk/emsdk/upstream/bin/llvm-nm
checking the name lister (/src/emsdk/emsdk/upstream/bin/llvm-nm) interface... BSD nm
checking the maximum length of command line arguments... 1572864
checking how to convert x86_64-pc-linux-gnu file names to x86_64-pc-linux-gnu format... func_convert_file_noop
checking how to convert x86_64-pc-linux-gnu file names to toolchain format... func_convert_file_noop
checking for /src/emsdk/emsdk/upstream/emscripten/emcc option to reload object files... -r
checking for objdump... objdump
checking how to recognize dependent libraries... pass_all
checking for dlltool... no
checking how to associate runtime and link libraries... printf %s\n
checking for archiver @FILE support... @
checking for strip... strip
checking for ranlib... /src/emsdk/emsdk/upstream/emscripten/emranlib
checking command to parse /src/emsdk/emsdk/upstream/bin/llvm-nm output from /src/emsdk/emsdk/upstream/emscripten/emcc object... ok
checking for sysroot... no
checking for a working dd... /bin/dd
checking how to truncate binary pipes... /bin/dd bs=4096 count=1
checking for mt... no
checking if : is a manifest tool... no
checking for ANSI C header files... yes
checking for sys/types.h... yes
checking for sys/stat.h... yes
checking for stdlib.h... yes
checking for string.h... yes
checking for memory.h... yes
checking for strings.h... yes
checking for inttypes.h... yes
checking for stdint.h... yes
checking for unistd.h... yes
checking for dlfcn.h... yes
checking for objdir... .libs
checking if /src/emsdk/emsdk/upstream/emscripten/emcc supports -fno-rtti -fno-exceptions... yes
checking for /src/emsdk/emsdk/upstream/emscripten/emcc option to produce PIC... -fPIC -DPIC
checking if /src/emsdk/emsdk/upstream/emscripten/emcc PIC flag -fPIC -DPIC works... yes
checking if /src/emsdk/emsdk/upstream/emscripten/emcc static flag -static works... yes
checking if /src/emsdk/emsdk/upstream/emscripten/emcc supports -c -o file.o... yes
checking if /src/emsdk/emsdk/upstream/emscripten/emcc supports -c -o file.o... (cached) yes
checking whether the /src/emsdk/emsdk/upstream/emscripten/emcc linker (/src/emsdk/emsdk/upstream/emscripten/emcc) supports shared libraries... emcc (Emscripten gcc/clang-like replacement + linker emulating GNU ld) 2.0.26 (5af6a110ee58ca4a6885fbcad830c92207fefea2)
clang version 13.0.0 (https://github.com/llvm/llvm-project 31e75512174e1bdaa242ee5c7f30fe56e68c3748)
Target: wasm32-unknown-emscripten
Thread model: posix
InstalledDir: /src/emsdk/emsdk/upstream/bin
yes
checking dynamic linker characteristics... GNU/Linux ld.so
checking how to hardcode library paths into programs... immediate
checking whether stripping libraries is possible... yes
checking if libtool supports shared libraries... yes
checking whether to build shared libraries... no
checking whether to build static libraries... yes
Checking zlib
checking zlib.h usability... yes
checking zlib.h presence... yes
checking for zlib.h... yes
checking for gzread in -lz... yes
Checking lzma
checking for LZMA... no
checking lzma.h usability... no
checking lzma.h presence... no
checking for lzma.h... no
Checking headers
checking for dirent.h that defines DIR... yes
checking for library containing opendir... none required
checking for ANSI C header files... (cached) yes
checking fcntl.h usability... yes
checking fcntl.h presence... yes
checking for fcntl.h... yes
checking for unistd.h... (cached) yes
checking ctype.h usability... yes
checking ctype.h presence... yes
checking for ctype.h... yes
checking dirent.h usability... yes
checking dirent.h presence... yes
checking for dirent.h... yes
checking errno.h usability... yes
checking errno.h presence... yes
checking for errno.h... yes
checking malloc.h usability... yes
checking malloc.h presence... yes
checking for malloc.h... yes
checking stdarg.h usability... yes
checking stdarg.h presence... yes
checking for stdarg.h... yes
checking for sys/stat.h... (cached) yes
checking for sys/types.h... (cached) yes
checking for stdint.h... (cached) yes
checking for inttypes.h... (cached) yes
checking time.h usability... yes
checking time.h presence... yes
checking for time.h... yes
checking math.h usability... yes
checking math.h presence... yes
checking for math.h... yes
checking limits.h usability... yes
checking limits.h presence... yes
checking for limits.h... yes
checking float.h usability... yes
checking float.h presence... yes
checking for float.h... yes
checking for stdlib.h... (cached) yes
checking for sys/socket.h... yes
checking for netinet/in.h... yes
checking for arpa/inet.h... yes
checking netdb.h usability... yes
checking netdb.h presence... yes
checking for netdb.h... yes
checking sys/time.h usability... yes
checking sys/time.h presence... yes
checking for sys/time.h... yes
checking sys/select.h usability... yes
checking sys/select.h presence... yes
checking for sys/select.h... yes
checking poll.h usability... yes
checking poll.h presence... yes
checking for poll.h... yes
checking sys/mman.h usability... yes
checking sys/mman.h presence... yes
checking for sys/mman.h... yes
checking sys/timeb.h usability... yes
checking sys/timeb.h presence... yes
checking for sys/timeb.h... yes
checking signal.h usability... yes
checking signal.h presence... yes
checking for signal.h... yes
checking for arpa/nameser.h... yes
checking for resolv.h... yes
checking dl.h usability... no
checking dl.h presence... no
checking for dl.h... no
checking for dlfcn.h... (cached) yes
Checking types
checking for uint32_t... yes
Checking libraries
checking for strftime... yes
checking for strftime... (cached) yes
checking for localtime... yes
checking for gettimeofday... yes
checking for ftime... yes
checking for stat... yes
checking for signal... yes
checking for rand... yes
checking for rand_r... yes
checking for srand... yes
checking for time... yes
checking for isascii... yes
checking for mmap... yes
checking for munmap... yes
checking for putenv... yes
checking for va_copy... yes
checking whether va_list is an array type... no
checking for library containing gethostent... none required
checking for library containing setsockopt... none required
checking for library containing connect... none required
checking for type of socket length (socklen_t)... socklen_t *
checking for const gethostbyname() argument... yes
checking for const send() second argument... yes
checking whether to enable IPv6... yes
checking struct sockaddr::ss_family... yes
checking for getaddrinfo... yes
checking for isnan... no
checking for isnan in -lm... no
checking for isinf... no
checking for isinf in -lm... no
checking for shl_load... no
checking for shl_load in -ldld... no
checking for dlopen... yes
Checking configuration requirements
Enabling multithreaded support
checking pthread.h usability... yes
checking pthread.h presence... yes
checking for pthread.h... yes
checking for pthread_join in -lpthread... yes
Enabled Schematron support
checking iconv.h usability... yes
checking iconv.h presence... yes
checking for iconv.h... yes
checking for iconv... yes
checking for iconv declaration... 
	extern size_t iconv (iconv_t cd,  char * *inbuf, size_t *inbytesleft, char * *outbuf, size_t *outbytesleft);
Disabling ICU support
Enabled Schemas/Relax-NG support
checking for printf... yes
checking for sprintf... yes
checking for fprintf... yes
checking for snprintf... yes
checking for vfprintf... yes
checking for vsprintf... yes
checking for vsnprintf... yes
checking for sscanf... yes
Disabling code coverage for GCC
checking that generated files are newer than configure... done
configure: creating ./config.status
config.status: creating libxml2.spec
config.status: creating Makefile
config.status: creating include/Makefile
config.status: creating include/libxml/Makefile
config.status: creating doc/Makefile
config.status: creating doc/examples/Makefile
config.status: creating doc/devhelp/Makefile
config.status: creating example/Makefile
config.status: creating python/Makefile
config.status: creating python/tests/Makefile
config.status: creating xstc/Makefile
config.status: creating include/libxml/xmlversion.h
config.status: creating libxml-2.0.pc
config.status: creating libxml-2.0-uninstalled.pc
config.status: creating libxml2-config.cmake
config.status: creating python/setup.py
config.status: creating xml2-config
config.status: creating config.h
config.status: executing depfiles commands
config.status: executing libtool commands
Done configuring
make: make -j 4
make[1]: Entering directory '/src/packages/libxml/build/libxml2-2.9.10'
make  all-recursive
make[2]: Entering directory '/src/packages/libxml/build/libxml2-2.9.10'
Making all in include
make[3]: Entering directory '/src/packages/libxml/build/libxml2-2.9.10/include'
Making all in libxml
make[4]: Entering directory '/src/packages/libxml/build/libxml2-2.9.10/include/libxml'
make[4]: Nothing to be done for 'all'.
make[4]: Leaving directory '/src/packages/libxml/build/libxml2-2.9.10/include/libxml'
make[4]: Entering directory '/src/packages/libxml/build/libxml2-2.9.10/include'
make[4]: Nothing to be done for 'all-am'.
make[4]: Leaving directory '/src/packages/libxml/build/libxml2-2.9.10/include'
make[3]: Leaving directory '/src/packages/libxml/build/libxml2-2.9.10/include'
Making all in .
make[3]: Entering directory '/src/packages/libxml/build/libxml2-2.9.10'
  CC       encoding.lo
  CC       xmllint.o
  CC       SAX.lo
  CC       entities.lo
encoding.c:500:26: warning: cast from 'const unsigned char *' to 'unsigned short *' increases required alignment from 1 to 2 [-Wcast-align]
    unsigned short* in = (unsigned short*) inb;
                         ^~~~~~~~~~~~~~~~~~~~~
encoding.c:582:27: warning: cast from 'unsigned char *' to 'unsigned short *' increases required alignment from 1 to 2 [-Wcast-align]
    unsigned short* out = (unsigned short*) outb;
                          ^~~~~~~~~~~~~~~~~~~~~~
encoding.c:738:26: warning: cast from 'const unsigned char *' to 'unsigned short *' increases required alignment from 1 to 2 [-Wcast-align]
    unsigned short* in = (unsigned short*) inb;
                         ^~~~~~~~~~~~~~~~~~~~~
encoding.c:824:27: warning: cast from 'unsigned char *' to 'unsigned short *' increases required alignment from 1 to 2 [-Wcast-align]
    unsigned short* out = (unsigned short*) outb;
                          ^~~~~~~~~~~~~~~~~~~~~~
encoding.c:2397:12: warning: variable 'writtentot' set but not used [-Wunused-but-set-variable]
    size_t writtentot = 0;
           ^
encoding.c:2572:9: warning: variable 'output' set but not used [-Wunused-but-set-variable]
    int output = 0;
        ^
encoding.c:2570:9: warning: variable 'writtentot' set but not used [-Wunused-but-set-variable]
    int writtentot = 0;
        ^
7 warnings generated.
  CC       error.lo
  CC       parserInternals.lo
  CC       parser.lo
  CC       tree.lo
  CC       hash.lo
  CC       list.lo
  CC       xmlIO.lo
  CC       xmlmemory.lo
  CC       uri.lo
  CC       valid.lo
  CC       xlink.lo
  CC       HTMLparser.lo
  CC       HTMLtree.lo
  CC       debugXML.lo
  CC       xpath.lo
  CC       xpointer.lo
xpath.c:10489:9: warning: variable 'len' set but not used [-Wunused-but-set-variable]
    int len = 0, l;
        ^
  CC       xinclude.lo
1 warning generated.
  CC       nanohttp.lo
  CC       nanoftp.lo
  CC       catalog.lo
  CC       globals.lo
  CC       threads.lo
  CC       c14n.lo
  CC       xmlstring.lo
  CC       buf.lo
  CC       xmlregexp.lo
  CC       xmlschemas.lo
  CC       xmlschemastypes.lo
  CC       xmlunicode.lo
  CC       xmlreader.lo
  CC       relaxng.lo
  CC       dict.lo
  CC       SAX2.lo
  CC       xmlwriter.lo
  CC       legacy.lo
  CC       chvalid.lo
  CC       pattern.lo
  CC       xmlsave.lo
  CC       schematron.lo
  CC       xmlmodule.lo
  CC       xzlib.lo
sed -e 's?\@XML_LIBDIR\@?-L/usr/local/lib?g' \
    -e 's?\@XML_INCLUDEDIR\@?-I/usr/local/include/libxml2 -I/src/packages/libiconv/build/libiconv-1.16/lib/.libs/include?g' \
    -e 's?\@VERSION\@?2.9.10?g' \
    -e 's?\@XML_LIBS\@?-lxml2?g' \
    -e 's?\@XML_PRIVATE_LIBS\@?-L/src/packages/zlib/build/zlib-1.2.11//lib -lz   -L/src/packages/libiconv/build/libiconv-1.16/lib/.libs/lib  -lm ?g' \
       < ./xml2Conf.sh.in > xml2Conf.tmp \
&& mv xml2Conf.tmp xml2Conf.sh
  CC       xmlcatalog.o
  CC       testdso.lo
  CCLD     libxml2.la
  CCLD     testdso.la
  CCLD     xmllint
  CCLD     xmlcatalog
make[3]: Leaving directory '/src/packages/libxml/build/libxml2-2.9.10'
Making all in doc
make[3]: Entering directory '/src/packages/libxml/build/libxml2-2.9.10/doc'
Making all in .
make[4]: Entering directory '/src/packages/libxml/build/libxml2-2.9.10/doc'
make[4]: Nothing to be done for 'all-am'.
make[4]: Leaving directory '/src/packages/libxml/build/libxml2-2.9.10/doc'
Making all in devhelp
make[4]: Entering directory '/src/packages/libxml/build/libxml2-2.9.10/doc/devhelp'
make[4]: Nothing to be done for 'all'.
make[4]: Leaving directory '/src/packages/libxml/build/libxml2-2.9.10/doc/devhelp'
Making all in examples
make[4]: Entering directory '/src/packages/libxml/build/libxml2-2.9.10/doc/examples'
make[4]: Nothing to be done for 'all'.
make[4]: Leaving directory '/src/packages/libxml/build/libxml2-2.9.10/doc/examples'
make[3]: Leaving directory '/src/packages/libxml/build/libxml2-2.9.10/doc'
Making all in example
make[3]: Entering directory '/src/packages/libxml/build/libxml2-2.9.10/example'
make[3]: Nothing to be done for 'all'.
make[3]: Leaving directory '/src/packages/libxml/build/libxml2-2.9.10/example'
Making all in xstc
make[3]: Entering directory '/src/packages/libxml/build/libxml2-2.9.10/xstc'
make[3]: Nothing to be done for 'all'.
make[3]: Leaving directory '/src/packages/libxml/build/libxml2-2.9.10/xstc'
make[2]: Leaving directory '/src/packages/libxml/build/libxml2-2.9.10'
make[1]: Leaving directory '/src/packages/libxml/build/libxml2-2.9.10'
[2021-08-12 03:41:53] Building package libxml...
[2021-08-12 04:02:08] done building package libxml in 1215.5 s.
