configure: cmake -DCMAKE_INSTALL_PREFIX=.. . -DCMAKE_TOOLCHAIN_FILE=/src/emsdk/emsdk/upstream/emscripten/cmake/Modules/Platform/Emscripten.cmake -DCMAKE_CROSSCOMPILING_EMULATOR=/src/emsdk/emsdk/node/14.15.5_64bit/bin/node
-- Configuring done
-- Generating done
-- Build files have been written to: /src/packages/libyaml/build/libyaml-0.2.1
make: make -j 4
make[2]: Entering directory '/src/packages/libyaml/build/libyaml-0.2.1'
make[3]: Entering directory '/src/packages/libyaml/build/libyaml-0.2.1'
make[4]: Entering directory '/src/packages/libyaml/build/libyaml-0.2.1'
Scanning dependencies of target yaml
make[4]: Leaving directory '/src/packages/libyaml/build/libyaml-0.2.1'
make[4]: Entering directory '/src/packages/libyaml/build/libyaml-0.2.1'
[  5%] Building C object CMakeFiles/yaml.dir/src/loader.c.o
[  8%] Building C object CMakeFiles/yaml.dir/src/api.c.o
[ 11%] Building C object CMakeFiles/yaml.dir/src/emitter.c.o
[ 11%] Building C object CMakeFiles/yaml.dir/src/dumper.c.o
[ 14%] Building C object CMakeFiles/yaml.dir/src/parser.c.o
[ 17%] Building C object CMakeFiles/yaml.dir/src/reader.c.o
[ 20%] Building C object CMakeFiles/yaml.dir/src/scanner.c.o
[ 22%] Building C object CMakeFiles/yaml.dir/src/writer.c.o
[ 25%] Linking C static library libyaml_static.a
make[4]: Leaving directory '/src/packages/libyaml/build/libyaml-0.2.1'
[ 25%] Built target yaml
make[4]: Entering directory '/src/packages/libyaml/build/libyaml-0.2.1'
make[4]: Entering directory '/src/packages/libyaml/build/libyaml-0.2.1'
make[4]: Entering directory '/src/packages/libyaml/build/libyaml-0.2.1'
make[4]: Entering directory '/src/packages/libyaml/build/libyaml-0.2.1'
Scanning dependencies of target example-reformatter-alt
Scanning dependencies of target run-emitter
make[4]: Leaving directory '/src/packages/libyaml/build/libyaml-0.2.1'
make[4]: Leaving directory '/src/packages/libyaml/build/libyaml-0.2.1'
Scanning dependencies of target example-deconstructor
Scanning dependencies of target run-parser-test-suite
make[4]: Leaving directory '/src/packages/libyaml/build/libyaml-0.2.1'
make[4]: Leaving directory '/src/packages/libyaml/build/libyaml-0.2.1'
make[4]: Entering directory '/src/packages/libyaml/build/libyaml-0.2.1'
make[4]: Entering directory '/src/packages/libyaml/build/libyaml-0.2.1'
make[4]: Entering directory '/src/packages/libyaml/build/libyaml-0.2.1'
make[4]: Entering directory '/src/packages/libyaml/build/libyaml-0.2.1'
[ 28%] Building C object tests/CMakeFiles/example-reformatter-alt.dir/example-reformatter-alt.c.o
[ 31%] Building C object tests/CMakeFiles/run-emitter.dir/run-emitter.c.o
[ 34%] Building C object tests/CMakeFiles/example-deconstructor.dir/example-deconstructor.c.o
[ 37%] Building C object tests/CMakeFiles/run-parser-test-suite.dir/run-parser-test-suite.c.o
/src/packages/libyaml/build/libyaml-0.2.1/tests/run-emitter.c:142:61: warning: self-comparison always evaluates to false [-Wtautological-compare]
                    || (event2->data.scalar.quoted_implicit != event2->data.scalar.quoted_implicit)
                                                            ^
1 warning generated.
[ 40%] Linking C executable ../example-reformatter-alt.js
[ 45%] Linking C executable ../run-parser-test-suite.js
[ 45%] Linking C executable ../run-emitter.js
[ 48%] Linking C executable ../example-deconstructor.js
cache:INFO: generating system library: sysroot/lib/wasm32-emscripten/libGL.a... (this will be cached in "/src/emsdk/emsdk/upstream/emscripten/cache/sysroot/lib/wasm32-emscripten/libGL.a" for subsequent builds)
cache:INFO:  - ok
cache:INFO: generating system library: sysroot/lib/wasm32-emscripten/libal.a... (this will be cached in "/src/emsdk/emsdk/upstream/emscripten/cache/sysroot/lib/wasm32-emscripten/libal.a" for subsequent builds)
cache:INFO:  - ok
cache:INFO: generating system library: sysroot/lib/wasm32-emscripten/libhtml5.a... (this will be cached in "/src/emsdk/emsdk/upstream/emscripten/cache/sysroot/lib/wasm32-emscripten/libhtml5.a" for subsequent builds)
cache:INFO:  - ok
cache:INFO: generating system library: sysroot/lib/wasm32-emscripten/libc.a... (this will be cached in "/src/emsdk/emsdk/upstream/emscripten/cache/sysroot/lib/wasm32-emscripten/libc.a" for subsequent builds)
cache:WARNING: Accessing the Emscripten cache at "/src/emsdk/emsdk/upstream/emscripten/cache" is taking a long time, another process should be writing to it. If there are none and you suspect this process has deadlocked, try deleting the lock file "/src/emsdk/emsdk/upstream/emscripten/cache/cache.lock" and try again. If this occurs deterministically, consider filing a bug.
cache:WARNING: Accessing the Emscripten cache at "/src/emsdk/emsdk/upstream/emscripten/cache" is taking a long time, another process should be writing to it. If there are none and you suspect this process has deadlocked, try deleting the lock file "/src/emsdk/emsdk/upstream/emscripten/cache/cache.lock" and try again. If this occurs deterministically, consider filing a bug.
cache:WARNING: Accessing the Emscripten cache at "/src/emsdk/emsdk/upstream/emscripten/cache" is taking a long time, another process should be writing to it. If there are none and you suspect this process has deadlocked, try deleting the lock file "/src/emsdk/emsdk/upstream/emscripten/cache/cache.lock" and try again. If this occurs deterministically, consider filing a bug.
cache:INFO:  - ok
cache:INFO: generating system library: sysroot/lib/wasm32-emscripten/libcompiler_rt.a... (this will be cached in "/src/emsdk/emsdk/upstream/emscripten/cache/sysroot/lib/wasm32-emscripten/libcompiler_rt.a" for subsequent builds)
cache:WARNING: Accessing the Emscripten cache at "/src/emsdk/emsdk/upstream/emscripten/cache" is taking a long time, another process should be writing to it. If there are none and you suspect this process has deadlocked, try deleting the lock file "/src/emsdk/emsdk/upstream/emscripten/cache/cache.lock" and try again. If this occurs deterministically, consider filing a bug.
cache:WARNING: Accessing the Emscripten cache at "/src/emsdk/emsdk/upstream/emscripten/cache" is taking a long time, another process should be writing to it. If there are none and you suspect this process has deadlocked, try deleting the lock file "/src/emsdk/emsdk/upstream/emscripten/cache/cache.lock" and try again. If this occurs deterministically, consider filing a bug.
cache:INFO:  - ok
cache:INFO: generating system library: sysroot/lib/wasm32-emscripten/libc++-noexcept.a... (this will be cached in "/src/emsdk/emsdk/upstream/emscripten/cache/sysroot/lib/wasm32-emscripten/libc++-noexcept.a" for subsequent builds)
cache:INFO:  - ok
cache:INFO: generating system library: sysroot/lib/wasm32-emscripten/libc++abi-noexcept.a... (this will be cached in "/src/emsdk/emsdk/upstream/emscripten/cache/sysroot/lib/wasm32-emscripten/libc++abi-noexcept.a" for subsequent builds)
cache:INFO:  - ok
cache:INFO: generating system library: sysroot/lib/wasm32-emscripten/libdlmalloc.a... (this will be cached in "/src/emsdk/emsdk/upstream/emscripten/cache/sysroot/lib/wasm32-emscripten/libdlmalloc.a" for subsequent builds)
cache:INFO:  - ok
cache:INFO: generating system library: sysroot/lib/wasm32-emscripten/libc_rt_wasm.a... (this will be cached in "/src/emsdk/emsdk/upstream/emscripten/cache/sysroot/lib/wasm32-emscripten/libc_rt_wasm.a" for subsequent builds)
cache:WARNING: Accessing the Emscripten cache at "/src/emsdk/emsdk/upstream/emscripten/cache" is taking a long time, another process should be writing to it. If there are none and you suspect this process has deadlocked, try deleting the lock file "/src/emsdk/emsdk/upstream/emscripten/cache/cache.lock" and try again. If this occurs deterministically, consider filing a bug.
cache:WARNING: Accessing the Emscripten cache at "/src/emsdk/emsdk/upstream/emscripten/cache" is taking a long time, another process should be writing to it. If there are none and you suspect this process has deadlocked, try deleting the lock file "/src/emsdk/emsdk/upstream/emscripten/cache/cache.lock" and try again. If this occurs deterministically, consider filing a bug.
cache:INFO:  - ok
cache:INFO: generating system library: sysroot/lib/wasm32-emscripten/libsockets.a... (this will be cached in "/src/emsdk/emsdk/upstream/emscripten/cache/sysroot/lib/wasm32-emscripten/libsockets.a" for subsequent builds)
cache:INFO:  - ok
make[4]: Leaving directory '/src/packages/libyaml/build/libyaml-0.2.1'
make[4]: Leaving directory '/src/packages/libyaml/build/libyaml-0.2.1'
make[4]: Leaving directory '/src/packages/libyaml/build/libyaml-0.2.1'
[ 48%] Built target example-reformatter-alt
[ 48%] Built target example-deconstructor
[ 48%] Built target run-parser-test-suite
make[4]: Leaving directory '/src/packages/libyaml/build/libyaml-0.2.1'
make[4]: Entering directory '/src/packages/libyaml/build/libyaml-0.2.1'
make[4]: Entering directory '/src/packages/libyaml/build/libyaml-0.2.1'
[ 48%] Built target run-emitter
make[4]: Entering directory '/src/packages/libyaml/build/libyaml-0.2.1'
make[4]: Entering directory '/src/packages/libyaml/build/libyaml-0.2.1'
Scanning dependencies of target test-version
make[4]: Leaving directory '/src/packages/libyaml/build/libyaml-0.2.1'
Scanning dependencies of target example-deconstructor-alt
make[4]: Leaving directory '/src/packages/libyaml/build/libyaml-0.2.1'
Scanning dependencies of target run-dumper
make[4]: Leaving directory '/src/packages/libyaml/build/libyaml-0.2.1'
Scanning dependencies of target run-emitter-test-suite
make[4]: Entering directory '/src/packages/libyaml/build/libyaml-0.2.1'
make[4]: Leaving directory '/src/packages/libyaml/build/libyaml-0.2.1'
make[4]: Entering directory '/src/packages/libyaml/build/libyaml-0.2.1'
make[4]: Entering directory '/src/packages/libyaml/build/libyaml-0.2.1'
[ 51%] Building C object tests/CMakeFiles/test-version.dir/test-version.c.o
[ 54%] Building C object tests/CMakeFiles/example-deconstructor-alt.dir/example-deconstructor-alt.c.o
make[4]: Entering directory '/src/packages/libyaml/build/libyaml-0.2.1'
[ 60%] Building C object tests/CMakeFiles/run-emitter-test-suite.dir/run-emitter-test-suite.c.o
[ 60%] Building C object tests/CMakeFiles/run-dumper.dir/run-dumper.c.o
[ 62%] Linking C executable ../test-version.js
[ 65%] Linking C executable ../run-emitter-test-suite.js
[ 68%] Linking C executable ../run-dumper.js
[ 71%] Linking C executable ../example-deconstructor-alt.js
make[4]: Leaving directory '/src/packages/libyaml/build/libyaml-0.2.1'
[ 71%] Built target example-deconstructor-alt
make[4]: Entering directory '/src/packages/libyaml/build/libyaml-0.2.1'
make[4]: Leaving directory '/src/packages/libyaml/build/libyaml-0.2.1'
make[4]: Leaving directory '/src/packages/libyaml/build/libyaml-0.2.1'
[ 71%] Built target test-version
make[4]: Leaving directory '/src/packages/libyaml/build/libyaml-0.2.1'
[ 71%] Built target run-dumper
Scanning dependencies of target run-loader
make[4]: Leaving directory '/src/packages/libyaml/build/libyaml-0.2.1'
make[4]: Entering directory '/src/packages/libyaml/build/libyaml-0.2.1'
[ 71%] Built target run-emitter-test-suite
make[4]: Entering directory '/src/packages/libyaml/build/libyaml-0.2.1'
make[4]: Entering directory '/src/packages/libyaml/build/libyaml-0.2.1'
make[4]: Entering directory '/src/packages/libyaml/build/libyaml-0.2.1'
Scanning dependencies of target run-parser
make[4]: Leaving directory '/src/packages/libyaml/build/libyaml-0.2.1'
[ 74%] Building C object tests/CMakeFiles/run-loader.dir/run-loader.c.o
Scanning dependencies of target example-reformatter
make[4]: Leaving directory '/src/packages/libyaml/build/libyaml-0.2.1'
make[4]: Entering directory '/src/packages/libyaml/build/libyaml-0.2.1'
Scanning dependencies of target run-scanner
make[4]: Leaving directory '/src/packages/libyaml/build/libyaml-0.2.1'
[ 77%] Building C object tests/CMakeFiles/run-parser.dir/run-parser.c.o
make[4]: Entering directory '/src/packages/libyaml/build/libyaml-0.2.1'
[ 80%] Building C object tests/CMakeFiles/example-reformatter.dir/example-reformatter.c.o
make[4]: Entering directory '/src/packages/libyaml/build/libyaml-0.2.1'
[ 82%] Building C object tests/CMakeFiles/run-scanner.dir/run-scanner.c.o
[ 85%] Linking C executable ../run-loader.js
[ 88%] Linking C executable ../run-parser.js
[ 91%] Linking C executable ../example-reformatter.js
[ 94%] Linking C executable ../run-scanner.js
make[4]: Leaving directory '/src/packages/libyaml/build/libyaml-0.2.1'
make[4]: Leaving directory '/src/packages/libyaml/build/libyaml-0.2.1'
make[4]: Leaving directory '/src/packages/libyaml/build/libyaml-0.2.1'
[ 94%] Built target run-scanner
[ 94%] Built target run-parser
[ 94%] Built target run-loader
make[4]: Entering directory '/src/packages/libyaml/build/libyaml-0.2.1'
make[4]: Leaving directory '/src/packages/libyaml/build/libyaml-0.2.1'
[ 94%] Built target example-reformatter
Scanning dependencies of target test-reader
make[4]: Leaving directory '/src/packages/libyaml/build/libyaml-0.2.1'
make[4]: Entering directory '/src/packages/libyaml/build/libyaml-0.2.1'
[ 97%] Building C object tests/CMakeFiles/test-reader.dir/test-reader.c.o
[100%] Linking C executable ../test-reader.js
make[4]: Leaving directory '/src/packages/libyaml/build/libyaml-0.2.1'
[100%] Built target test-reader
make[3]: Leaving directory '/src/packages/libyaml/build/libyaml-0.2.1'
make[2]: Leaving directory '/src/packages/libyaml/build/libyaml-0.2.1'
[2021-12-18 01:58:57] Building package libyaml...
[2021-12-18 02:21:56] done building package libyaml in 1379.2 s.
