running install
running bdist_egg
running egg_info
writing more_itertools.egg-info/PKG-INFO
writing dependency_links to more_itertools.egg-info/dependency_links.txt
writing top-level names to more_itertools.egg-info/top_level.txt
reading manifest file 'more_itertools.egg-info/SOURCES.txt'
reading manifest template 'MANIFEST.in'
warning: no files found matching 'fabfile.py'
adding license file 'LICENSE'
writing manifest file 'more_itertools.egg-info/SOURCES.txt'
installing library code to build/bdist.linux-x86_64/egg
running install_lib
running build_py
creating build
creating build/lib
creating build/lib/more_itertools
copying more_itertools/__init__.py -> build/lib/more_itertools
copying more_itertools/more.py -> build/lib/more_itertools
copying more_itertools/recipes.py -> build/lib/more_itertools
creating build/bdist.linux-x86_64
creating build/bdist.linux-x86_64/egg
creating build/bdist.linux-x86_64/egg/more_itertools
copying build/lib/more_itertools/__init__.py -> build/bdist.linux-x86_64/egg/more_itertools
copying build/lib/more_itertools/more.py -> build/bdist.linux-x86_64/egg/more_itertools
copying build/lib/more_itertools/recipes.py -> build/bdist.linux-x86_64/egg/more_itertools
byte-compiling build/bdist.linux-x86_64/egg/more_itertools/__init__.py to __init__.cpython-39.pyc
byte-compiling build/bdist.linux-x86_64/egg/more_itertools/more.py to more.cpython-39.pyc
byte-compiling build/bdist.linux-x86_64/egg/more_itertools/recipes.py to recipes.cpython-39.pyc
creating build/bdist.linux-x86_64/egg/EGG-INFO
copying more_itertools.egg-info/PKG-INFO -> build/bdist.linux-x86_64/egg/EGG-INFO
copying more_itertools.egg-info/SOURCES.txt -> build/bdist.linux-x86_64/egg/EGG-INFO
copying more_itertools.egg-info/dependency_links.txt -> build/bdist.linux-x86_64/egg/EGG-INFO
copying more_itertools.egg-info/top_level.txt -> build/bdist.linux-x86_64/egg/EGG-INFO
zip_safe flag not set; analyzing archive contents...
creating dist
creating 'dist/more_itertools-8.8.0-py3.9.egg' and adding 'build/bdist.linux-x86_64/egg' to it
removing 'build/bdist.linux-x86_64/egg' (and everything under it)
Processing more_itertools-8.8.0-py3.9.egg
Copying more_itertools-8.8.0-py3.9.egg to /src/packages/.artifacts/lib/python
Adding more-itertools 8.8.0 to easy-install.pth file

Installed /src/packages/.artifacts/lib/python/more_itertools-8.8.0-py3.9.egg
Processing dependencies for more-itertools==8.8.0
Finished processing dependencies for more-itertools==8.8.0
running install
running install_lib
creating install
creating install/lib
creating install/lib/python3.9
creating install/lib/python3.9/site-packages
creating install/lib/python3.9/site-packages/more_itertools
copying build/lib/more_itertools/__init__.py -> install/lib/python3.9/site-packages/more_itertools
copying build/lib/more_itertools/more.py -> install/lib/python3.9/site-packages/more_itertools
copying build/lib/more_itertools/recipes.py -> install/lib/python3.9/site-packages/more_itertools
byte-compiling install/lib/python3.9/site-packages/more_itertools/__init__.py to __init__.cpython-39.pyc
byte-compiling install/lib/python3.9/site-packages/more_itertools/more.py to more.cpython-39.pyc
byte-compiling install/lib/python3.9/site-packages/more_itertools/recipes.py to recipes.cpython-39.pyc
running install_egg_info
running egg_info
writing more_itertools.egg-info/PKG-INFO
writing dependency_links to more_itertools.egg-info/dependency_links.txt
writing top-level names to more_itertools.egg-info/top_level.txt
reading manifest file 'more_itertools.egg-info/SOURCES.txt'
reading manifest template 'MANIFEST.in'
warning: no files found matching 'fabfile.py'
adding license file 'LICENSE'
writing manifest file 'more_itertools.egg-info/SOURCES.txt'
Copying more_itertools.egg-info to install/lib/python3.9/site-packages/more_itertools-8.8.0-py3.9.egg-info
running install_scripts
Remember to build the main file with  -s FORCE_FILESYSTEM=1  so that it includes support for loading this file package
converting to ArrayBuffer
compressing package of size 175339
compressed package into 97688
compressed in 90 ms
[2021-12-18 04:01:41] Building package more-itertools...
[2021-12-18 04:02:53] done building package more-itertools in 71.8 s.
