running install
running bdist_egg
running egg_info
writing src/pluggy.egg-info/PKG-INFO
writing dependency_links to src/pluggy.egg-info/dependency_links.txt
writing requirements to src/pluggy.egg-info/requires.txt
writing top-level names to src/pluggy.egg-info/top_level.txt
reading manifest file 'src/pluggy.egg-info/SOURCES.txt'
reading manifest template 'MANIFEST.in'
warning: no files found matching 'CHANGELOG'
warning: no previously-included files matching '*.pyc' found under directory '*'
warning: no previously-included files matching '*.pyo' found under directory '*'
adding license file 'LICENSE'
writing manifest file 'src/pluggy.egg-info/SOURCES.txt'
installing library code to build/bdist.linux-x86_64/egg
running install_lib
running build_py
creating build
creating build/lib
creating build/lib/pluggy
copying src/pluggy/_tracing.py -> build/lib/pluggy
copying src/pluggy/hooks.py -> build/lib/pluggy
copying src/pluggy/_version.py -> build/lib/pluggy
copying src/pluggy/callers.py -> build/lib/pluggy
copying src/pluggy/__init__.py -> build/lib/pluggy
copying src/pluggy/manager.py -> build/lib/pluggy
creating build/bdist.linux-x86_64
creating build/bdist.linux-x86_64/egg
creating build/bdist.linux-x86_64/egg/pluggy
copying build/lib/pluggy/_tracing.py -> build/bdist.linux-x86_64/egg/pluggy
copying build/lib/pluggy/hooks.py -> build/bdist.linux-x86_64/egg/pluggy
copying build/lib/pluggy/_version.py -> build/bdist.linux-x86_64/egg/pluggy
copying build/lib/pluggy/callers.py -> build/bdist.linux-x86_64/egg/pluggy
copying build/lib/pluggy/__init__.py -> build/bdist.linux-x86_64/egg/pluggy
copying build/lib/pluggy/manager.py -> build/bdist.linux-x86_64/egg/pluggy
byte-compiling build/bdist.linux-x86_64/egg/pluggy/_tracing.py to _tracing.cpython-39.pyc
byte-compiling build/bdist.linux-x86_64/egg/pluggy/hooks.py to hooks.cpython-39.pyc
byte-compiling build/bdist.linux-x86_64/egg/pluggy/_version.py to _version.cpython-39.pyc
byte-compiling build/bdist.linux-x86_64/egg/pluggy/callers.py to callers.cpython-39.pyc
byte-compiling build/bdist.linux-x86_64/egg/pluggy/__init__.py to __init__.cpython-39.pyc
byte-compiling build/bdist.linux-x86_64/egg/pluggy/manager.py to manager.cpython-39.pyc
creating build/bdist.linux-x86_64/egg/EGG-INFO
copying src/pluggy.egg-info/PKG-INFO -> build/bdist.linux-x86_64/egg/EGG-INFO
copying src/pluggy.egg-info/SOURCES.txt -> build/bdist.linux-x86_64/egg/EGG-INFO
copying src/pluggy.egg-info/dependency_links.txt -> build/bdist.linux-x86_64/egg/EGG-INFO
copying src/pluggy.egg-info/requires.txt -> build/bdist.linux-x86_64/egg/EGG-INFO
copying src/pluggy.egg-info/top_level.txt -> build/bdist.linux-x86_64/egg/EGG-INFO
zip_safe flag not set; analyzing archive contents...
pluggy.__pycache__.manager.cpython-39: module MAY be using inspect.trace
creating dist
creating 'dist/pluggy-0.13.1-py3.9.egg' and adding 'build/bdist.linux-x86_64/egg' to it
removing 'build/bdist.linux-x86_64/egg' (and everything under it)
Processing pluggy-0.13.1-py3.9.egg
creating /src/packages/.artifacts/lib/python/pluggy-0.13.1-py3.9.egg
Extracting pluggy-0.13.1-py3.9.egg to /src/packages/.artifacts/lib/python
Adding pluggy 0.13.1 to easy-install.pth file

Installed /src/packages/.artifacts/lib/python/pluggy-0.13.1-py3.9.egg
Processing dependencies for pluggy==0.13.1
Finished processing dependencies for pluggy==0.13.1
running install
running install_lib
creating install
creating install/lib
creating install/lib/python3.9
creating install/lib/python3.9/site-packages
creating install/lib/python3.9/site-packages/pluggy
copying build/lib/pluggy/_tracing.py -> install/lib/python3.9/site-packages/pluggy
copying build/lib/pluggy/hooks.py -> install/lib/python3.9/site-packages/pluggy
copying build/lib/pluggy/_version.py -> install/lib/python3.9/site-packages/pluggy
copying build/lib/pluggy/callers.py -> install/lib/python3.9/site-packages/pluggy
copying build/lib/pluggy/__init__.py -> install/lib/python3.9/site-packages/pluggy
copying build/lib/pluggy/manager.py -> install/lib/python3.9/site-packages/pluggy
byte-compiling install/lib/python3.9/site-packages/pluggy/_tracing.py to _tracing.cpython-39.pyc
byte-compiling install/lib/python3.9/site-packages/pluggy/hooks.py to hooks.cpython-39.pyc
byte-compiling install/lib/python3.9/site-packages/pluggy/_version.py to _version.cpython-39.pyc
byte-compiling install/lib/python3.9/site-packages/pluggy/callers.py to callers.cpython-39.pyc
byte-compiling install/lib/python3.9/site-packages/pluggy/__init__.py to __init__.cpython-39.pyc
byte-compiling install/lib/python3.9/site-packages/pluggy/manager.py to manager.cpython-39.pyc
running install_egg_info
running egg_info
writing src/pluggy.egg-info/PKG-INFO
writing dependency_links to src/pluggy.egg-info/dependency_links.txt
writing requirements to src/pluggy.egg-info/requires.txt
writing top-level names to src/pluggy.egg-info/top_level.txt
reading manifest file 'src/pluggy.egg-info/SOURCES.txt'
reading manifest template 'MANIFEST.in'
warning: no files found matching 'CHANGELOG'
warning: no previously-included files matching '*.pyc' found under directory '*'
warning: no previously-included files matching '*.pyo' found under directory '*'
adding license file 'LICENSE'
writing manifest file 'src/pluggy.egg-info/SOURCES.txt'
Copying src/pluggy.egg-info to install/lib/python3.9/site-packages/pluggy-0.13.1-py3.9.egg-info
running install_scripts
Remember to build the main file with  -s FORCE_FILESYSTEM=1  so that it includes support for loading this file package
converting to ArrayBuffer
compressing package of size 53771
compressed package into 34944
compressed in 75 ms
[2021-12-18 02:06:54] Building package pluggy...
[2021-12-18 02:08:42] done building package pluggy in 108.0 s.
