running install
running bdist_egg
running egg_info
writing pylev.egg-info/PKG-INFO
writing dependency_links to pylev.egg-info/dependency_links.txt
writing top-level names to pylev.egg-info/top_level.txt
reading manifest file 'pylev.egg-info/SOURCES.txt'
reading manifest template 'MANIFEST.in'
adding license file 'LICENSE'
writing manifest file 'pylev.egg-info/SOURCES.txt'
installing library code to build/bdist.linux-x86_64/egg
running install_lib
running build_py
creating build
creating build/lib
creating build/lib/pylev
copying pylev/damerau.py -> build/lib/pylev
copying pylev/wf.py -> build/lib/pylev
copying pylev/recursive.py -> build/lib/pylev
copying pylev/__init__.py -> build/lib/pylev
copying pylev/classic.py -> build/lib/pylev
creating build/bdist.linux-x86_64
creating build/bdist.linux-x86_64/egg
creating build/bdist.linux-x86_64/egg/pylev
copying build/lib/pylev/damerau.py -> build/bdist.linux-x86_64/egg/pylev
copying build/lib/pylev/wf.py -> build/bdist.linux-x86_64/egg/pylev
copying build/lib/pylev/recursive.py -> build/bdist.linux-x86_64/egg/pylev
copying build/lib/pylev/__init__.py -> build/bdist.linux-x86_64/egg/pylev
copying build/lib/pylev/classic.py -> build/bdist.linux-x86_64/egg/pylev
byte-compiling build/bdist.linux-x86_64/egg/pylev/damerau.py to damerau.cpython-39.pyc
byte-compiling build/bdist.linux-x86_64/egg/pylev/wf.py to wf.cpython-39.pyc
byte-compiling build/bdist.linux-x86_64/egg/pylev/recursive.py to recursive.cpython-39.pyc
byte-compiling build/bdist.linux-x86_64/egg/pylev/__init__.py to __init__.cpython-39.pyc
byte-compiling build/bdist.linux-x86_64/egg/pylev/classic.py to classic.cpython-39.pyc
creating build/bdist.linux-x86_64/egg/EGG-INFO
copying pylev.egg-info/PKG-INFO -> build/bdist.linux-x86_64/egg/EGG-INFO
copying pylev.egg-info/SOURCES.txt -> build/bdist.linux-x86_64/egg/EGG-INFO
copying pylev.egg-info/dependency_links.txt -> build/bdist.linux-x86_64/egg/EGG-INFO
copying pylev.egg-info/not-zip-safe -> build/bdist.linux-x86_64/egg/EGG-INFO
copying pylev.egg-info/top_level.txt -> build/bdist.linux-x86_64/egg/EGG-INFO
creating dist
creating 'dist/pylev-1.4.0-py3.9.egg' and adding 'build/bdist.linux-x86_64/egg' to it
removing 'build/bdist.linux-x86_64/egg' (and everything under it)
Processing pylev-1.4.0-py3.9.egg
creating /src/packages/.artifacts/lib/python/pylev-1.4.0-py3.9.egg
Extracting pylev-1.4.0-py3.9.egg to /src/packages/.artifacts/lib/python
Adding pylev 1.4.0 to easy-install.pth file

Installed /src/packages/.artifacts/lib/python/pylev-1.4.0-py3.9.egg
Processing dependencies for pylev==1.4.0
Finished processing dependencies for pylev==1.4.0
running install
running install_lib
creating install
creating install/lib
creating install/lib/python3.9
creating install/lib/python3.9/site-packages
creating install/lib/python3.9/site-packages/pylev
copying build/lib/pylev/damerau.py -> install/lib/python3.9/site-packages/pylev
copying build/lib/pylev/wf.py -> install/lib/python3.9/site-packages/pylev
copying build/lib/pylev/recursive.py -> install/lib/python3.9/site-packages/pylev
copying build/lib/pylev/__init__.py -> install/lib/python3.9/site-packages/pylev
copying build/lib/pylev/classic.py -> install/lib/python3.9/site-packages/pylev
byte-compiling install/lib/python3.9/site-packages/pylev/damerau.py to damerau.cpython-39.pyc
byte-compiling install/lib/python3.9/site-packages/pylev/wf.py to wf.cpython-39.pyc
byte-compiling install/lib/python3.9/site-packages/pylev/recursive.py to recursive.cpython-39.pyc
byte-compiling install/lib/python3.9/site-packages/pylev/__init__.py to __init__.cpython-39.pyc
byte-compiling install/lib/python3.9/site-packages/pylev/classic.py to classic.cpython-39.pyc
running install_egg_info
running egg_info
writing pylev.egg-info/PKG-INFO
writing dependency_links to pylev.egg-info/dependency_links.txt
writing top-level names to pylev.egg-info/top_level.txt
reading manifest file 'pylev.egg-info/SOURCES.txt'
reading manifest template 'MANIFEST.in'
adding license file 'LICENSE'
writing manifest file 'pylev.egg-info/SOURCES.txt'
Copying pylev.egg-info to install/lib/python3.9/site-packages/pylev-1.4.0-py3.9.egg-info
running install_scripts
Remember to build the main file with  -s FORCE_FILESYSTEM=1  so that it includes support for loading this file package
converting to ArrayBuffer
compressing package of size 9944
compressed package into 9741
compressed in 34 ms
[2021-12-19 02:47:29] Building package pylev...
[2021-12-19 02:48:23] done building package pylev in 54.0 s.
