running install
running bdist_egg
running egg_info
writing pynvml.egg-info/PKG-INFO
writing dependency_links to pynvml.egg-info/dependency_links.txt
writing top-level names to pynvml.egg-info/top_level.txt
reading manifest file 'pynvml.egg-info/SOURCES.txt'
reading manifest template 'MANIFEST.in'
adding license file 'LICENSE.txt'
writing manifest file 'pynvml.egg-info/SOURCES.txt'
installing library code to build/bdist.linux-x86_64/egg
running install_lib
running build_py
creating build
creating build/lib
creating build/lib/pynvml
copying pynvml/_version.py -> build/lib/pynvml
copying pynvml/smi.py -> build/lib/pynvml
copying pynvml/__init__.py -> build/lib/pynvml
copying pynvml/nvml.py -> build/lib/pynvml
UPDATING build/lib/pynvml/_version.py
set build/lib/pynvml/_version.py to '11.4.1'
creating build/bdist.linux-x86_64
creating build/bdist.linux-x86_64/egg
creating build/bdist.linux-x86_64/egg/pynvml
copying build/lib/pynvml/_version.py -> build/bdist.linux-x86_64/egg/pynvml
copying build/lib/pynvml/smi.py -> build/bdist.linux-x86_64/egg/pynvml
copying build/lib/pynvml/__init__.py -> build/bdist.linux-x86_64/egg/pynvml
copying build/lib/pynvml/nvml.py -> build/bdist.linux-x86_64/egg/pynvml
byte-compiling build/bdist.linux-x86_64/egg/pynvml/_version.py to _version.cpython-39.pyc
byte-compiling build/bdist.linux-x86_64/egg/pynvml/smi.py to smi.cpython-39.pyc
byte-compiling build/bdist.linux-x86_64/egg/pynvml/__init__.py to __init__.cpython-39.pyc
byte-compiling build/bdist.linux-x86_64/egg/pynvml/nvml.py to nvml.cpython-39.pyc
creating build/bdist.linux-x86_64/egg/EGG-INFO
copying pynvml.egg-info/PKG-INFO -> build/bdist.linux-x86_64/egg/EGG-INFO
copying pynvml.egg-info/SOURCES.txt -> build/bdist.linux-x86_64/egg/EGG-INFO
copying pynvml.egg-info/dependency_links.txt -> build/bdist.linux-x86_64/egg/EGG-INFO
copying pynvml.egg-info/top_level.txt -> build/bdist.linux-x86_64/egg/EGG-INFO
zip_safe flag not set; analyzing archive contents...
creating dist
creating 'dist/pynvml-11.4.1-py3.9.egg' and adding 'build/bdist.linux-x86_64/egg' to it
removing 'build/bdist.linux-x86_64/egg' (and everything under it)
Processing pynvml-11.4.1-py3.9.egg
Copying pynvml-11.4.1-py3.9.egg to /src/packages/.artifacts/lib/python
Adding pynvml 11.4.1 to easy-install.pth file

Installed /src/packages/.artifacts/lib/python/pynvml-11.4.1-py3.9.egg
Processing dependencies for pynvml==11.4.1
Finished processing dependencies for pynvml==11.4.1
running install
running install_lib
creating install
creating install/lib
creating install/lib/python3.9
creating install/lib/python3.9/site-packages
creating install/lib/python3.9/site-packages/pynvml
copying build/lib/pynvml/_version.py -> install/lib/python3.9/site-packages/pynvml
copying build/lib/pynvml/smi.py -> install/lib/python3.9/site-packages/pynvml
copying build/lib/pynvml/__init__.py -> install/lib/python3.9/site-packages/pynvml
copying build/lib/pynvml/nvml.py -> install/lib/python3.9/site-packages/pynvml
byte-compiling install/lib/python3.9/site-packages/pynvml/_version.py to _version.cpython-39.pyc
byte-compiling install/lib/python3.9/site-packages/pynvml/smi.py to smi.cpython-39.pyc
byte-compiling install/lib/python3.9/site-packages/pynvml/__init__.py to __init__.cpython-39.pyc
byte-compiling install/lib/python3.9/site-packages/pynvml/nvml.py to nvml.cpython-39.pyc
running install_egg_info
running egg_info
writing pynvml.egg-info/PKG-INFO
writing dependency_links to pynvml.egg-info/dependency_links.txt
writing top-level names to pynvml.egg-info/top_level.txt
reading manifest file 'pynvml.egg-info/SOURCES.txt'
reading manifest template 'MANIFEST.in'
adding license file 'LICENSE.txt'
writing manifest file 'pynvml.egg-info/SOURCES.txt'
Copying pynvml.egg-info to install/lib/python3.9/site-packages/pynvml-11.4.1-py3.9.egg-info
running install_scripts
Remember to build the main file with  -s FORCE_FILESYSTEM=1  so that it includes support for loading this file package
converting to ArrayBuffer
compressing package of size 281505
compressed package into 112900
compressed in 71 ms
[2021-12-19 02:56:17] Building package pynvml...
[2021-12-19 02:57:05] done building package pynvml in 47.3 s.
