running install
running bdist_egg
running egg_info
writing pyodide_interrupts.egg-info/PKG-INFO
writing dependency_links to pyodide_interrupts.egg-info/dependency_links.txt
writing top-level names to pyodide_interrupts.egg-info/top_level.txt
reading manifest file 'pyodide_interrupts.egg-info/SOURCES.txt'
writing manifest file 'pyodide_interrupts.egg-info/SOURCES.txt'
installing library code to build/bdist.linux-x86_64/egg
running install_lib
running build_py
creating build
creating build/lib.linux-x86_64-3.9
creating build/lib.linux-x86_64-3.9/pyodide_interrupts
copying pyodide_interrupts/__init__.py -> build/lib.linux-x86_64-3.9/pyodide_interrupts
running build_ext
building 'pyodide_interrupts._pyodide_interrupts' extension
creating build/temp.linux-x86_64-3.9
creating build/temp.linux-x86_64-3.9/pyodide_interrupts
cc -Wno-unused-result -Wsign-compare -DNDEBUG -g -fwrapv -O3 -Wall -fPIC -I/usr/local/include/python3.9 -c pyodide_interrupts/pyodide_interrupts.c -o build/temp.linux-x86_64-3.9/pyodide_interrupts/pyodide_interrupts.o
gcc -pthread -shared -Wl,--strip-all build/temp.linux-x86_64-3.9/pyodide_interrupts/pyodide_interrupts.o -L/usr/local/lib -o build/lib.linux-x86_64-3.9/pyodide_interrupts/_pyodide_interrupts.cpython-39-x86_64-linux-gnu.so
creating build/bdist.linux-x86_64
creating build/bdist.linux-x86_64/egg
creating build/bdist.linux-x86_64/egg/pyodide_interrupts
copying build/lib.linux-x86_64-3.9/pyodide_interrupts/_pyodide_interrupts.cpython-39-x86_64-linux-gnu.so -> build/bdist.linux-x86_64/egg/pyodide_interrupts
copying build/lib.linux-x86_64-3.9/pyodide_interrupts/__init__.py -> build/bdist.linux-x86_64/egg/pyodide_interrupts
byte-compiling build/bdist.linux-x86_64/egg/pyodide_interrupts/__init__.py to __init__.cpython-39.pyc
creating stub loader for pyodide_interrupts/_pyodide_interrupts.cpython-39-x86_64-linux-gnu.so
byte-compiling build/bdist.linux-x86_64/egg/pyodide_interrupts/_pyodide_interrupts.py to _pyodide_interrupts.cpython-39.pyc
creating build/bdist.linux-x86_64/egg/EGG-INFO
copying pyodide_interrupts.egg-info/PKG-INFO -> build/bdist.linux-x86_64/egg/EGG-INFO
copying pyodide_interrupts.egg-info/SOURCES.txt -> build/bdist.linux-x86_64/egg/EGG-INFO
copying pyodide_interrupts.egg-info/dependency_links.txt -> build/bdist.linux-x86_64/egg/EGG-INFO
copying pyodide_interrupts.egg-info/top_level.txt -> build/bdist.linux-x86_64/egg/EGG-INFO
writing build/bdist.linux-x86_64/egg/EGG-INFO/native_libs.txt
zip_safe flag not set; analyzing archive contents...
pyodide_interrupts.__pycache__._pyodide_interrupts.cpython-39: module references __file__
creating dist
creating 'dist/pyodide_interrupts-0.1.1-py3.9-linux-x86_64.egg' and adding 'build/bdist.linux-x86_64/egg' to it
removing 'build/bdist.linux-x86_64/egg' (and everything under it)
Processing pyodide_interrupts-0.1.1-py3.9-linux-x86_64.egg
creating /src/packages/.artifacts/lib/python/pyodide_interrupts-0.1.1-py3.9-linux-x86_64.egg
Extracting pyodide_interrupts-0.1.1-py3.9-linux-x86_64.egg to /src/packages/.artifacts/lib/python
Adding pyodide-interrupts 0.1.1 to easy-install.pth file

Installed /src/packages/.artifacts/lib/python/pyodide_interrupts-0.1.1-py3.9-linux-x86_64.egg
Processing dependencies for pyodide-interrupts==0.1.1
Finished processing dependencies for pyodide-interrupts==0.1.1
running install
running install_lib
creating install
creating install/lib
creating install/lib/python3.9
creating install/lib/python3.9/site-packages
creating install/lib/python3.9/site-packages/pyodide_interrupts
copying build/lib.linux-x86_64-3.9/pyodide_interrupts/_pyodide_interrupts.so -> install/lib/python3.9/site-packages/pyodide_interrupts
copying build/lib.linux-x86_64-3.9/pyodide_interrupts/__init__.py -> install/lib/python3.9/site-packages/pyodide_interrupts
byte-compiling install/lib/python3.9/site-packages/pyodide_interrupts/__init__.py to __init__.cpython-39.pyc
running install_egg_info
running egg_info
writing pyodide_interrupts.egg-info/PKG-INFO
writing dependency_links to pyodide_interrupts.egg-info/dependency_links.txt
writing top-level names to pyodide_interrupts.egg-info/top_level.txt
reading manifest file 'pyodide_interrupts.egg-info/SOURCES.txt'
writing manifest file 'pyodide_interrupts.egg-info/SOURCES.txt'
Copying pyodide_interrupts.egg-info to install/lib/python3.9/site-packages/pyodide_interrupts-0.1.1-py3.9.egg-info
running install_scripts
emcc -O2 -g -fPIC -Wno-unused-result -Wsign-compare -DNDEBUG -g -fwrapv -Wall -fPIC -I/src/cpython/installs/python-3.9.5/include/python3.9 -c pyodide_interrupts/pyodide_interrupts.c -o build/temp.linux-x86_64-3.9/pyodide_interrupts/pyodide_interrupts.o
emcc -s BINARYEN_EXTRA_PASSES="--pass-arg=max-func-params@61" -O2 -s MODULARIZE=1 -s EMULATE_FUNCTION_POINTER_CASTS=1 -s LINKABLE=1 -s EXPORT_ALL=1 -s WASM=1 -std=c++14 -s LZ4=1 -L /installs/python-3.9.5/lib/ -s SIDE_MODULE=1 build/temp.linux-x86_64-3.9/pyodide_interrupts/pyodide_interrupts.o -o build/lib.linux-x86_64-3.9/pyodide_interrupts/_pyodide_interrupts.cpython-39-x86_64-linux-gnu.so
Remember to build the main file with  -s FORCE_FILESYSTEM=1  so that it includes support for loading this file package
converting to ArrayBuffer
compressing package of size 8192
compressed package into 9964
compressed in 16 ms
[2021-12-18 08:37:31] Building package pyodide-interrupts...
[2021-12-18 08:40:06] done building package pyodide-interrupts in 154.9 s.
