running install
running bdist_egg
running egg_info
writing pyparsing.egg-info/PKG-INFO
writing dependency_links to pyparsing.egg-info/dependency_links.txt
writing top-level names to pyparsing.egg-info/top_level.txt
reading manifest file 'pyparsing.egg-info/SOURCES.txt'
reading manifest template 'MANIFEST.in'
warning: no files found matching 'HowToUsePyparsing.rst'
warning: no files found matching 'pyparsingClassDiagram.*'
warning: no files found matching 'README.md'
warning: no files found matching 'modules.rst'
no previously-included directories found matching 'docs/_build/*'
adding license file 'LICENSE'
writing manifest file 'pyparsing.egg-info/SOURCES.txt'
installing library code to build/bdist.linux-x86_64/egg
running install_lib
running build_py
creating build
creating build/lib
copying pyparsing.py -> build/lib
creating build/bdist.linux-x86_64
creating build/bdist.linux-x86_64/egg
copying build/lib/pyparsing.py -> build/bdist.linux-x86_64/egg
byte-compiling build/bdist.linux-x86_64/egg/pyparsing.py to pyparsing.cpython-39.pyc
creating build/bdist.linux-x86_64/egg/EGG-INFO
copying pyparsing.egg-info/PKG-INFO -> build/bdist.linux-x86_64/egg/EGG-INFO
copying pyparsing.egg-info/SOURCES.txt -> build/bdist.linux-x86_64/egg/EGG-INFO
copying pyparsing.egg-info/dependency_links.txt -> build/bdist.linux-x86_64/egg/EGG-INFO
copying pyparsing.egg-info/top_level.txt -> build/bdist.linux-x86_64/egg/EGG-INFO
zip_safe flag not set; analyzing archive contents...
__pycache__.pyparsing.cpython-39: module MAY be using inspect.getinnerframes
creating dist
creating 'dist/pyparsing-2.4.7-py3.9.egg' and adding 'build/bdist.linux-x86_64/egg' to it
removing 'build/bdist.linux-x86_64/egg' (and everything under it)
Processing pyparsing-2.4.7-py3.9.egg
removing '/src/packages/.artifacts/lib/python/pyparsing-2.4.7-py3.9.egg' (and everything under it)
creating /src/packages/.artifacts/lib/python/pyparsing-2.4.7-py3.9.egg
Extracting pyparsing-2.4.7-py3.9.egg to /src/packages/.artifacts/lib/python
pyparsing 2.4.7 is already the active version in easy-install.pth

Installed /src/packages/.artifacts/lib/python/pyparsing-2.4.7-py3.9.egg
Processing dependencies for pyparsing==2.4.7
Finished processing dependencies for pyparsing==2.4.7
running install
running install_lib
creating install
creating install/lib
creating install/lib/python3.9
creating install/lib/python3.9/site-packages
copying build/lib/pyparsing.py -> install/lib/python3.9/site-packages
byte-compiling install/lib/python3.9/site-packages/pyparsing.py to pyparsing.cpython-39.pyc
running install_egg_info
running egg_info
writing pyparsing.egg-info/PKG-INFO
writing dependency_links to pyparsing.egg-info/dependency_links.txt
writing top-level names to pyparsing.egg-info/top_level.txt
reading manifest file 'pyparsing.egg-info/SOURCES.txt'
reading manifest template 'MANIFEST.in'
warning: no files found matching 'HowToUsePyparsing.rst'
warning: no files found matching 'pyparsingClassDiagram.*'
warning: no files found matching 'README.md'
warning: no files found matching 'modules.rst'
no previously-included directories found matching 'docs/_build/*'
adding license file 'LICENSE'
writing manifest file 'pyparsing.egg-info/SOURCES.txt'
Copying pyparsing.egg-info to install/lib/python3.9/site-packages/pyparsing-2.4.7-py3.9.egg-info
running install_scripts
Remember to build the main file with  -s FORCE_FILESYSTEM=1  so that it includes support for loading this file package
converting to ArrayBuffer
compressing package of size 280598
compressed package into 161182
compressed in 210 ms
[2021-08-12 03:14:48] Building package pyparsing...
[2021-08-12 03:16:09] done building package pyparsing in 81.1 s.
