running install
running bdist_egg
running egg_info
writing rdflib.egg-info/PKG-INFO
writing dependency_links to rdflib.egg-info/dependency_links.txt
writing entry points to rdflib.egg-info/entry_points.txt
writing requirements to rdflib.egg-info/requires.txt
writing top-level names to rdflib.egg-info/top_level.txt
reading manifest file 'rdflib.egg-info/SOURCES.txt'
reading manifest template 'MANIFEST.in'
warning: no files found matching 'ez_setup.py'
no previously-included directories found matching 'docs/_build'
warning: no previously-included files matching '*.pyc' found anywhere in distribution
warning: no previously-included files matching '*$py.class' found anywhere in distribution
adding license file 'LICENSE'
writing manifest file 'rdflib.egg-info/SOURCES.txt'
installing library code to build/bdist.linux-x86_64/egg
running install_lib
running build_py
creating build
creating build/lib
creating build/lib/rdflib
copying rdflib/store.py -> build/lib/rdflib
copying rdflib/compat.py -> build/lib/rdflib
copying rdflib/query.py -> build/lib/rdflib
copying rdflib/paths.py -> build/lib/rdflib
copying rdflib/util.py -> build/lib/rdflib
copying rdflib/term.py -> build/lib/rdflib
copying rdflib/events.py -> build/lib/rdflib
copying rdflib/void.py -> build/lib/rdflib
copying rdflib/graph.py -> build/lib/rdflib
copying rdflib/resource.py -> build/lib/rdflib
copying rdflib/__init__.py -> build/lib/rdflib
copying rdflib/container.py -> build/lib/rdflib
copying rdflib/parser.py -> build/lib/rdflib
copying rdflib/collection.py -> build/lib/rdflib
copying rdflib/plugin.py -> build/lib/rdflib
copying rdflib/serializer.py -> build/lib/rdflib
copying rdflib/exceptions.py -> build/lib/rdflib
copying rdflib/compare.py -> build/lib/rdflib
creating build/lib/rdflib/tools
copying rdflib/tools/rdfpipe.py -> build/lib/rdflib/tools
copying rdflib/tools/rdf2dot.py -> build/lib/rdflib/tools
copying rdflib/tools/__init__.py -> build/lib/rdflib/tools
copying rdflib/tools/graphisomorphism.py -> build/lib/rdflib/tools
copying rdflib/tools/csv2rdf.py -> build/lib/rdflib/tools
copying rdflib/tools/rdfs2dot.py -> build/lib/rdflib/tools
creating build/lib/rdflib/plugins
copying rdflib/plugins/__init__.py -> build/lib/rdflib/plugins
creating build/lib/rdflib/namespace
copying rdflib/namespace/_SKOS.py -> build/lib/rdflib/namespace
copying rdflib/namespace/_SOSA.py -> build/lib/rdflib/namespace
copying rdflib/namespace/_VANN.py -> build/lib/rdflib/namespace
copying rdflib/namespace/_SH.py -> build/lib/rdflib/namespace
copying rdflib/namespace/_FOAF.py -> build/lib/rdflib/namespace
copying rdflib/namespace/_CSVW.py -> build/lib/rdflib/namespace
copying rdflib/namespace/_DCAM.py -> build/lib/rdflib/namespace
copying rdflib/namespace/_DC.py -> build/lib/rdflib/namespace
copying rdflib/namespace/_RDFS.py -> build/lib/rdflib/namespace
copying rdflib/namespace/_PROV.py -> build/lib/rdflib/namespace
copying rdflib/namespace/__init__.py -> build/lib/rdflib/namespace
copying rdflib/namespace/_QB.py -> build/lib/rdflib/namespace
copying rdflib/namespace/_RDF.py -> build/lib/rdflib/namespace
copying rdflib/namespace/_DOAP.py -> build/lib/rdflib/namespace
copying rdflib/namespace/_DCAT.py -> build/lib/rdflib/namespace
copying rdflib/namespace/_OWL.py -> build/lib/rdflib/namespace
copying rdflib/namespace/_BRICK.py -> build/lib/rdflib/namespace
copying rdflib/namespace/_VOID.py -> build/lib/rdflib/namespace
copying rdflib/namespace/_ODRL2.py -> build/lib/rdflib/namespace
copying rdflib/namespace/_DCMITYPE.py -> build/lib/rdflib/namespace
copying rdflib/namespace/_SSN.py -> build/lib/rdflib/namespace
copying rdflib/namespace/_DCTERMS.py -> build/lib/rdflib/namespace
copying rdflib/namespace/_ORG.py -> build/lib/rdflib/namespace
copying rdflib/namespace/_TIME.py -> build/lib/rdflib/namespace
copying rdflib/namespace/_SDO.py -> build/lib/rdflib/namespace
copying rdflib/namespace/_XSD.py -> build/lib/rdflib/namespace
copying rdflib/namespace/_PROF.py -> build/lib/rdflib/namespace
creating build/lib/rdflib/extras
copying rdflib/extras/infixowl.py -> build/lib/rdflib/extras
copying rdflib/extras/__init__.py -> build/lib/rdflib/extras
copying rdflib/extras/describer.py -> build/lib/rdflib/extras
copying rdflib/extras/external_graph_libs.py -> build/lib/rdflib/extras
copying rdflib/extras/cmdlineutils.py -> build/lib/rdflib/extras
creating build/lib/rdflib/plugins/parsers
copying rdflib/plugins/parsers/ntriples.py -> build/lib/rdflib/plugins/parsers
copying rdflib/plugins/parsers/trig.py -> build/lib/rdflib/plugins/parsers
copying rdflib/plugins/parsers/jsonld.py -> build/lib/rdflib/plugins/parsers
copying rdflib/plugins/parsers/notation3.py -> build/lib/rdflib/plugins/parsers
copying rdflib/plugins/parsers/__init__.py -> build/lib/rdflib/plugins/parsers
copying rdflib/plugins/parsers/RDFVOC.py -> build/lib/rdflib/plugins/parsers
copying rdflib/plugins/parsers/nquads.py -> build/lib/rdflib/plugins/parsers
copying rdflib/plugins/parsers/trix.py -> build/lib/rdflib/plugins/parsers
copying rdflib/plugins/parsers/rdfxml.py -> build/lib/rdflib/plugins/parsers
creating build/lib/rdflib/plugins/sparql
copying rdflib/plugins/sparql/update.py -> build/lib/rdflib/plugins/sparql
copying rdflib/plugins/sparql/sparql.py -> build/lib/rdflib/plugins/sparql
copying rdflib/plugins/sparql/algebra.py -> build/lib/rdflib/plugins/sparql
copying rdflib/plugins/sparql/__init__.py -> build/lib/rdflib/plugins/sparql
copying rdflib/plugins/sparql/processor.py -> build/lib/rdflib/plugins/sparql
copying rdflib/plugins/sparql/parserutils.py -> build/lib/rdflib/plugins/sparql
copying rdflib/plugins/sparql/parser.py -> build/lib/rdflib/plugins/sparql
copying rdflib/plugins/sparql/datatypes.py -> build/lib/rdflib/plugins/sparql
copying rdflib/plugins/sparql/aggregates.py -> build/lib/rdflib/plugins/sparql
copying rdflib/plugins/sparql/evalutils.py -> build/lib/rdflib/plugins/sparql
copying rdflib/plugins/sparql/evaluate.py -> build/lib/rdflib/plugins/sparql
copying rdflib/plugins/sparql/operators.py -> build/lib/rdflib/plugins/sparql
creating build/lib/rdflib/plugins/stores
copying rdflib/plugins/stores/concurrent.py -> build/lib/rdflib/plugins/stores
copying rdflib/plugins/stores/memory.py -> build/lib/rdflib/plugins/stores
copying rdflib/plugins/stores/sparqlconnector.py -> build/lib/rdflib/plugins/stores
copying rdflib/plugins/stores/__init__.py -> build/lib/rdflib/plugins/stores
copying rdflib/plugins/stores/regexmatching.py -> build/lib/rdflib/plugins/stores
copying rdflib/plugins/stores/auditable.py -> build/lib/rdflib/plugins/stores
copying rdflib/plugins/stores/berkeleydb.py -> build/lib/rdflib/plugins/stores
copying rdflib/plugins/stores/sparqlstore.py -> build/lib/rdflib/plugins/stores
creating build/lib/rdflib/plugins/shared
copying rdflib/plugins/shared/__init__.py -> build/lib/rdflib/plugins/shared
creating build/lib/rdflib/plugins/serializers
copying rdflib/plugins/serializers/n3.py -> build/lib/rdflib/plugins/serializers
copying rdflib/plugins/serializers/trig.py -> build/lib/rdflib/plugins/serializers
copying rdflib/plugins/serializers/jsonld.py -> build/lib/rdflib/plugins/serializers
copying rdflib/plugins/serializers/__init__.py -> build/lib/rdflib/plugins/serializers
copying rdflib/plugins/serializers/turtle.py -> build/lib/rdflib/plugins/serializers
copying rdflib/plugins/serializers/nt.py -> build/lib/rdflib/plugins/serializers
copying rdflib/plugins/serializers/nquads.py -> build/lib/rdflib/plugins/serializers
copying rdflib/plugins/serializers/trix.py -> build/lib/rdflib/plugins/serializers
copying rdflib/plugins/serializers/rdfxml.py -> build/lib/rdflib/plugins/serializers
copying rdflib/plugins/serializers/xmlwriter.py -> build/lib/rdflib/plugins/serializers
creating build/lib/rdflib/plugins/sparql/results
copying rdflib/plugins/sparql/results/xmlresults.py -> build/lib/rdflib/plugins/sparql/results
copying rdflib/plugins/sparql/results/csvresults.py -> build/lib/rdflib/plugins/sparql/results
copying rdflib/plugins/sparql/results/graph.py -> build/lib/rdflib/plugins/sparql/results
copying rdflib/plugins/sparql/results/__init__.py -> build/lib/rdflib/plugins/sparql/results
copying rdflib/plugins/sparql/results/rdfresults.py -> build/lib/rdflib/plugins/sparql/results
copying rdflib/plugins/sparql/results/tsvresults.py -> build/lib/rdflib/plugins/sparql/results
copying rdflib/plugins/sparql/results/jsonresults.py -> build/lib/rdflib/plugins/sparql/results
copying rdflib/plugins/sparql/results/txtresults.py -> build/lib/rdflib/plugins/sparql/results
creating build/lib/rdflib/plugins/shared/jsonld
copying rdflib/plugins/shared/jsonld/util.py -> build/lib/rdflib/plugins/shared/jsonld
copying rdflib/plugins/shared/jsonld/__init__.py -> build/lib/rdflib/plugins/shared/jsonld
copying rdflib/plugins/shared/jsonld/keys.py -> build/lib/rdflib/plugins/shared/jsonld
copying rdflib/plugins/shared/jsonld/context.py -> build/lib/rdflib/plugins/shared/jsonld
copying rdflib/plugins/shared/jsonld/errors.py -> build/lib/rdflib/plugins/shared/jsonld
copying rdflib/py.typed -> build/lib/rdflib
creating build/bdist.linux-x86_64
creating build/bdist.linux-x86_64/egg
creating build/bdist.linux-x86_64/egg/rdflib
copying build/lib/rdflib/store.py -> build/bdist.linux-x86_64/egg/rdflib
creating build/bdist.linux-x86_64/egg/rdflib/tools
copying build/lib/rdflib/tools/rdfpipe.py -> build/bdist.linux-x86_64/egg/rdflib/tools
copying build/lib/rdflib/tools/rdf2dot.py -> build/bdist.linux-x86_64/egg/rdflib/tools
copying build/lib/rdflib/tools/__init__.py -> build/bdist.linux-x86_64/egg/rdflib/tools
copying build/lib/rdflib/tools/graphisomorphism.py -> build/bdist.linux-x86_64/egg/rdflib/tools
copying build/lib/rdflib/tools/csv2rdf.py -> build/bdist.linux-x86_64/egg/rdflib/tools
copying build/lib/rdflib/tools/rdfs2dot.py -> build/bdist.linux-x86_64/egg/rdflib/tools
copying build/lib/rdflib/compat.py -> build/bdist.linux-x86_64/egg/rdflib
copying build/lib/rdflib/query.py -> build/bdist.linux-x86_64/egg/rdflib
copying build/lib/rdflib/paths.py -> build/bdist.linux-x86_64/egg/rdflib
creating build/bdist.linux-x86_64/egg/rdflib/plugins
creating build/bdist.linux-x86_64/egg/rdflib/plugins/parsers
copying build/lib/rdflib/plugins/parsers/ntriples.py -> build/bdist.linux-x86_64/egg/rdflib/plugins/parsers
copying build/lib/rdflib/plugins/parsers/trig.py -> build/bdist.linux-x86_64/egg/rdflib/plugins/parsers
copying build/lib/rdflib/plugins/parsers/jsonld.py -> build/bdist.linux-x86_64/egg/rdflib/plugins/parsers
copying build/lib/rdflib/plugins/parsers/notation3.py -> build/bdist.linux-x86_64/egg/rdflib/plugins/parsers
copying build/lib/rdflib/plugins/parsers/__init__.py -> build/bdist.linux-x86_64/egg/rdflib/plugins/parsers
copying build/lib/rdflib/plugins/parsers/RDFVOC.py -> build/bdist.linux-x86_64/egg/rdflib/plugins/parsers
copying build/lib/rdflib/plugins/parsers/nquads.py -> build/bdist.linux-x86_64/egg/rdflib/plugins/parsers
copying build/lib/rdflib/plugins/parsers/trix.py -> build/bdist.linux-x86_64/egg/rdflib/plugins/parsers
copying build/lib/rdflib/plugins/parsers/rdfxml.py -> build/bdist.linux-x86_64/egg/rdflib/plugins/parsers
creating build/bdist.linux-x86_64/egg/rdflib/plugins/sparql
copying build/lib/rdflib/plugins/sparql/update.py -> build/bdist.linux-x86_64/egg/rdflib/plugins/sparql
copying build/lib/rdflib/plugins/sparql/sparql.py -> build/bdist.linux-x86_64/egg/rdflib/plugins/sparql
copying build/lib/rdflib/plugins/sparql/algebra.py -> build/bdist.linux-x86_64/egg/rdflib/plugins/sparql
copying build/lib/rdflib/plugins/sparql/__init__.py -> build/bdist.linux-x86_64/egg/rdflib/plugins/sparql
copying build/lib/rdflib/plugins/sparql/processor.py -> build/bdist.linux-x86_64/egg/rdflib/plugins/sparql
copying build/lib/rdflib/plugins/sparql/parserutils.py -> build/bdist.linux-x86_64/egg/rdflib/plugins/sparql
copying build/lib/rdflib/plugins/sparql/parser.py -> build/bdist.linux-x86_64/egg/rdflib/plugins/sparql
creating build/bdist.linux-x86_64/egg/rdflib/plugins/sparql/results
copying build/lib/rdflib/plugins/sparql/results/xmlresults.py -> build/bdist.linux-x86_64/egg/rdflib/plugins/sparql/results
copying build/lib/rdflib/plugins/sparql/results/csvresults.py -> build/bdist.linux-x86_64/egg/rdflib/plugins/sparql/results
copying build/lib/rdflib/plugins/sparql/results/graph.py -> build/bdist.linux-x86_64/egg/rdflib/plugins/sparql/results
copying build/lib/rdflib/plugins/sparql/results/__init__.py -> build/bdist.linux-x86_64/egg/rdflib/plugins/sparql/results
copying build/lib/rdflib/plugins/sparql/results/rdfresults.py -> build/bdist.linux-x86_64/egg/rdflib/plugins/sparql/results
copying build/lib/rdflib/plugins/sparql/results/tsvresults.py -> build/bdist.linux-x86_64/egg/rdflib/plugins/sparql/results
copying build/lib/rdflib/plugins/sparql/results/jsonresults.py -> build/bdist.linux-x86_64/egg/rdflib/plugins/sparql/results
copying build/lib/rdflib/plugins/sparql/results/txtresults.py -> build/bdist.linux-x86_64/egg/rdflib/plugins/sparql/results
copying build/lib/rdflib/plugins/sparql/datatypes.py -> build/bdist.linux-x86_64/egg/rdflib/plugins/sparql
copying build/lib/rdflib/plugins/sparql/aggregates.py -> build/bdist.linux-x86_64/egg/rdflib/plugins/sparql
copying build/lib/rdflib/plugins/sparql/evalutils.py -> build/bdist.linux-x86_64/egg/rdflib/plugins/sparql
copying build/lib/rdflib/plugins/sparql/evaluate.py -> build/bdist.linux-x86_64/egg/rdflib/plugins/sparql
copying build/lib/rdflib/plugins/sparql/operators.py -> build/bdist.linux-x86_64/egg/rdflib/plugins/sparql
copying build/lib/rdflib/plugins/__init__.py -> build/bdist.linux-x86_64/egg/rdflib/plugins
creating build/bdist.linux-x86_64/egg/rdflib/plugins/stores
copying build/lib/rdflib/plugins/stores/concurrent.py -> build/bdist.linux-x86_64/egg/rdflib/plugins/stores
copying build/lib/rdflib/plugins/stores/memory.py -> build/bdist.linux-x86_64/egg/rdflib/plugins/stores
copying build/lib/rdflib/plugins/stores/sparqlconnector.py -> build/bdist.linux-x86_64/egg/rdflib/plugins/stores
copying build/lib/rdflib/plugins/stores/__init__.py -> build/bdist.linux-x86_64/egg/rdflib/plugins/stores
copying build/lib/rdflib/plugins/stores/regexmatching.py -> build/bdist.linux-x86_64/egg/rdflib/plugins/stores
copying build/lib/rdflib/plugins/stores/auditable.py -> build/bdist.linux-x86_64/egg/rdflib/plugins/stores
copying build/lib/rdflib/plugins/stores/berkeleydb.py -> build/bdist.linux-x86_64/egg/rdflib/plugins/stores
copying build/lib/rdflib/plugins/stores/sparqlstore.py -> build/bdist.linux-x86_64/egg/rdflib/plugins/stores
creating build/bdist.linux-x86_64/egg/rdflib/plugins/shared
copying build/lib/rdflib/plugins/shared/__init__.py -> build/bdist.linux-x86_64/egg/rdflib/plugins/shared
creating build/bdist.linux-x86_64/egg/rdflib/plugins/shared/jsonld
copying build/lib/rdflib/plugins/shared/jsonld/util.py -> build/bdist.linux-x86_64/egg/rdflib/plugins/shared/jsonld
copying build/lib/rdflib/plugins/shared/jsonld/__init__.py -> build/bdist.linux-x86_64/egg/rdflib/plugins/shared/jsonld
copying build/lib/rdflib/plugins/shared/jsonld/keys.py -> build/bdist.linux-x86_64/egg/rdflib/plugins/shared/jsonld
copying build/lib/rdflib/plugins/shared/jsonld/context.py -> build/bdist.linux-x86_64/egg/rdflib/plugins/shared/jsonld
copying build/lib/rdflib/plugins/shared/jsonld/errors.py -> build/bdist.linux-x86_64/egg/rdflib/plugins/shared/jsonld
creating build/bdist.linux-x86_64/egg/rdflib/plugins/serializers
copying build/lib/rdflib/plugins/serializers/n3.py -> build/bdist.linux-x86_64/egg/rdflib/plugins/serializers
copying build/lib/rdflib/plugins/serializers/trig.py -> build/bdist.linux-x86_64/egg/rdflib/plugins/serializers
copying build/lib/rdflib/plugins/serializers/jsonld.py -> build/bdist.linux-x86_64/egg/rdflib/plugins/serializers
copying build/lib/rdflib/plugins/serializers/__init__.py -> build/bdist.linux-x86_64/egg/rdflib/plugins/serializers
copying build/lib/rdflib/plugins/serializers/turtle.py -> build/bdist.linux-x86_64/egg/rdflib/plugins/serializers
copying build/lib/rdflib/plugins/serializers/nt.py -> build/bdist.linux-x86_64/egg/rdflib/plugins/serializers
copying build/lib/rdflib/plugins/serializers/nquads.py -> build/bdist.linux-x86_64/egg/rdflib/plugins/serializers
copying build/lib/rdflib/plugins/serializers/trix.py -> build/bdist.linux-x86_64/egg/rdflib/plugins/serializers
copying build/lib/rdflib/plugins/serializers/rdfxml.py -> build/bdist.linux-x86_64/egg/rdflib/plugins/serializers
copying build/lib/rdflib/plugins/serializers/xmlwriter.py -> build/bdist.linux-x86_64/egg/rdflib/plugins/serializers
copying build/lib/rdflib/util.py -> build/bdist.linux-x86_64/egg/rdflib
copying build/lib/rdflib/term.py -> build/bdist.linux-x86_64/egg/rdflib
copying build/lib/rdflib/events.py -> build/bdist.linux-x86_64/egg/rdflib
copying build/lib/rdflib/void.py -> build/bdist.linux-x86_64/egg/rdflib
copying build/lib/rdflib/graph.py -> build/bdist.linux-x86_64/egg/rdflib
copying build/lib/rdflib/resource.py -> build/bdist.linux-x86_64/egg/rdflib
copying build/lib/rdflib/__init__.py -> build/bdist.linux-x86_64/egg/rdflib
creating build/bdist.linux-x86_64/egg/rdflib/namespace
copying build/lib/rdflib/namespace/_SKOS.py -> build/bdist.linux-x86_64/egg/rdflib/namespace
copying build/lib/rdflib/namespace/_SOSA.py -> build/bdist.linux-x86_64/egg/rdflib/namespace
copying build/lib/rdflib/namespace/_VANN.py -> build/bdist.linux-x86_64/egg/rdflib/namespace
copying build/lib/rdflib/namespace/_SH.py -> build/bdist.linux-x86_64/egg/rdflib/namespace
copying build/lib/rdflib/namespace/_FOAF.py -> build/bdist.linux-x86_64/egg/rdflib/namespace
copying build/lib/rdflib/namespace/_CSVW.py -> build/bdist.linux-x86_64/egg/rdflib/namespace
copying build/lib/rdflib/namespace/_DCAM.py -> build/bdist.linux-x86_64/egg/rdflib/namespace
copying build/lib/rdflib/namespace/_DC.py -> build/bdist.linux-x86_64/egg/rdflib/namespace
copying build/lib/rdflib/namespace/_RDFS.py -> build/bdist.linux-x86_64/egg/rdflib/namespace
copying build/lib/rdflib/namespace/_PROV.py -> build/bdist.linux-x86_64/egg/rdflib/namespace
copying build/lib/rdflib/namespace/__init__.py -> build/bdist.linux-x86_64/egg/rdflib/namespace
copying build/lib/rdflib/namespace/_QB.py -> build/bdist.linux-x86_64/egg/rdflib/namespace
copying build/lib/rdflib/namespace/_RDF.py -> build/bdist.linux-x86_64/egg/rdflib/namespace
copying build/lib/rdflib/namespace/_DOAP.py -> build/bdist.linux-x86_64/egg/rdflib/namespace
copying build/lib/rdflib/namespace/_DCAT.py -> build/bdist.linux-x86_64/egg/rdflib/namespace
copying build/lib/rdflib/namespace/_OWL.py -> build/bdist.linux-x86_64/egg/rdflib/namespace
copying build/lib/rdflib/namespace/_BRICK.py -> build/bdist.linux-x86_64/egg/rdflib/namespace
copying build/lib/rdflib/namespace/_VOID.py -> build/bdist.linux-x86_64/egg/rdflib/namespace
copying build/lib/rdflib/namespace/_ODRL2.py -> build/bdist.linux-x86_64/egg/rdflib/namespace
copying build/lib/rdflib/namespace/_DCMITYPE.py -> build/bdist.linux-x86_64/egg/rdflib/namespace
copying build/lib/rdflib/namespace/_SSN.py -> build/bdist.linux-x86_64/egg/rdflib/namespace
copying build/lib/rdflib/namespace/_DCTERMS.py -> build/bdist.linux-x86_64/egg/rdflib/namespace
copying build/lib/rdflib/namespace/_ORG.py -> build/bdist.linux-x86_64/egg/rdflib/namespace
copying build/lib/rdflib/namespace/_TIME.py -> build/bdist.linux-x86_64/egg/rdflib/namespace
copying build/lib/rdflib/namespace/_SDO.py -> build/bdist.linux-x86_64/egg/rdflib/namespace
copying build/lib/rdflib/namespace/_XSD.py -> build/bdist.linux-x86_64/egg/rdflib/namespace
copying build/lib/rdflib/namespace/_PROF.py -> build/bdist.linux-x86_64/egg/rdflib/namespace
copying build/lib/rdflib/container.py -> build/bdist.linux-x86_64/egg/rdflib
copying build/lib/rdflib/parser.py -> build/bdist.linux-x86_64/egg/rdflib
copying build/lib/rdflib/collection.py -> build/bdist.linux-x86_64/egg/rdflib
copying build/lib/rdflib/plugin.py -> build/bdist.linux-x86_64/egg/rdflib
copying build/lib/rdflib/py.typed -> build/bdist.linux-x86_64/egg/rdflib
copying build/lib/rdflib/serializer.py -> build/bdist.linux-x86_64/egg/rdflib
copying build/lib/rdflib/exceptions.py -> build/bdist.linux-x86_64/egg/rdflib
copying build/lib/rdflib/compare.py -> build/bdist.linux-x86_64/egg/rdflib
creating build/bdist.linux-x86_64/egg/rdflib/extras
copying build/lib/rdflib/extras/infixowl.py -> build/bdist.linux-x86_64/egg/rdflib/extras
copying build/lib/rdflib/extras/__init__.py -> build/bdist.linux-x86_64/egg/rdflib/extras
copying build/lib/rdflib/extras/describer.py -> build/bdist.linux-x86_64/egg/rdflib/extras
copying build/lib/rdflib/extras/external_graph_libs.py -> build/bdist.linux-x86_64/egg/rdflib/extras
copying build/lib/rdflib/extras/cmdlineutils.py -> build/bdist.linux-x86_64/egg/rdflib/extras
byte-compiling build/bdist.linux-x86_64/egg/rdflib/store.py to store.cpython-39.pyc
byte-compiling build/bdist.linux-x86_64/egg/rdflib/tools/rdfpipe.py to rdfpipe.cpython-39.pyc
byte-compiling build/bdist.linux-x86_64/egg/rdflib/tools/rdf2dot.py to rdf2dot.cpython-39.pyc
byte-compiling build/bdist.linux-x86_64/egg/rdflib/tools/__init__.py to __init__.cpython-39.pyc
byte-compiling build/bdist.linux-x86_64/egg/rdflib/tools/graphisomorphism.py to graphisomorphism.cpython-39.pyc
byte-compiling build/bdist.linux-x86_64/egg/rdflib/tools/csv2rdf.py to csv2rdf.cpython-39.pyc
byte-compiling build/bdist.linux-x86_64/egg/rdflib/tools/rdfs2dot.py to rdfs2dot.cpython-39.pyc
byte-compiling build/bdist.linux-x86_64/egg/rdflib/compat.py to compat.cpython-39.pyc
byte-compiling build/bdist.linux-x86_64/egg/rdflib/query.py to query.cpython-39.pyc
byte-compiling build/bdist.linux-x86_64/egg/rdflib/paths.py to paths.cpython-39.pyc
byte-compiling build/bdist.linux-x86_64/egg/rdflib/plugins/parsers/ntriples.py to ntriples.cpython-39.pyc
byte-compiling build/bdist.linux-x86_64/egg/rdflib/plugins/parsers/trig.py to trig.cpython-39.pyc
byte-compiling build/bdist.linux-x86_64/egg/rdflib/plugins/parsers/jsonld.py to jsonld.cpython-39.pyc
byte-compiling build/bdist.linux-x86_64/egg/rdflib/plugins/parsers/notation3.py to notation3.cpython-39.pyc
byte-compiling build/bdist.linux-x86_64/egg/rdflib/plugins/parsers/__init__.py to __init__.cpython-39.pyc
byte-compiling build/bdist.linux-x86_64/egg/rdflib/plugins/parsers/RDFVOC.py to RDFVOC.cpython-39.pyc
byte-compiling build/bdist.linux-x86_64/egg/rdflib/plugins/parsers/nquads.py to nquads.cpython-39.pyc
byte-compiling build/bdist.linux-x86_64/egg/rdflib/plugins/parsers/trix.py to trix.cpython-39.pyc
byte-compiling build/bdist.linux-x86_64/egg/rdflib/plugins/parsers/rdfxml.py to rdfxml.cpython-39.pyc
byte-compiling build/bdist.linux-x86_64/egg/rdflib/plugins/sparql/update.py to update.cpython-39.pyc
byte-compiling build/bdist.linux-x86_64/egg/rdflib/plugins/sparql/sparql.py to sparql.cpython-39.pyc
byte-compiling build/bdist.linux-x86_64/egg/rdflib/plugins/sparql/algebra.py to algebra.cpython-39.pyc
byte-compiling build/bdist.linux-x86_64/egg/rdflib/plugins/sparql/__init__.py to __init__.cpython-39.pyc
byte-compiling build/bdist.linux-x86_64/egg/rdflib/plugins/sparql/processor.py to processor.cpython-39.pyc
byte-compiling build/bdist.linux-x86_64/egg/rdflib/plugins/sparql/parserutils.py to parserutils.cpython-39.pyc
byte-compiling build/bdist.linux-x86_64/egg/rdflib/plugins/sparql/parser.py to parser.cpython-39.pyc
byte-compiling build/bdist.linux-x86_64/egg/rdflib/plugins/sparql/results/xmlresults.py to xmlresults.cpython-39.pyc
byte-compiling build/bdist.linux-x86_64/egg/rdflib/plugins/sparql/results/csvresults.py to csvresults.cpython-39.pyc
byte-compiling build/bdist.linux-x86_64/egg/rdflib/plugins/sparql/results/graph.py to graph.cpython-39.pyc
byte-compiling build/bdist.linux-x86_64/egg/rdflib/plugins/sparql/results/__init__.py to __init__.cpython-39.pyc
byte-compiling build/bdist.linux-x86_64/egg/rdflib/plugins/sparql/results/rdfresults.py to rdfresults.cpython-39.pyc
byte-compiling build/bdist.linux-x86_64/egg/rdflib/plugins/sparql/results/tsvresults.py to tsvresults.cpython-39.pyc
byte-compiling build/bdist.linux-x86_64/egg/rdflib/plugins/sparql/results/jsonresults.py to jsonresults.cpython-39.pyc
byte-compiling build/bdist.linux-x86_64/egg/rdflib/plugins/sparql/results/txtresults.py to txtresults.cpython-39.pyc
byte-compiling build/bdist.linux-x86_64/egg/rdflib/plugins/sparql/datatypes.py to datatypes.cpython-39.pyc
byte-compiling build/bdist.linux-x86_64/egg/rdflib/plugins/sparql/aggregates.py to aggregates.cpython-39.pyc
byte-compiling build/bdist.linux-x86_64/egg/rdflib/plugins/sparql/evalutils.py to evalutils.cpython-39.pyc
byte-compiling build/bdist.linux-x86_64/egg/rdflib/plugins/sparql/evaluate.py to evaluate.cpython-39.pyc
byte-compiling build/bdist.linux-x86_64/egg/rdflib/plugins/sparql/operators.py to operators.cpython-39.pyc
byte-compiling build/bdist.linux-x86_64/egg/rdflib/plugins/__init__.py to __init__.cpython-39.pyc
byte-compiling build/bdist.linux-x86_64/egg/rdflib/plugins/stores/concurrent.py to concurrent.cpython-39.pyc
byte-compiling build/bdist.linux-x86_64/egg/rdflib/plugins/stores/memory.py to memory.cpython-39.pyc
byte-compiling build/bdist.linux-x86_64/egg/rdflib/plugins/stores/sparqlconnector.py to sparqlconnector.cpython-39.pyc
byte-compiling build/bdist.linux-x86_64/egg/rdflib/plugins/stores/__init__.py to __init__.cpython-39.pyc
byte-compiling build/bdist.linux-x86_64/egg/rdflib/plugins/stores/regexmatching.py to regexmatching.cpython-39.pyc
byte-compiling build/bdist.linux-x86_64/egg/rdflib/plugins/stores/auditable.py to auditable.cpython-39.pyc
byte-compiling build/bdist.linux-x86_64/egg/rdflib/plugins/stores/berkeleydb.py to berkeleydb.cpython-39.pyc
byte-compiling build/bdist.linux-x86_64/egg/rdflib/plugins/stores/sparqlstore.py to sparqlstore.cpython-39.pyc
byte-compiling build/bdist.linux-x86_64/egg/rdflib/plugins/shared/__init__.py to __init__.cpython-39.pyc
byte-compiling build/bdist.linux-x86_64/egg/rdflib/plugins/shared/jsonld/util.py to util.cpython-39.pyc
byte-compiling build/bdist.linux-x86_64/egg/rdflib/plugins/shared/jsonld/__init__.py to __init__.cpython-39.pyc
byte-compiling build/bdist.linux-x86_64/egg/rdflib/plugins/shared/jsonld/keys.py to keys.cpython-39.pyc
byte-compiling build/bdist.linux-x86_64/egg/rdflib/plugins/shared/jsonld/context.py to context.cpython-39.pyc
byte-compiling build/bdist.linux-x86_64/egg/rdflib/plugins/shared/jsonld/errors.py to errors.cpython-39.pyc
byte-compiling build/bdist.linux-x86_64/egg/rdflib/plugins/serializers/n3.py to n3.cpython-39.pyc
byte-compiling build/bdist.linux-x86_64/egg/rdflib/plugins/serializers/trig.py to trig.cpython-39.pyc
byte-compiling build/bdist.linux-x86_64/egg/rdflib/plugins/serializers/jsonld.py to jsonld.cpython-39.pyc
byte-compiling build/bdist.linux-x86_64/egg/rdflib/plugins/serializers/__init__.py to __init__.cpython-39.pyc
byte-compiling build/bdist.linux-x86_64/egg/rdflib/plugins/serializers/turtle.py to turtle.cpython-39.pyc
byte-compiling build/bdist.linux-x86_64/egg/rdflib/plugins/serializers/nt.py to nt.cpython-39.pyc
byte-compiling build/bdist.linux-x86_64/egg/rdflib/plugins/serializers/nquads.py to nquads.cpython-39.pyc
byte-compiling build/bdist.linux-x86_64/egg/rdflib/plugins/serializers/trix.py to trix.cpython-39.pyc
byte-compiling build/bdist.linux-x86_64/egg/rdflib/plugins/serializers/rdfxml.py to rdfxml.cpython-39.pyc
byte-compiling build/bdist.linux-x86_64/egg/rdflib/plugins/serializers/xmlwriter.py to xmlwriter.cpython-39.pyc
byte-compiling build/bdist.linux-x86_64/egg/rdflib/util.py to util.cpython-39.pyc
byte-compiling build/bdist.linux-x86_64/egg/rdflib/term.py to term.cpython-39.pyc
byte-compiling build/bdist.linux-x86_64/egg/rdflib/events.py to events.cpython-39.pyc
byte-compiling build/bdist.linux-x86_64/egg/rdflib/void.py to void.cpython-39.pyc
byte-compiling build/bdist.linux-x86_64/egg/rdflib/graph.py to graph.cpython-39.pyc
byte-compiling build/bdist.linux-x86_64/egg/rdflib/resource.py to resource.cpython-39.pyc
byte-compiling build/bdist.linux-x86_64/egg/rdflib/__init__.py to __init__.cpython-39.pyc
byte-compiling build/bdist.linux-x86_64/egg/rdflib/namespace/_SKOS.py to _SKOS.cpython-39.pyc
byte-compiling build/bdist.linux-x86_64/egg/rdflib/namespace/_SOSA.py to _SOSA.cpython-39.pyc
byte-compiling build/bdist.linux-x86_64/egg/rdflib/namespace/_VANN.py to _VANN.cpython-39.pyc
byte-compiling build/bdist.linux-x86_64/egg/rdflib/namespace/_SH.py to _SH.cpython-39.pyc
byte-compiling build/bdist.linux-x86_64/egg/rdflib/namespace/_FOAF.py to _FOAF.cpython-39.pyc
byte-compiling build/bdist.linux-x86_64/egg/rdflib/namespace/_CSVW.py to _CSVW.cpython-39.pyc
byte-compiling build/bdist.linux-x86_64/egg/rdflib/namespace/_DCAM.py to _DCAM.cpython-39.pyc
byte-compiling build/bdist.linux-x86_64/egg/rdflib/namespace/_DC.py to _DC.cpython-39.pyc
byte-compiling build/bdist.linux-x86_64/egg/rdflib/namespace/_RDFS.py to _RDFS.cpython-39.pyc
byte-compiling build/bdist.linux-x86_64/egg/rdflib/namespace/_PROV.py to _PROV.cpython-39.pyc
byte-compiling build/bdist.linux-x86_64/egg/rdflib/namespace/__init__.py to __init__.cpython-39.pyc
byte-compiling build/bdist.linux-x86_64/egg/rdflib/namespace/_QB.py to _QB.cpython-39.pyc
byte-compiling build/bdist.linux-x86_64/egg/rdflib/namespace/_RDF.py to _RDF.cpython-39.pyc
byte-compiling build/bdist.linux-x86_64/egg/rdflib/namespace/_DOAP.py to _DOAP.cpython-39.pyc
byte-compiling build/bdist.linux-x86_64/egg/rdflib/namespace/_DCAT.py to _DCAT.cpython-39.pyc
byte-compiling build/bdist.linux-x86_64/egg/rdflib/namespace/_OWL.py to _OWL.cpython-39.pyc
byte-compiling build/bdist.linux-x86_64/egg/rdflib/namespace/_BRICK.py to _BRICK.cpython-39.pyc
byte-compiling build/bdist.linux-x86_64/egg/rdflib/namespace/_VOID.py to _VOID.cpython-39.pyc
byte-compiling build/bdist.linux-x86_64/egg/rdflib/namespace/_ODRL2.py to _ODRL2.cpython-39.pyc
byte-compiling build/bdist.linux-x86_64/egg/rdflib/namespace/_DCMITYPE.py to _DCMITYPE.cpython-39.pyc
byte-compiling build/bdist.linux-x86_64/egg/rdflib/namespace/_SSN.py to _SSN.cpython-39.pyc
byte-compiling build/bdist.linux-x86_64/egg/rdflib/namespace/_DCTERMS.py to _DCTERMS.cpython-39.pyc
byte-compiling build/bdist.linux-x86_64/egg/rdflib/namespace/_ORG.py to _ORG.cpython-39.pyc
byte-compiling build/bdist.linux-x86_64/egg/rdflib/namespace/_TIME.py to _TIME.cpython-39.pyc
byte-compiling build/bdist.linux-x86_64/egg/rdflib/namespace/_SDO.py to _SDO.cpython-39.pyc
byte-compiling build/bdist.linux-x86_64/egg/rdflib/namespace/_XSD.py to _XSD.cpython-39.pyc
byte-compiling build/bdist.linux-x86_64/egg/rdflib/namespace/_PROF.py to _PROF.cpython-39.pyc
byte-compiling build/bdist.linux-x86_64/egg/rdflib/container.py to container.cpython-39.pyc
byte-compiling build/bdist.linux-x86_64/egg/rdflib/parser.py to parser.cpython-39.pyc
byte-compiling build/bdist.linux-x86_64/egg/rdflib/collection.py to collection.cpython-39.pyc
byte-compiling build/bdist.linux-x86_64/egg/rdflib/plugin.py to plugin.cpython-39.pyc
byte-compiling build/bdist.linux-x86_64/egg/rdflib/serializer.py to serializer.cpython-39.pyc
byte-compiling build/bdist.linux-x86_64/egg/rdflib/exceptions.py to exceptions.cpython-39.pyc
byte-compiling build/bdist.linux-x86_64/egg/rdflib/compare.py to compare.cpython-39.pyc
byte-compiling build/bdist.linux-x86_64/egg/rdflib/extras/infixowl.py to infixowl.cpython-39.pyc
byte-compiling build/bdist.linux-x86_64/egg/rdflib/extras/__init__.py to __init__.cpython-39.pyc
byte-compiling build/bdist.linux-x86_64/egg/rdflib/extras/describer.py to describer.cpython-39.pyc
byte-compiling build/bdist.linux-x86_64/egg/rdflib/extras/external_graph_libs.py to external_graph_libs.cpython-39.pyc
byte-compiling build/bdist.linux-x86_64/egg/rdflib/extras/cmdlineutils.py to cmdlineutils.cpython-39.pyc
creating build/bdist.linux-x86_64/egg/EGG-INFO
copying rdflib.egg-info/PKG-INFO -> build/bdist.linux-x86_64/egg/EGG-INFO
copying rdflib.egg-info/SOURCES.txt -> build/bdist.linux-x86_64/egg/EGG-INFO
copying rdflib.egg-info/dependency_links.txt -> build/bdist.linux-x86_64/egg/EGG-INFO
copying rdflib.egg-info/entry_points.txt -> build/bdist.linux-x86_64/egg/EGG-INFO
copying rdflib.egg-info/requires.txt -> build/bdist.linux-x86_64/egg/EGG-INFO
copying rdflib.egg-info/top_level.txt -> build/bdist.linux-x86_64/egg/EGG-INFO
zip_safe flag not set; analyzing archive contents...
rdflib.__pycache__.__init__.cpython-39: module references __file__
creating dist
creating 'dist/rdflib-6.0.2-py3.9.egg' and adding 'build/bdist.linux-x86_64/egg' to it
removing 'build/bdist.linux-x86_64/egg' (and everything under it)
Processing rdflib-6.0.2-py3.9.egg
removing '/src/packages/.artifacts/lib/python/rdflib-6.0.2-py3.9.egg' (and everything under it)
creating /src/packages/.artifacts/lib/python/rdflib-6.0.2-py3.9.egg
Extracting rdflib-6.0.2-py3.9.egg to /src/packages/.artifacts/lib/python
rdflib 6.0.2 is already the active version in easy-install.pth
Installing csv2rdf script to /src/packages/.artifacts/bin
Installing rdf2dot script to /src/packages/.artifacts/bin
Installing rdfgraphisomorphism script to /src/packages/.artifacts/bin
Installing rdfpipe script to /src/packages/.artifacts/bin
Installing rdfs2dot script to /src/packages/.artifacts/bin

Installed /src/packages/.artifacts/lib/python/rdflib-6.0.2-py3.9.egg
Processing dependencies for rdflib==6.0.2
Searching for setuptools==57.1.0
Best match: setuptools 57.1.0
Processing setuptools-57.1.0-py3.9.egg
setuptools 57.1.0 is already the active version in easy-install.pth

Using /src/packages/.artifacts/lib/python/setuptools-57.1.0-py3.9.egg
Searching for pyparsing==2.4.7
Best match: pyparsing 2.4.7
Processing pyparsing-2.4.7-py3.9.egg
pyparsing 2.4.7 is already the active version in easy-install.pth

Using /src/packages/.artifacts/lib/python/pyparsing-2.4.7-py3.9.egg
Searching for isodate==0.6.1
Best match: isodate 0.6.1
Processing isodate-0.6.1-py3.9.egg
isodate 0.6.1 is already the active version in easy-install.pth

Using /src/packages/.artifacts/lib/python/isodate-0.6.1-py3.9.egg
Searching for six==1.16.0
Best match: six 1.16.0
Processing six-1.16.0-py3.9.egg
six 1.16.0 is already the active version in easy-install.pth

Using /src/packages/.artifacts/lib/python/six-1.16.0-py3.9.egg
Finished processing dependencies for rdflib==6.0.2
running install
running install_lib
creating install
creating install/lib
creating install/lib/python3.9
creating install/lib/python3.9/site-packages
creating install/lib/python3.9/site-packages/rdflib
copying build/lib/rdflib/store.py -> install/lib/python3.9/site-packages/rdflib
creating install/lib/python3.9/site-packages/rdflib/tools
copying build/lib/rdflib/tools/rdfpipe.py -> install/lib/python3.9/site-packages/rdflib/tools
copying build/lib/rdflib/tools/rdf2dot.py -> install/lib/python3.9/site-packages/rdflib/tools
copying build/lib/rdflib/tools/__init__.py -> install/lib/python3.9/site-packages/rdflib/tools
copying build/lib/rdflib/tools/graphisomorphism.py -> install/lib/python3.9/site-packages/rdflib/tools
copying build/lib/rdflib/tools/csv2rdf.py -> install/lib/python3.9/site-packages/rdflib/tools
copying build/lib/rdflib/tools/rdfs2dot.py -> install/lib/python3.9/site-packages/rdflib/tools
copying build/lib/rdflib/compat.py -> install/lib/python3.9/site-packages/rdflib
copying build/lib/rdflib/query.py -> install/lib/python3.9/site-packages/rdflib
copying build/lib/rdflib/paths.py -> install/lib/python3.9/site-packages/rdflib
creating install/lib/python3.9/site-packages/rdflib/plugins
creating install/lib/python3.9/site-packages/rdflib/plugins/parsers
copying build/lib/rdflib/plugins/parsers/ntriples.py -> install/lib/python3.9/site-packages/rdflib/plugins/parsers
copying build/lib/rdflib/plugins/parsers/trig.py -> install/lib/python3.9/site-packages/rdflib/plugins/parsers
copying build/lib/rdflib/plugins/parsers/jsonld.py -> install/lib/python3.9/site-packages/rdflib/plugins/parsers
copying build/lib/rdflib/plugins/parsers/notation3.py -> install/lib/python3.9/site-packages/rdflib/plugins/parsers
copying build/lib/rdflib/plugins/parsers/__init__.py -> install/lib/python3.9/site-packages/rdflib/plugins/parsers
copying build/lib/rdflib/plugins/parsers/RDFVOC.py -> install/lib/python3.9/site-packages/rdflib/plugins/parsers
copying build/lib/rdflib/plugins/parsers/nquads.py -> install/lib/python3.9/site-packages/rdflib/plugins/parsers
copying build/lib/rdflib/plugins/parsers/trix.py -> install/lib/python3.9/site-packages/rdflib/plugins/parsers
copying build/lib/rdflib/plugins/parsers/rdfxml.py -> install/lib/python3.9/site-packages/rdflib/plugins/parsers
creating install/lib/python3.9/site-packages/rdflib/plugins/sparql
copying build/lib/rdflib/plugins/sparql/update.py -> install/lib/python3.9/site-packages/rdflib/plugins/sparql
copying build/lib/rdflib/plugins/sparql/sparql.py -> install/lib/python3.9/site-packages/rdflib/plugins/sparql
copying build/lib/rdflib/plugins/sparql/algebra.py -> install/lib/python3.9/site-packages/rdflib/plugins/sparql
copying build/lib/rdflib/plugins/sparql/__init__.py -> install/lib/python3.9/site-packages/rdflib/plugins/sparql
copying build/lib/rdflib/plugins/sparql/processor.py -> install/lib/python3.9/site-packages/rdflib/plugins/sparql
copying build/lib/rdflib/plugins/sparql/parserutils.py -> install/lib/python3.9/site-packages/rdflib/plugins/sparql
copying build/lib/rdflib/plugins/sparql/parser.py -> install/lib/python3.9/site-packages/rdflib/plugins/sparql
creating install/lib/python3.9/site-packages/rdflib/plugins/sparql/results
copying build/lib/rdflib/plugins/sparql/results/xmlresults.py -> install/lib/python3.9/site-packages/rdflib/plugins/sparql/results
copying build/lib/rdflib/plugins/sparql/results/csvresults.py -> install/lib/python3.9/site-packages/rdflib/plugins/sparql/results
copying build/lib/rdflib/plugins/sparql/results/graph.py -> install/lib/python3.9/site-packages/rdflib/plugins/sparql/results
copying build/lib/rdflib/plugins/sparql/results/__init__.py -> install/lib/python3.9/site-packages/rdflib/plugins/sparql/results
copying build/lib/rdflib/plugins/sparql/results/rdfresults.py -> install/lib/python3.9/site-packages/rdflib/plugins/sparql/results
copying build/lib/rdflib/plugins/sparql/results/tsvresults.py -> install/lib/python3.9/site-packages/rdflib/plugins/sparql/results
copying build/lib/rdflib/plugins/sparql/results/jsonresults.py -> install/lib/python3.9/site-packages/rdflib/plugins/sparql/results
copying build/lib/rdflib/plugins/sparql/results/txtresults.py -> install/lib/python3.9/site-packages/rdflib/plugins/sparql/results
copying build/lib/rdflib/plugins/sparql/datatypes.py -> install/lib/python3.9/site-packages/rdflib/plugins/sparql
copying build/lib/rdflib/plugins/sparql/aggregates.py -> install/lib/python3.9/site-packages/rdflib/plugins/sparql
copying build/lib/rdflib/plugins/sparql/evalutils.py -> install/lib/python3.9/site-packages/rdflib/plugins/sparql
copying build/lib/rdflib/plugins/sparql/evaluate.py -> install/lib/python3.9/site-packages/rdflib/plugins/sparql
copying build/lib/rdflib/plugins/sparql/operators.py -> install/lib/python3.9/site-packages/rdflib/plugins/sparql
copying build/lib/rdflib/plugins/__init__.py -> install/lib/python3.9/site-packages/rdflib/plugins
creating install/lib/python3.9/site-packages/rdflib/plugins/stores
copying build/lib/rdflib/plugins/stores/concurrent.py -> install/lib/python3.9/site-packages/rdflib/plugins/stores
copying build/lib/rdflib/plugins/stores/memory.py -> install/lib/python3.9/site-packages/rdflib/plugins/stores
copying build/lib/rdflib/plugins/stores/sparqlconnector.py -> install/lib/python3.9/site-packages/rdflib/plugins/stores
copying build/lib/rdflib/plugins/stores/__init__.py -> install/lib/python3.9/site-packages/rdflib/plugins/stores
copying build/lib/rdflib/plugins/stores/regexmatching.py -> install/lib/python3.9/site-packages/rdflib/plugins/stores
copying build/lib/rdflib/plugins/stores/auditable.py -> install/lib/python3.9/site-packages/rdflib/plugins/stores
copying build/lib/rdflib/plugins/stores/berkeleydb.py -> install/lib/python3.9/site-packages/rdflib/plugins/stores
copying build/lib/rdflib/plugins/stores/sparqlstore.py -> install/lib/python3.9/site-packages/rdflib/plugins/stores
creating install/lib/python3.9/site-packages/rdflib/plugins/shared
copying build/lib/rdflib/plugins/shared/__init__.py -> install/lib/python3.9/site-packages/rdflib/plugins/shared
creating install/lib/python3.9/site-packages/rdflib/plugins/shared/jsonld
copying build/lib/rdflib/plugins/shared/jsonld/util.py -> install/lib/python3.9/site-packages/rdflib/plugins/shared/jsonld
copying build/lib/rdflib/plugins/shared/jsonld/__init__.py -> install/lib/python3.9/site-packages/rdflib/plugins/shared/jsonld
copying build/lib/rdflib/plugins/shared/jsonld/keys.py -> install/lib/python3.9/site-packages/rdflib/plugins/shared/jsonld
copying build/lib/rdflib/plugins/shared/jsonld/context.py -> install/lib/python3.9/site-packages/rdflib/plugins/shared/jsonld
copying build/lib/rdflib/plugins/shared/jsonld/errors.py -> install/lib/python3.9/site-packages/rdflib/plugins/shared/jsonld
creating install/lib/python3.9/site-packages/rdflib/plugins/serializers
copying build/lib/rdflib/plugins/serializers/n3.py -> install/lib/python3.9/site-packages/rdflib/plugins/serializers
copying build/lib/rdflib/plugins/serializers/trig.py -> install/lib/python3.9/site-packages/rdflib/plugins/serializers
copying build/lib/rdflib/plugins/serializers/jsonld.py -> install/lib/python3.9/site-packages/rdflib/plugins/serializers
copying build/lib/rdflib/plugins/serializers/__init__.py -> install/lib/python3.9/site-packages/rdflib/plugins/serializers
copying build/lib/rdflib/plugins/serializers/turtle.py -> install/lib/python3.9/site-packages/rdflib/plugins/serializers
copying build/lib/rdflib/plugins/serializers/nt.py -> install/lib/python3.9/site-packages/rdflib/plugins/serializers
copying build/lib/rdflib/plugins/serializers/nquads.py -> install/lib/python3.9/site-packages/rdflib/plugins/serializers
copying build/lib/rdflib/plugins/serializers/trix.py -> install/lib/python3.9/site-packages/rdflib/plugins/serializers
copying build/lib/rdflib/plugins/serializers/rdfxml.py -> install/lib/python3.9/site-packages/rdflib/plugins/serializers
copying build/lib/rdflib/plugins/serializers/xmlwriter.py -> install/lib/python3.9/site-packages/rdflib/plugins/serializers
copying build/lib/rdflib/util.py -> install/lib/python3.9/site-packages/rdflib
copying build/lib/rdflib/term.py -> install/lib/python3.9/site-packages/rdflib
copying build/lib/rdflib/events.py -> install/lib/python3.9/site-packages/rdflib
copying build/lib/rdflib/void.py -> install/lib/python3.9/site-packages/rdflib
copying build/lib/rdflib/graph.py -> install/lib/python3.9/site-packages/rdflib
copying build/lib/rdflib/resource.py -> install/lib/python3.9/site-packages/rdflib
copying build/lib/rdflib/__init__.py -> install/lib/python3.9/site-packages/rdflib
creating install/lib/python3.9/site-packages/rdflib/namespace
copying build/lib/rdflib/namespace/_SKOS.py -> install/lib/python3.9/site-packages/rdflib/namespace
copying build/lib/rdflib/namespace/_SOSA.py -> install/lib/python3.9/site-packages/rdflib/namespace
copying build/lib/rdflib/namespace/_VANN.py -> install/lib/python3.9/site-packages/rdflib/namespace
copying build/lib/rdflib/namespace/_SH.py -> install/lib/python3.9/site-packages/rdflib/namespace
copying build/lib/rdflib/namespace/_FOAF.py -> install/lib/python3.9/site-packages/rdflib/namespace
copying build/lib/rdflib/namespace/_CSVW.py -> install/lib/python3.9/site-packages/rdflib/namespace
copying build/lib/rdflib/namespace/_DCAM.py -> install/lib/python3.9/site-packages/rdflib/namespace
copying build/lib/rdflib/namespace/_DC.py -> install/lib/python3.9/site-packages/rdflib/namespace
copying build/lib/rdflib/namespace/_RDFS.py -> install/lib/python3.9/site-packages/rdflib/namespace
copying build/lib/rdflib/namespace/_PROV.py -> install/lib/python3.9/site-packages/rdflib/namespace
copying build/lib/rdflib/namespace/__init__.py -> install/lib/python3.9/site-packages/rdflib/namespace
copying build/lib/rdflib/namespace/_QB.py -> install/lib/python3.9/site-packages/rdflib/namespace
copying build/lib/rdflib/namespace/_RDF.py -> install/lib/python3.9/site-packages/rdflib/namespace
copying build/lib/rdflib/namespace/_DOAP.py -> install/lib/python3.9/site-packages/rdflib/namespace
copying build/lib/rdflib/namespace/_DCAT.py -> install/lib/python3.9/site-packages/rdflib/namespace
copying build/lib/rdflib/namespace/_OWL.py -> install/lib/python3.9/site-packages/rdflib/namespace
copying build/lib/rdflib/namespace/_BRICK.py -> install/lib/python3.9/site-packages/rdflib/namespace
copying build/lib/rdflib/namespace/_VOID.py -> install/lib/python3.9/site-packages/rdflib/namespace
copying build/lib/rdflib/namespace/_ODRL2.py -> install/lib/python3.9/site-packages/rdflib/namespace
copying build/lib/rdflib/namespace/_DCMITYPE.py -> install/lib/python3.9/site-packages/rdflib/namespace
copying build/lib/rdflib/namespace/_SSN.py -> install/lib/python3.9/site-packages/rdflib/namespace
copying build/lib/rdflib/namespace/_DCTERMS.py -> install/lib/python3.9/site-packages/rdflib/namespace
copying build/lib/rdflib/namespace/_ORG.py -> install/lib/python3.9/site-packages/rdflib/namespace
copying build/lib/rdflib/namespace/_TIME.py -> install/lib/python3.9/site-packages/rdflib/namespace
copying build/lib/rdflib/namespace/_SDO.py -> install/lib/python3.9/site-packages/rdflib/namespace
copying build/lib/rdflib/namespace/_XSD.py -> install/lib/python3.9/site-packages/rdflib/namespace
copying build/lib/rdflib/namespace/_PROF.py -> install/lib/python3.9/site-packages/rdflib/namespace
copying build/lib/rdflib/container.py -> install/lib/python3.9/site-packages/rdflib
copying build/lib/rdflib/parser.py -> install/lib/python3.9/site-packages/rdflib
copying build/lib/rdflib/collection.py -> install/lib/python3.9/site-packages/rdflib
copying build/lib/rdflib/plugin.py -> install/lib/python3.9/site-packages/rdflib
copying build/lib/rdflib/py.typed -> install/lib/python3.9/site-packages/rdflib
copying build/lib/rdflib/serializer.py -> install/lib/python3.9/site-packages/rdflib
copying build/lib/rdflib/exceptions.py -> install/lib/python3.9/site-packages/rdflib
copying build/lib/rdflib/compare.py -> install/lib/python3.9/site-packages/rdflib
creating install/lib/python3.9/site-packages/rdflib/extras
copying build/lib/rdflib/extras/infixowl.py -> install/lib/python3.9/site-packages/rdflib/extras
copying build/lib/rdflib/extras/__init__.py -> install/lib/python3.9/site-packages/rdflib/extras
copying build/lib/rdflib/extras/describer.py -> install/lib/python3.9/site-packages/rdflib/extras
copying build/lib/rdflib/extras/external_graph_libs.py -> install/lib/python3.9/site-packages/rdflib/extras
copying build/lib/rdflib/extras/cmdlineutils.py -> install/lib/python3.9/site-packages/rdflib/extras
byte-compiling install/lib/python3.9/site-packages/rdflib/store.py to store.cpython-39.pyc
byte-compiling install/lib/python3.9/site-packages/rdflib/tools/rdfpipe.py to rdfpipe.cpython-39.pyc
byte-compiling install/lib/python3.9/site-packages/rdflib/tools/rdf2dot.py to rdf2dot.cpython-39.pyc
byte-compiling install/lib/python3.9/site-packages/rdflib/tools/__init__.py to __init__.cpython-39.pyc
byte-compiling install/lib/python3.9/site-packages/rdflib/tools/graphisomorphism.py to graphisomorphism.cpython-39.pyc
byte-compiling install/lib/python3.9/site-packages/rdflib/tools/csv2rdf.py to csv2rdf.cpython-39.pyc
byte-compiling install/lib/python3.9/site-packages/rdflib/tools/rdfs2dot.py to rdfs2dot.cpython-39.pyc
byte-compiling install/lib/python3.9/site-packages/rdflib/compat.py to compat.cpython-39.pyc
byte-compiling install/lib/python3.9/site-packages/rdflib/query.py to query.cpython-39.pyc
byte-compiling install/lib/python3.9/site-packages/rdflib/paths.py to paths.cpython-39.pyc
byte-compiling install/lib/python3.9/site-packages/rdflib/plugins/parsers/ntriples.py to ntriples.cpython-39.pyc
byte-compiling install/lib/python3.9/site-packages/rdflib/plugins/parsers/trig.py to trig.cpython-39.pyc
byte-compiling install/lib/python3.9/site-packages/rdflib/plugins/parsers/jsonld.py to jsonld.cpython-39.pyc
byte-compiling install/lib/python3.9/site-packages/rdflib/plugins/parsers/notation3.py to notation3.cpython-39.pyc
byte-compiling install/lib/python3.9/site-packages/rdflib/plugins/parsers/__init__.py to __init__.cpython-39.pyc
byte-compiling install/lib/python3.9/site-packages/rdflib/plugins/parsers/RDFVOC.py to RDFVOC.cpython-39.pyc
byte-compiling install/lib/python3.9/site-packages/rdflib/plugins/parsers/nquads.py to nquads.cpython-39.pyc
byte-compiling install/lib/python3.9/site-packages/rdflib/plugins/parsers/trix.py to trix.cpython-39.pyc
byte-compiling install/lib/python3.9/site-packages/rdflib/plugins/parsers/rdfxml.py to rdfxml.cpython-39.pyc
byte-compiling install/lib/python3.9/site-packages/rdflib/plugins/sparql/update.py to update.cpython-39.pyc
byte-compiling install/lib/python3.9/site-packages/rdflib/plugins/sparql/sparql.py to sparql.cpython-39.pyc
byte-compiling install/lib/python3.9/site-packages/rdflib/plugins/sparql/algebra.py to algebra.cpython-39.pyc
byte-compiling install/lib/python3.9/site-packages/rdflib/plugins/sparql/__init__.py to __init__.cpython-39.pyc
byte-compiling install/lib/python3.9/site-packages/rdflib/plugins/sparql/processor.py to processor.cpython-39.pyc
byte-compiling install/lib/python3.9/site-packages/rdflib/plugins/sparql/parserutils.py to parserutils.cpython-39.pyc
byte-compiling install/lib/python3.9/site-packages/rdflib/plugins/sparql/parser.py to parser.cpython-39.pyc
byte-compiling install/lib/python3.9/site-packages/rdflib/plugins/sparql/results/xmlresults.py to xmlresults.cpython-39.pyc
byte-compiling install/lib/python3.9/site-packages/rdflib/plugins/sparql/results/csvresults.py to csvresults.cpython-39.pyc
byte-compiling install/lib/python3.9/site-packages/rdflib/plugins/sparql/results/graph.py to graph.cpython-39.pyc
byte-compiling install/lib/python3.9/site-packages/rdflib/plugins/sparql/results/__init__.py to __init__.cpython-39.pyc
byte-compiling install/lib/python3.9/site-packages/rdflib/plugins/sparql/results/rdfresults.py to rdfresults.cpython-39.pyc
byte-compiling install/lib/python3.9/site-packages/rdflib/plugins/sparql/results/tsvresults.py to tsvresults.cpython-39.pyc
byte-compiling install/lib/python3.9/site-packages/rdflib/plugins/sparql/results/jsonresults.py to jsonresults.cpython-39.pyc
byte-compiling install/lib/python3.9/site-packages/rdflib/plugins/sparql/results/txtresults.py to txtresults.cpython-39.pyc
byte-compiling install/lib/python3.9/site-packages/rdflib/plugins/sparql/datatypes.py to datatypes.cpython-39.pyc
byte-compiling install/lib/python3.9/site-packages/rdflib/plugins/sparql/aggregates.py to aggregates.cpython-39.pyc
byte-compiling install/lib/python3.9/site-packages/rdflib/plugins/sparql/evalutils.py to evalutils.cpython-39.pyc
byte-compiling install/lib/python3.9/site-packages/rdflib/plugins/sparql/evaluate.py to evaluate.cpython-39.pyc
byte-compiling install/lib/python3.9/site-packages/rdflib/plugins/sparql/operators.py to operators.cpython-39.pyc
byte-compiling install/lib/python3.9/site-packages/rdflib/plugins/__init__.py to __init__.cpython-39.pyc
byte-compiling install/lib/python3.9/site-packages/rdflib/plugins/stores/concurrent.py to concurrent.cpython-39.pyc
byte-compiling install/lib/python3.9/site-packages/rdflib/plugins/stores/memory.py to memory.cpython-39.pyc
byte-compiling install/lib/python3.9/site-packages/rdflib/plugins/stores/sparqlconnector.py to sparqlconnector.cpython-39.pyc
byte-compiling install/lib/python3.9/site-packages/rdflib/plugins/stores/__init__.py to __init__.cpython-39.pyc
byte-compiling install/lib/python3.9/site-packages/rdflib/plugins/stores/regexmatching.py to regexmatching.cpython-39.pyc
byte-compiling install/lib/python3.9/site-packages/rdflib/plugins/stores/auditable.py to auditable.cpython-39.pyc
byte-compiling install/lib/python3.9/site-packages/rdflib/plugins/stores/berkeleydb.py to berkeleydb.cpython-39.pyc
byte-compiling install/lib/python3.9/site-packages/rdflib/plugins/stores/sparqlstore.py to sparqlstore.cpython-39.pyc
byte-compiling install/lib/python3.9/site-packages/rdflib/plugins/shared/__init__.py to __init__.cpython-39.pyc
byte-compiling install/lib/python3.9/site-packages/rdflib/plugins/shared/jsonld/util.py to util.cpython-39.pyc
byte-compiling install/lib/python3.9/site-packages/rdflib/plugins/shared/jsonld/__init__.py to __init__.cpython-39.pyc
byte-compiling install/lib/python3.9/site-packages/rdflib/plugins/shared/jsonld/keys.py to keys.cpython-39.pyc
byte-compiling install/lib/python3.9/site-packages/rdflib/plugins/shared/jsonld/context.py to context.cpython-39.pyc
byte-compiling install/lib/python3.9/site-packages/rdflib/plugins/shared/jsonld/errors.py to errors.cpython-39.pyc
byte-compiling install/lib/python3.9/site-packages/rdflib/plugins/serializers/n3.py to n3.cpython-39.pyc
byte-compiling install/lib/python3.9/site-packages/rdflib/plugins/serializers/trig.py to trig.cpython-39.pyc
byte-compiling install/lib/python3.9/site-packages/rdflib/plugins/serializers/jsonld.py to jsonld.cpython-39.pyc
byte-compiling install/lib/python3.9/site-packages/rdflib/plugins/serializers/__init__.py to __init__.cpython-39.pyc
byte-compiling install/lib/python3.9/site-packages/rdflib/plugins/serializers/turtle.py to turtle.cpython-39.pyc
byte-compiling install/lib/python3.9/site-packages/rdflib/plugins/serializers/nt.py to nt.cpython-39.pyc
byte-compiling install/lib/python3.9/site-packages/rdflib/plugins/serializers/nquads.py to nquads.cpython-39.pyc
byte-compiling install/lib/python3.9/site-packages/rdflib/plugins/serializers/trix.py to trix.cpython-39.pyc
byte-compiling install/lib/python3.9/site-packages/rdflib/plugins/serializers/rdfxml.py to rdfxml.cpython-39.pyc
byte-compiling install/lib/python3.9/site-packages/rdflib/plugins/serializers/xmlwriter.py to xmlwriter.cpython-39.pyc
byte-compiling install/lib/python3.9/site-packages/rdflib/util.py to util.cpython-39.pyc
byte-compiling install/lib/python3.9/site-packages/rdflib/term.py to term.cpython-39.pyc
byte-compiling install/lib/python3.9/site-packages/rdflib/events.py to events.cpython-39.pyc
byte-compiling install/lib/python3.9/site-packages/rdflib/void.py to void.cpython-39.pyc
byte-compiling install/lib/python3.9/site-packages/rdflib/graph.py to graph.cpython-39.pyc
byte-compiling install/lib/python3.9/site-packages/rdflib/resource.py to resource.cpython-39.pyc
byte-compiling install/lib/python3.9/site-packages/rdflib/__init__.py to __init__.cpython-39.pyc
byte-compiling install/lib/python3.9/site-packages/rdflib/namespace/_SKOS.py to _SKOS.cpython-39.pyc
byte-compiling install/lib/python3.9/site-packages/rdflib/namespace/_SOSA.py to _SOSA.cpython-39.pyc
byte-compiling install/lib/python3.9/site-packages/rdflib/namespace/_VANN.py to _VANN.cpython-39.pyc
byte-compiling install/lib/python3.9/site-packages/rdflib/namespace/_SH.py to _SH.cpython-39.pyc
byte-compiling install/lib/python3.9/site-packages/rdflib/namespace/_FOAF.py to _FOAF.cpython-39.pyc
byte-compiling install/lib/python3.9/site-packages/rdflib/namespace/_CSVW.py to _CSVW.cpython-39.pyc
byte-compiling install/lib/python3.9/site-packages/rdflib/namespace/_DCAM.py to _DCAM.cpython-39.pyc
byte-compiling install/lib/python3.9/site-packages/rdflib/namespace/_DC.py to _DC.cpython-39.pyc
byte-compiling install/lib/python3.9/site-packages/rdflib/namespace/_RDFS.py to _RDFS.cpython-39.pyc
byte-compiling install/lib/python3.9/site-packages/rdflib/namespace/_PROV.py to _PROV.cpython-39.pyc
byte-compiling install/lib/python3.9/site-packages/rdflib/namespace/__init__.py to __init__.cpython-39.pyc
byte-compiling install/lib/python3.9/site-packages/rdflib/namespace/_QB.py to _QB.cpython-39.pyc
byte-compiling install/lib/python3.9/site-packages/rdflib/namespace/_RDF.py to _RDF.cpython-39.pyc
byte-compiling install/lib/python3.9/site-packages/rdflib/namespace/_DOAP.py to _DOAP.cpython-39.pyc
byte-compiling install/lib/python3.9/site-packages/rdflib/namespace/_DCAT.py to _DCAT.cpython-39.pyc
byte-compiling install/lib/python3.9/site-packages/rdflib/namespace/_OWL.py to _OWL.cpython-39.pyc
byte-compiling install/lib/python3.9/site-packages/rdflib/namespace/_BRICK.py to _BRICK.cpython-39.pyc
byte-compiling install/lib/python3.9/site-packages/rdflib/namespace/_VOID.py to _VOID.cpython-39.pyc
byte-compiling install/lib/python3.9/site-packages/rdflib/namespace/_ODRL2.py to _ODRL2.cpython-39.pyc
byte-compiling install/lib/python3.9/site-packages/rdflib/namespace/_DCMITYPE.py to _DCMITYPE.cpython-39.pyc
byte-compiling install/lib/python3.9/site-packages/rdflib/namespace/_SSN.py to _SSN.cpython-39.pyc
byte-compiling install/lib/python3.9/site-packages/rdflib/namespace/_DCTERMS.py to _DCTERMS.cpython-39.pyc
byte-compiling install/lib/python3.9/site-packages/rdflib/namespace/_ORG.py to _ORG.cpython-39.pyc
byte-compiling install/lib/python3.9/site-packages/rdflib/namespace/_TIME.py to _TIME.cpython-39.pyc
byte-compiling install/lib/python3.9/site-packages/rdflib/namespace/_SDO.py to _SDO.cpython-39.pyc
byte-compiling install/lib/python3.9/site-packages/rdflib/namespace/_XSD.py to _XSD.cpython-39.pyc
byte-compiling install/lib/python3.9/site-packages/rdflib/namespace/_PROF.py to _PROF.cpython-39.pyc
byte-compiling install/lib/python3.9/site-packages/rdflib/container.py to container.cpython-39.pyc
byte-compiling install/lib/python3.9/site-packages/rdflib/parser.py to parser.cpython-39.pyc
byte-compiling install/lib/python3.9/site-packages/rdflib/collection.py to collection.cpython-39.pyc
byte-compiling install/lib/python3.9/site-packages/rdflib/plugin.py to plugin.cpython-39.pyc
byte-compiling install/lib/python3.9/site-packages/rdflib/serializer.py to serializer.cpython-39.pyc
byte-compiling install/lib/python3.9/site-packages/rdflib/exceptions.py to exceptions.cpython-39.pyc
byte-compiling install/lib/python3.9/site-packages/rdflib/compare.py to compare.cpython-39.pyc
byte-compiling install/lib/python3.9/site-packages/rdflib/extras/infixowl.py to infixowl.cpython-39.pyc
byte-compiling install/lib/python3.9/site-packages/rdflib/extras/__init__.py to __init__.cpython-39.pyc
byte-compiling install/lib/python3.9/site-packages/rdflib/extras/describer.py to describer.cpython-39.pyc
byte-compiling install/lib/python3.9/site-packages/rdflib/extras/external_graph_libs.py to external_graph_libs.cpython-39.pyc
byte-compiling install/lib/python3.9/site-packages/rdflib/extras/cmdlineutils.py to cmdlineutils.cpython-39.pyc
running install_egg_info
running egg_info
writing rdflib.egg-info/PKG-INFO
writing dependency_links to rdflib.egg-info/dependency_links.txt
writing entry points to rdflib.egg-info/entry_points.txt
writing requirements to rdflib.egg-info/requires.txt
writing top-level names to rdflib.egg-info/top_level.txt
reading manifest file 'rdflib.egg-info/SOURCES.txt'
reading manifest template 'MANIFEST.in'
warning: no files found matching 'ez_setup.py'
no previously-included directories found matching 'docs/_build'
warning: no previously-included files matching '*.pyc' found anywhere in distribution
warning: no previously-included files matching '*$py.class' found anywhere in distribution
adding license file 'LICENSE'
writing manifest file 'rdflib.egg-info/SOURCES.txt'
Copying rdflib.egg-info to install/lib/python3.9/site-packages/rdflib-6.0.2-py3.9.egg-info
running install_scripts
Installing csv2rdf script to install/bin
Installing rdf2dot script to install/bin
Installing rdfgraphisomorphism script to install/bin
Installing rdfpipe script to install/bin
Installing rdfs2dot script to install/bin
Remember to build the main file with  -s FORCE_FILESYSTEM=1  so that it includes support for loading this file package
converting to ArrayBuffer
compressing package of size 1818585
compressed package into 887406
compressed in 104 ms
[2021-12-19 01:53:17] Building package rdflib...
[2021-12-19 01:55:33] done building package rdflib in 135.9 s.
