running install
running bdist_egg
running egg_info
writing regex.egg-info/PKG-INFO
writing dependency_links to regex.egg-info/dependency_links.txt
writing top-level names to regex.egg-info/top_level.txt
reading manifest file 'regex.egg-info/SOURCES.txt'
reading manifest template 'MANIFEST.in'
adding license file 'LICENSE.txt'
writing manifest file 'regex.egg-info/SOURCES.txt'
installing library code to build/bdist.linux-x86_64/egg
running install_lib
running build_py
creating build
creating build/lib.linux-x86_64-3.9
creating build/lib.linux-x86_64-3.9/regex
copying regex_3/__init__.py -> build/lib.linux-x86_64-3.9/regex
copying regex_3/regex.py -> build/lib.linux-x86_64-3.9/regex
copying regex_3/_regex_core.py -> build/lib.linux-x86_64-3.9/regex
copying regex_3/test_regex.py -> build/lib.linux-x86_64-3.9/regex
running build_ext
building 'regex._regex' extension
creating build/temp.linux-x86_64-3.9
creating build/temp.linux-x86_64-3.9/regex_3
cc -Wno-unused-result -Wsign-compare -DNDEBUG -g -fwrapv -O3 -Wall -fPIC -I/usr/local/include/python3.9 -c regex_3/_regex.c -o build/temp.linux-x86_64-3.9/regex_3/_regex.o
cc -Wno-unused-result -Wsign-compare -DNDEBUG -g -fwrapv -O3 -Wall -fPIC -I/usr/local/include/python3.9 -c regex_3/_regex_unicode.c -o build/temp.linux-x86_64-3.9/regex_3/_regex_unicode.o
gcc -pthread -shared -Wl,--strip-all build/temp.linux-x86_64-3.9/regex_3/_regex.o build/temp.linux-x86_64-3.9/regex_3/_regex_unicode.o -L/usr/local/lib -o build/lib.linux-x86_64-3.9/regex/_regex.cpython-39-x86_64-linux-gnu.so
creating build/bdist.linux-x86_64
creating build/bdist.linux-x86_64/egg
creating build/bdist.linux-x86_64/egg/regex
copying build/lib.linux-x86_64-3.9/regex/test_regex.py -> build/bdist.linux-x86_64/egg/regex
copying build/lib.linux-x86_64-3.9/regex/__init__.py -> build/bdist.linux-x86_64/egg/regex
copying build/lib.linux-x86_64-3.9/regex/_regex.cpython-39-x86_64-linux-gnu.so -> build/bdist.linux-x86_64/egg/regex
copying build/lib.linux-x86_64-3.9/regex/regex.py -> build/bdist.linux-x86_64/egg/regex
copying build/lib.linux-x86_64-3.9/regex/_regex_core.py -> build/bdist.linux-x86_64/egg/regex
byte-compiling build/bdist.linux-x86_64/egg/regex/test_regex.py to test_regex.cpython-39.pyc
byte-compiling build/bdist.linux-x86_64/egg/regex/__init__.py to __init__.cpython-39.pyc
byte-compiling build/bdist.linux-x86_64/egg/regex/regex.py to regex.cpython-39.pyc
byte-compiling build/bdist.linux-x86_64/egg/regex/_regex_core.py to _regex_core.cpython-39.pyc
creating stub loader for regex/_regex.cpython-39-x86_64-linux-gnu.so
byte-compiling build/bdist.linux-x86_64/egg/regex/_regex.py to _regex.cpython-39.pyc
creating build/bdist.linux-x86_64/egg/EGG-INFO
copying regex.egg-info/PKG-INFO -> build/bdist.linux-x86_64/egg/EGG-INFO
copying regex.egg-info/SOURCES.txt -> build/bdist.linux-x86_64/egg/EGG-INFO
copying regex.egg-info/dependency_links.txt -> build/bdist.linux-x86_64/egg/EGG-INFO
copying regex.egg-info/top_level.txt -> build/bdist.linux-x86_64/egg/EGG-INFO
writing build/bdist.linux-x86_64/egg/EGG-INFO/native_libs.txt
zip_safe flag not set; analyzing archive contents...
regex.__pycache__._regex.cpython-39: module references __file__
creating dist
creating 'dist/regex-2021.7.6-py3.9-linux-x86_64.egg' and adding 'build/bdist.linux-x86_64/egg' to it
removing 'build/bdist.linux-x86_64/egg' (and everything under it)
Processing regex-2021.7.6-py3.9-linux-x86_64.egg
creating /src/packages/.artifacts/lib/python/regex-2021.7.6-py3.9-linux-x86_64.egg
Extracting regex-2021.7.6-py3.9-linux-x86_64.egg to /src/packages/.artifacts/lib/python
Adding regex 2021.7.6 to easy-install.pth file

Installed /src/packages/.artifacts/lib/python/regex-2021.7.6-py3.9-linux-x86_64.egg
Processing dependencies for regex==2021.7.6
Finished processing dependencies for regex==2021.7.6
regex_3/_regex.c:24931:23: warning: unused function 'contains_repeat' [-Wunused-function]
Py_LOCAL_INLINE(BOOL) contains_repeat(RE_CODE* code, RE_CODE* end_code) {
                      ^
1 warning generated.
running install
running install_lib
creating install
creating install/lib
creating install/lib/python3.9
creating install/lib/python3.9/site-packages
creating install/lib/python3.9/site-packages/regex
copying build/lib.linux-x86_64-3.9/regex/_regex.so -> install/lib/python3.9/site-packages/regex
copying build/lib.linux-x86_64-3.9/regex/test_regex.py -> install/lib/python3.9/site-packages/regex
copying build/lib.linux-x86_64-3.9/regex/__init__.py -> install/lib/python3.9/site-packages/regex
copying build/lib.linux-x86_64-3.9/regex/regex.py -> install/lib/python3.9/site-packages/regex
copying build/lib.linux-x86_64-3.9/regex/_regex_core.py -> install/lib/python3.9/site-packages/regex
byte-compiling install/lib/python3.9/site-packages/regex/test_regex.py to test_regex.cpython-39.pyc
byte-compiling install/lib/python3.9/site-packages/regex/__init__.py to __init__.cpython-39.pyc
byte-compiling install/lib/python3.9/site-packages/regex/regex.py to regex.cpython-39.pyc
byte-compiling install/lib/python3.9/site-packages/regex/_regex_core.py to _regex_core.cpython-39.pyc
running install_egg_info
running egg_info
writing regex.egg-info/PKG-INFO
writing dependency_links to regex.egg-info/dependency_links.txt
writing top-level names to regex.egg-info/top_level.txt
reading manifest file 'regex.egg-info/SOURCES.txt'
reading manifest template 'MANIFEST.in'
adding license file 'LICENSE.txt'
writing manifest file 'regex.egg-info/SOURCES.txt'
Copying regex.egg-info to install/lib/python3.9/site-packages/regex-2021.7.6-py3.9.egg-info
running install_scripts
emcc -O2 -g -fPIC -Wno-unused-result -Wsign-compare -DNDEBUG -g -fwrapv -Wall -fPIC -I/src/cpython/installs/python-3.9.5/include/python3.9 -c regex_3/_regex.c -o build/temp.linux-x86_64-3.9/regex_3/_regex.o
emcc -O2 -g -fPIC -Wno-unused-result -Wsign-compare -DNDEBUG -g -fwrapv -Wall -fPIC -I/src/cpython/installs/python-3.9.5/include/python3.9 -c regex_3/_regex_unicode.c -o build/temp.linux-x86_64-3.9/regex_3/_regex_unicode.o
emcc -s BINARYEN_EXTRA_PASSES="--pass-arg=max-func-params@61" -O2 -s MODULARIZE=1 -s EMULATE_FUNCTION_POINTER_CASTS=1 -s LINKABLE=1 -s EXPORT_ALL=1 -s WASM=1 -std=c++14 -s LZ4=1 -L /installs/python-3.9.5/lib/ -s SIDE_MODULE=1 build/temp.linux-x86_64-3.9/regex_3/_regex.o build/temp.linux-x86_64-3.9/regex_3/_regex_unicode.o -o build/lib.linux-x86_64-3.9/regex/_regex.cpython-39-x86_64-linux-gnu.so
Remember to build the main file with  -s FORCE_FILESYSTEM=1  so that it includes support for loading this file package
converting to ArrayBuffer
compressing package of size 1101950
compressed package into 483359
compressed in 184 ms
[2021-12-18 03:54:14] Building package regex...
[2021-12-18 03:58:38] done building package regex in 264.7 s.
