running install
running bdist_egg
running egg_info
writing retrying.egg-info/PKG-INFO
writing dependency_links to retrying.egg-info/dependency_links.txt
writing requirements to retrying.egg-info/requires.txt
writing top-level names to retrying.egg-info/top_level.txt
reading manifest file 'retrying.egg-info/SOURCES.txt'
reading manifest template 'MANIFEST.in'
adding license file 'LICENSE'
adding license file 'NOTICE'
adding license file 'AUTHORS.rst'
writing manifest file 'retrying.egg-info/SOURCES.txt'
installing library code to build/bdist.linux-x86_64/egg
running install_lib
running build_py
creating build
creating build/lib
copying retrying.py -> build/lib
creating build/bdist.linux-x86_64
creating build/bdist.linux-x86_64/egg
copying build/lib/retrying.py -> build/bdist.linux-x86_64/egg
byte-compiling build/bdist.linux-x86_64/egg/retrying.py to retrying.cpython-39.pyc
creating build/bdist.linux-x86_64/egg/EGG-INFO
copying retrying.egg-info/PKG-INFO -> build/bdist.linux-x86_64/egg/EGG-INFO
copying retrying.egg-info/SOURCES.txt -> build/bdist.linux-x86_64/egg/EGG-INFO
copying retrying.egg-info/dependency_links.txt -> build/bdist.linux-x86_64/egg/EGG-INFO
copying retrying.egg-info/requires.txt -> build/bdist.linux-x86_64/egg/EGG-INFO
copying retrying.egg-info/top_level.txt -> build/bdist.linux-x86_64/egg/EGG-INFO
zip_safe flag not set; analyzing archive contents...
creating dist
creating 'dist/retrying-1.3.3-py3.9.egg' and adding 'build/bdist.linux-x86_64/egg' to it
removing 'build/bdist.linux-x86_64/egg' (and everything under it)
Processing retrying-1.3.3-py3.9.egg
Copying retrying-1.3.3-py3.9.egg to /src/packages/.artifacts/lib/python
Adding retrying 1.3.3 to easy-install.pth file

Installed /src/packages/.artifacts/lib/python/retrying-1.3.3-py3.9.egg
Processing dependencies for retrying==1.3.3
Searching for six==1.16.0
Best match: six 1.16.0
Processing six-1.16.0-py3.9.egg
six 1.16.0 is already the active version in easy-install.pth

Using /src/packages/.artifacts/lib/python/six-1.16.0-py3.9.egg
Finished processing dependencies for retrying==1.3.3
running install
running install_lib
creating install
creating install/lib
creating install/lib/python3.9
creating install/lib/python3.9/site-packages
copying build/lib/retrying.py -> install/lib/python3.9/site-packages
byte-compiling install/lib/python3.9/site-packages/retrying.py to retrying.cpython-39.pyc
running install_egg_info
running egg_info
writing retrying.egg-info/PKG-INFO
writing dependency_links to retrying.egg-info/dependency_links.txt
writing requirements to retrying.egg-info/requires.txt
writing top-level names to retrying.egg-info/top_level.txt
reading manifest file 'retrying.egg-info/SOURCES.txt'
reading manifest template 'MANIFEST.in'
adding license file 'LICENSE'
adding license file 'NOTICE'
adding license file 'AUTHORS.rst'
writing manifest file 'retrying.egg-info/SOURCES.txt'
Copying retrying.egg-info to install/lib/python3.9/site-packages/retrying-1.3.3-py3.9.egg-info
running install_scripts
Remember to build the main file with  -s FORCE_FILESYSTEM=1  so that it includes support for loading this file package
converting to ArrayBuffer
compressing package of size 17386
compressed package into 13813
compressed in 55 ms
[2021-12-18 06:04:54] Building package retrying...
[2021-12-18 06:06:02] done building package retrying in 67.3 s.
