/usr/local/lib/python3.9/site-packages/setuptools/dist.py:691: UserWarning: Usage of dash-separated 'license-file' will not be supported in future versions. Please use the underscore name 'license_file' instead
  warnings.warn(
running install
running bdist_egg
running egg_info
creating src_py3/typing_extensions.egg-info
writing src_py3/typing_extensions.egg-info/PKG-INFO
writing dependency_links to src_py3/typing_extensions.egg-info/dependency_links.txt
writing requirements to src_py3/typing_extensions.egg-info/requires.txt
writing top-level names to src_py3/typing_extensions.egg-info/top_level.txt
writing manifest file 'src_py3/typing_extensions.egg-info/SOURCES.txt'
reading manifest file 'src_py3/typing_extensions.egg-info/SOURCES.txt'
reading manifest template 'MANIFEST.in'
adding license file 'LICENSE'
writing manifest file 'src_py3/typing_extensions.egg-info/SOURCES.txt'
installing library code to build/bdist.linux-x86_64/egg
running install_lib
running build_py
creating build
creating build/lib
copying src_py3/typing_extensions.py -> build/lib
creating build/bdist.linux-x86_64
creating build/bdist.linux-x86_64/egg
copying build/lib/typing_extensions.py -> build/bdist.linux-x86_64/egg
byte-compiling build/bdist.linux-x86_64/egg/typing_extensions.py to typing_extensions.cpython-39.pyc
creating build/bdist.linux-x86_64/egg/EGG-INFO
copying src_py3/typing_extensions.egg-info/PKG-INFO -> build/bdist.linux-x86_64/egg/EGG-INFO
copying src_py3/typing_extensions.egg-info/SOURCES.txt -> build/bdist.linux-x86_64/egg/EGG-INFO
copying src_py3/typing_extensions.egg-info/dependency_links.txt -> build/bdist.linux-x86_64/egg/EGG-INFO
copying src_py3/typing_extensions.egg-info/requires.txt -> build/bdist.linux-x86_64/egg/EGG-INFO
copying src_py3/typing_extensions.egg-info/top_level.txt -> build/bdist.linux-x86_64/egg/EGG-INFO
zip_safe flag not set; analyzing archive contents...
creating dist
creating 'dist/typing_extensions-3.10.0.0-py3.9.egg' and adding 'build/bdist.linux-x86_64/egg' to it
removing 'build/bdist.linux-x86_64/egg' (and everything under it)
Processing typing_extensions-3.10.0.0-py3.9.egg
Copying typing_extensions-3.10.0.0-py3.9.egg to /src/packages/.artifacts/lib/python
Adding typing-extensions 3.10.0.0 to easy-install.pth file

Installed /src/packages/.artifacts/lib/python/typing_extensions-3.10.0.0-py3.9.egg
Processing dependencies for typing-extensions==3.10.0.0
Finished processing dependencies for typing-extensions==3.10.0.0
/usr/local/lib/python3.9/site-packages/setuptools/dist.py:691: UserWarning: Usage of dash-separated 'license-file' will not be supported in future versions. Please use the underscore name 'license_file' instead
  warnings.warn(
running install
running install_lib
creating install
creating install/lib
creating install/lib/python3.9
creating install/lib/python3.9/site-packages
copying build/lib/typing_extensions.py -> install/lib/python3.9/site-packages
byte-compiling install/lib/python3.9/site-packages/typing_extensions.py to typing_extensions.cpython-39.pyc
running install_egg_info
running egg_info
writing src_py3/typing_extensions.egg-info/PKG-INFO
writing dependency_links to src_py3/typing_extensions.egg-info/dependency_links.txt
writing requirements to src_py3/typing_extensions.egg-info/requires.txt
writing top-level names to src_py3/typing_extensions.egg-info/top_level.txt
reading manifest file 'src_py3/typing_extensions.egg-info/SOURCES.txt'
reading manifest template 'MANIFEST.in'
adding license file 'LICENSE'
writing manifest file 'src_py3/typing_extensions.egg-info/SOURCES.txt'
Copying src_py3/typing_extensions.egg-info to install/lib/python3.9/site-packages/typing_extensions-3.10.0.0-py3.9.egg-info
running install_scripts
Remember to build the main file with  -s FORCE_FILESYSTEM=1  so that it includes support for loading this file package
converting to ArrayBuffer
compressing package of size 110972
compressed package into 63718
compressed in 80 ms
[2021-12-18 03:55:39] Building package typing-extensions...
[2021-12-18 03:56:38] done building package typing-extensions in 59.3 s.
