running install
running bdist_egg
running egg_info
writing webencodings.egg-info/PKG-INFO
writing dependency_links to webencodings.egg-info/dependency_links.txt
writing top-level names to webencodings.egg-info/top_level.txt
reading manifest file 'webencodings.egg-info/SOURCES.txt'
writing manifest file 'webencodings.egg-info/SOURCES.txt'
installing library code to build/bdist.linux-x86_64/egg
running install_lib
running build_py
creating build
creating build/lib
creating build/lib/webencodings
copying webencodings/labels.py -> build/lib/webencodings
copying webencodings/mklabels.py -> build/lib/webencodings
copying webencodings/x_user_defined.py -> build/lib/webencodings
copying webencodings/__init__.py -> build/lib/webencodings
copying webencodings/tests.py -> build/lib/webencodings
creating build/bdist.linux-x86_64
creating build/bdist.linux-x86_64/egg
creating build/bdist.linux-x86_64/egg/webencodings
copying build/lib/webencodings/labels.py -> build/bdist.linux-x86_64/egg/webencodings
copying build/lib/webencodings/mklabels.py -> build/bdist.linux-x86_64/egg/webencodings
copying build/lib/webencodings/x_user_defined.py -> build/bdist.linux-x86_64/egg/webencodings
copying build/lib/webencodings/__init__.py -> build/bdist.linux-x86_64/egg/webencodings
copying build/lib/webencodings/tests.py -> build/bdist.linux-x86_64/egg/webencodings
byte-compiling build/bdist.linux-x86_64/egg/webencodings/labels.py to labels.cpython-39.pyc
byte-compiling build/bdist.linux-x86_64/egg/webencodings/mklabels.py to mklabels.cpython-39.pyc
byte-compiling build/bdist.linux-x86_64/egg/webencodings/x_user_defined.py to x_user_defined.cpython-39.pyc
byte-compiling build/bdist.linux-x86_64/egg/webencodings/__init__.py to __init__.cpython-39.pyc
byte-compiling build/bdist.linux-x86_64/egg/webencodings/tests.py to tests.cpython-39.pyc
creating build/bdist.linux-x86_64/egg/EGG-INFO
copying webencodings.egg-info/PKG-INFO -> build/bdist.linux-x86_64/egg/EGG-INFO
copying webencodings.egg-info/SOURCES.txt -> build/bdist.linux-x86_64/egg/EGG-INFO
copying webencodings.egg-info/dependency_links.txt -> build/bdist.linux-x86_64/egg/EGG-INFO
copying webencodings.egg-info/top_level.txt -> build/bdist.linux-x86_64/egg/EGG-INFO
zip_safe flag not set; analyzing archive contents...
creating dist
creating 'dist/webencodings-0.5.1-py3.9.egg' and adding 'build/bdist.linux-x86_64/egg' to it
removing 'build/bdist.linux-x86_64/egg' (and everything under it)
Processing webencodings-0.5.1-py3.9.egg
Copying webencodings-0.5.1-py3.9.egg to /src/packages/.artifacts/lib/python
Adding webencodings 0.5.1 to easy-install.pth file

Installed /src/packages/.artifacts/lib/python/webencodings-0.5.1-py3.9.egg
Processing dependencies for webencodings==0.5.1
Finished processing dependencies for webencodings==0.5.1
running install
running install_lib
creating install
creating install/lib
creating install/lib/python3.9
creating install/lib/python3.9/site-packages
creating install/lib/python3.9/site-packages/webencodings
copying build/lib/webencodings/labels.py -> install/lib/python3.9/site-packages/webencodings
copying build/lib/webencodings/mklabels.py -> install/lib/python3.9/site-packages/webencodings
copying build/lib/webencodings/x_user_defined.py -> install/lib/python3.9/site-packages/webencodings
copying build/lib/webencodings/__init__.py -> install/lib/python3.9/site-packages/webencodings
copying build/lib/webencodings/tests.py -> install/lib/python3.9/site-packages/webencodings
byte-compiling install/lib/python3.9/site-packages/webencodings/labels.py to labels.cpython-39.pyc
byte-compiling install/lib/python3.9/site-packages/webencodings/mklabels.py to mklabels.cpython-39.pyc
byte-compiling install/lib/python3.9/site-packages/webencodings/x_user_defined.py to x_user_defined.cpython-39.pyc
byte-compiling install/lib/python3.9/site-packages/webencodings/__init__.py to __init__.cpython-39.pyc
byte-compiling install/lib/python3.9/site-packages/webencodings/tests.py to tests.cpython-39.pyc
running install_egg_info
running egg_info
writing webencodings.egg-info/PKG-INFO
writing dependency_links to webencodings.egg-info/dependency_links.txt
writing top-level names to webencodings.egg-info/top_level.txt
reading manifest file 'webencodings.egg-info/SOURCES.txt'
writing manifest file 'webencodings.egg-info/SOURCES.txt'
Copying webencodings.egg-info to install/lib/python3.9/site-packages/webencodings-0.5.1-py3.9.egg-info
running install_scripts
Remember to build the main file with  -s FORCE_FILESYSTEM=1  so that it includes support for loading this file package
converting to ArrayBuffer
compressing package of size 34172
compressed package into 20581
compressed in 156 ms
[2021-08-12 03:19:04] Building package webencodings...
[2021-08-12 03:20:08] done building package webencodings in 63.5 s.
